<?xml version="1.0" encoding="UTF-8"?>
<coverage generated="1764293011381" clover="3.2.0">
  <project timestamp="1764293011381" name="All files">
    <metrics statements="1349" coveredstatements="870" conditionals="1071" coveredconditionals="664" methods="251" coveredmethods="171" elements="2671" coveredelements="1705" complexity="0" loc="1349" ncloc="1349" packages="16" files="48" classes="48"/>
    <package name="api">
      <metrics statements="120" coveredstatements="13" conditionals="54" coveredconditionals="4" methods="14" coveredmethods="0"/>
      <file name="authService.ts" path="C:\Users\extfoyn\source\repos\better-play-ERNI\frontend\src\api\authService.ts">
        <metrics statements="62" coveredstatements="6" conditionals="26" coveredconditionals="2" methods="7" coveredmethods="0"/>
        <line num="4" count="2" type="cond" truecount="2" falsecount="0"/>
        <line num="10" count="2" type="stmt"/>
        <line num="14" count="0" type="stmt"/>
        <line num="15" count="0" type="stmt"/>
        <line num="19" count="0" type="cond" truecount="0" falsecount="2"/>
        <line num="20" count="0" type="stmt"/>
        <line num="23" count="0" type="stmt"/>
        <line num="24" count="0" type="stmt"/>
        <line num="26" count="0" type="stmt"/>
        <line num="27" count="0" type="stmt"/>
        <line num="35" count="2" type="stmt"/>
        <line num="36" count="0" type="stmt"/>
        <line num="40" count="0" type="cond" truecount="0" falsecount="2"/>
        <line num="41" count="0" type="stmt"/>
        <line num="44" count="0" type="stmt"/>
        <line num="52" count="2" type="stmt"/>
        <line num="53" count="0" type="stmt"/>
        <line num="54" count="0" type="cond" truecount="0" falsecount="2"/>
        <line num="55" count="0" type="stmt"/>
        <line num="58" count="0" type="stmt"/>
        <line num="69" count="0" type="cond" truecount="0" falsecount="2"/>
        <line num="71" count="0" type="stmt"/>
        <line num="72" count="0" type="stmt"/>
        <line num="73" count="0" type="stmt"/>
        <line num="81" count="2" type="stmt"/>
        <line num="82" count="0" type="stmt"/>
        <line num="83" count="0" type="stmt"/>
        <line num="84" count="0" type="stmt"/>
        <line num="91" count="0" type="cond" truecount="0" falsecount="2"/>
        <line num="92" count="0" type="stmt"/>
        <line num="93" count="0" type="stmt"/>
        <line num="96" count="0" type="stmt"/>
        <line num="97" count="0" type="stmt"/>
        <line num="98" count="0" type="stmt"/>
        <line num="101" count="0" type="stmt"/>
        <line num="102" count="0" type="stmt"/>
        <line num="110" count="2" type="stmt"/>
        <line num="111" count="0" type="stmt"/>
        <line num="112" count="0" type="stmt"/>
        <line num="115" count="0" type="stmt"/>
        <line num="116" count="0" type="cond" truecount="0" falsecount="2"/>
        <line num="117" count="0" type="stmt"/>
        <line num="118" count="0" type="stmt"/>
        <line num="121" count="0" type="stmt"/>
        <line num="131" count="0" type="cond" truecount="0" falsecount="2"/>
        <line num="132" count="0" type="stmt"/>
        <line num="133" count="0" type="stmt"/>
        <line num="134" count="0" type="cond" truecount="0" falsecount="2"/>
        <line num="137" count="0" type="stmt"/>
        <line num="138" count="0" type="stmt"/>
        <line num="139" count="0" type="stmt"/>
        <line num="142" count="0" type="stmt"/>
        <line num="143" count="0" type="stmt"/>
        <line num="151" count="0" type="stmt"/>
        <line num="152" count="0" type="cond" truecount="0" falsecount="4"/>
        <line num="153" count="0" type="stmt"/>
        <line num="154" count="0" type="stmt"/>
        <line num="155" count="0" type="stmt"/>
        <line num="156" count="0" type="cond" truecount="0" falsecount="2"/>
        <line num="157" count="0" type="stmt"/>
        <line num="158" count="0" type="stmt"/>
        <line num="162" count="0" type="stmt"/>
      </file>
      <file name="challengeService.ts" path="C:\Users\extfoyn\source\repos\better-play-ERNI\frontend\src\api\challengeService.ts">
        <metrics statements="58" coveredstatements="7" conditionals="28" coveredconditionals="2" methods="7" coveredmethods="0"/>
        <line num="10" count="2" type="cond" truecount="2" falsecount="0"/>
        <line num="16" count="0" type="stmt"/>
        <line num="17" count="0" type="stmt"/>
        <line num="18" count="0" type="stmt"/>
        <line num="19" count="0" type="stmt"/>
        <line num="20" count="0" type="cond" truecount="0" falsecount="2"/>
        <line num="22" count="0" type="stmt"/>
        <line num="28" count="2" type="stmt"/>
        <line num="41" count="0" type="stmt"/>
        <line num="49" count="0" type="cond" truecount="0" falsecount="2"/>
        <line num="50" count="0" type="stmt"/>
        <line num="56" count="2" type="stmt"/>
        <line num="62" count="0" type="stmt"/>
        <line num="67" count="0" type="cond" truecount="0" falsecount="2"/>
        <line num="68" count="0" type="stmt"/>
        <line num="74" count="2" type="stmt"/>
        <line num="80" count="0" type="stmt"/>
        <line num="85" count="0" type="cond" truecount="0" falsecount="2"/>
        <line num="86" count="0" type="stmt"/>
        <line num="92" count="2" type="stmt"/>
        <line num="95" count="0" type="stmt"/>
        <line num="97" count="0" type="stmt"/>
        <line num="98" count="0" type="stmt"/>
        <line num="100" count="0" type="stmt"/>
        <line num="110" count="0" type="stmt"/>
        <line num="111" count="0" type="stmt"/>
        <line num="113" count="0" type="cond" truecount="0" falsecount="2"/>
        <line num="114" count="0" type="stmt"/>
        <line num="115" count="0" type="stmt"/>
        <line num="117" count="0" type="cond" truecount="0" falsecount="2"/>
        <line num="118" count="0" type="stmt"/>
        <line num="119" count="0" type="stmt"/>
        <line num="120" count="0" type="cond" truecount="0" falsecount="2"/>
        <line num="122" count="0" type="stmt"/>
        <line num="123" count="0" type="stmt"/>
        <line num="127" count="0" type="stmt"/>
        <line num="131" count="0" type="stmt"/>
        <line num="137" count="2" type="stmt"/>
        <line num="177" count="0" type="stmt"/>
        <line num="179" count="0" type="stmt"/>
        <line num="180" count="0" type="stmt"/>
        <line num="182" count="0" type="stmt"/>
        <line num="195" count="0" type="stmt"/>
        <line num="197" count="0" type="cond" truecount="0" falsecount="2"/>
        <line num="198" count="0" type="stmt"/>
        <line num="199" count="0" type="stmt"/>
        <line num="201" count="0" type="cond" truecount="0" falsecount="2"/>
        <line num="202" count="0" type="stmt"/>
        <line num="203" count="0" type="stmt"/>
        <line num="204" count="0" type="cond" truecount="0" falsecount="2"/>
        <line num="206" count="0" type="stmt"/>
        <line num="207" count="0" type="stmt"/>
        <line num="211" count="0" type="stmt"/>
        <line num="215" count="0" type="stmt"/>
        <line num="218" count="2" type="stmt"/>
        <line num="226" count="0" type="stmt"/>
        <line num="231" count="0" type="cond" truecount="0" falsecount="2"/>
        <line num="232" count="0" type="stmt"/>
      </file>
    </package>
    <package name="assets.sounds">
      <metrics statements="0" coveredstatements="0" conditionals="0" coveredconditionals="0" methods="0" coveredmethods="0"/>
      <file name="backspace.mp3" path="C:\Users\extfoyn\source\repos\better-play-ERNI\frontend\src\assets\sounds\backspace.mp3">
        <metrics statements="0" coveredstatements="0" conditionals="0" coveredconditionals="0" methods="0" coveredmethods="0"/>
      </file>
      <file name="error.mp3" path="C:\Users\extfoyn\source\repos\better-play-ERNI\frontend\src\assets\sounds\error.mp3">
        <metrics statements="0" coveredstatements="0" conditionals="0" coveredconditionals="0" methods="0" coveredmethods="0"/>
      </file>
      <file name="keyboard_press_1.mp3" path="C:\Users\extfoyn\source\repos\better-play-ERNI\frontend\src\assets\sounds\keyboard_press_1.mp3">
        <metrics statements="0" coveredstatements="0" conditionals="0" coveredconditionals="0" methods="0" coveredmethods="0"/>
      </file>
      <file name="keyboard_press_2.mp3" path="C:\Users\extfoyn\source\repos\better-play-ERNI\frontend\src\assets\sounds\keyboard_press_2.mp3">
        <metrics statements="0" coveredstatements="0" conditionals="0" coveredconditionals="0" methods="0" coveredmethods="0"/>
      </file>
      <file name="keyboard_press_3.mp3" path="C:\Users\extfoyn\source\repos\better-play-ERNI\frontend\src\assets\sounds\keyboard_press_3.mp3">
        <metrics statements="0" coveredstatements="0" conditionals="0" coveredconditionals="0" methods="0" coveredmethods="0"/>
      </file>
      <file name="success.mp3" path="C:\Users\extfoyn\source\repos\better-play-ERNI\frontend\src\assets\sounds\success.mp3">
        <metrics statements="0" coveredstatements="0" conditionals="0" coveredconditionals="0" methods="0" coveredmethods="0"/>
      </file>
    </package>
    <package name="components.features">
      <metrics statements="31" coveredstatements="30" conditionals="10" coveredconditionals="7" methods="8" coveredmethods="8"/>
      <file name="whosOnline.tsx" path="C:\Users\extfoyn\source\repos\better-play-ERNI\frontend\src\components\features\whosOnline.tsx">
        <metrics statements="2" coveredstatements="2" conditionals="0" coveredconditionals="0" methods="1" coveredmethods="1"/>
        <line num="4" count="1" type="stmt"/>
        <line num="5" count="1" type="stmt"/>
      </file>
      <file name="whosOnlineCard.tsx" path="C:\Users\extfoyn\source\repos\better-play-ERNI\frontend\src\components\features\whosOnlineCard.tsx">
        <metrics statements="2" coveredstatements="2" conditionals="0" coveredconditionals="0" methods="1" coveredmethods="1"/>
        <line num="3" count="1" type="stmt"/>
        <line num="4" count="1" type="stmt"/>
      </file>
      <file name="whosOnlineList.tsx" path="C:\Users\extfoyn\source\repos\better-play-ERNI\frontend\src\components\features\whosOnlineList.tsx">
        <metrics statements="27" coveredstatements="26" conditionals="10" coveredconditionals="7" methods="6" coveredmethods="6"/>
        <line num="7" count="1" type="stmt"/>
        <line num="8" count="7" type="stmt"/>
        <line num="9" count="7" type="stmt"/>
        <line num="11" count="7" type="stmt"/>
        <line num="12" count="4" type="stmt"/>
        <line num="14" count="4" type="stmt"/>
        <line num="15" count="4" type="stmt"/>
        <line num="16" count="4" type="stmt"/>
        <line num="17" count="2" type="cond" truecount="2" falsecount="2"/>
        <line num="18" count="2" type="stmt"/>
        <line num="20" count="1" type="stmt"/>
        <line num="21" count="1" type="cond" truecount="1" falsecount="1"/>
        <line num="25" count="4" type="stmt"/>
        <line num="26" count="4" type="stmt"/>
        <line num="27" count="4" type="stmt"/>
        <line num="29" count="0" type="stmt"/>
        <line num="33" count="4" type="stmt"/>
        <line num="34" count="4" type="stmt"/>
        <line num="36" count="4" type="stmt"/>
        <line num="37" count="4" type="stmt"/>
        <line num="39" count="4" type="stmt"/>
        <line num="40" count="4" type="stmt"/>
        <line num="41" count="4" type="stmt"/>
        <line num="42" count="4" type="stmt"/>
        <line num="46" count="7" type="cond" truecount="2" falsecount="0"/>
        <line num="48" count="3" type="stmt"/>
        <line num="53" count="2" type="stmt"/>
      </file>
    </package>
    <package name="components.features.activityFeed">
      <metrics statements="44" coveredstatements="41" conditionals="25" coveredconditionals="19" methods="8" coveredmethods="8"/>
      <file name="activityFeed.tsx" path="C:\Users\extfoyn\source\repos\better-play-ERNI\frontend\src\components\features\activityFeed\activityFeed.tsx">
        <metrics statements="19" coveredstatements="18" conditionals="8" coveredconditionals="6" methods="5" coveredmethods="5"/>
        <line num="6" count="1" type="stmt"/>
        <line num="7" count="5" type="stmt"/>
        <line num="8" count="5" type="stmt"/>
        <line num="10" count="5" type="stmt"/>
        <line num="11" count="3" type="stmt"/>
        <line num="12" count="3" type="stmt"/>
        <line num="13" count="3" type="stmt"/>
        <line num="14" count="3" type="stmt"/>
        <line num="15" count="2" type="cond" truecount="1" falsecount="1"/>
        <line num="16" count="2" type="stmt"/>
        <line num="19" count="0" type="stmt"/>
        <line num="21" count="2" type="cond" truecount="1" falsecount="1"/>
        <line num="25" count="3" type="stmt"/>
        <line num="26" count="3" type="stmt"/>
        <line num="28" count="3" type="stmt"/>
        <line num="29" count="3" type="stmt"/>
        <line num="30" count="3" type="stmt"/>
        <line num="35" count="5" type="stmt"/>
        <line num="45" count="2" type="stmt"/>
      </file>
      <file name="activityFeedItem.tsx" path="C:\Users\extfoyn\source\repos\better-play-ERNI\frontend\src\components\features\activityFeed\activityFeedItem.tsx">
        <metrics statements="25" coveredstatements="23" conditionals="17" coveredconditionals="13" methods="3" coveredmethods="3"/>
        <line num="14" count="1" type="stmt"/>
        <line num="53" count="1" type="stmt"/>
        <line num="54" count="4" type="stmt"/>
        <line num="56" count="4" type="stmt"/>
        <line num="81" count="1" type="stmt"/>
        <line num="83" count="4" type="stmt"/>
        <line num="102" count="1" type="stmt"/>
        <line num="103" count="4" type="stmt"/>
        <line num="106" count="4" type="cond" truecount="1" falsecount="1"/>
        <line num="111" count="4" type="stmt"/>
        <line num="113" count="4" type="stmt"/>
        <line num="114" count="4" type="stmt"/>
        <line num="115" count="4" type="stmt"/>
        <line num="119" count="4" type="cond" truecount="5" falsecount="0"/>
        <line num="120" count="1" type="stmt"/>
        <line num="147" count="3" type="cond" truecount="2" falsecount="0"/>
        <line num="148" count="1" type="stmt"/>
        <line num="176" count="2" type="cond" truecount="1" falsecount="1"/>
        <line num="178" count="2" type="cond" truecount="1" falsecount="1"/>
        <line num="180" count="0" type="stmt"/>
        <line num="181" count="2" type="cond" truecount="2" falsecount="0"/>
        <line num="182" count="1" type="stmt"/>
        <line num="184" count="1" type="stmt"/>
        <line num="186" count="2" type="stmt"/>
        <line num="213" count="0" type="stmt"/>
      </file>
    </package>
    <package name="components.features.challenge">
      <metrics statements="183" coveredstatements="163" conditionals="227" coveredconditionals="188" methods="42" coveredmethods="41"/>
      <file name="challengeHeader.tsx" path="C:\Users\extfoyn\source\repos\better-play-ERNI\frontend\src\components\features\challenge\challengeHeader.tsx">
        <metrics statements="2" coveredstatements="2" conditionals="0" coveredconditionals="0" methods="1" coveredmethods="1"/>
        <line num="3" count="1" type="stmt"/>
        <line num="4" count="1" type="stmt"/>
      </file>
      <file name="challengeHistory.tsx" path="C:\Users\extfoyn\source\repos\better-play-ERNI\frontend\src\components\features\challenge\challengeHistory.tsx">
        <metrics statements="3" coveredstatements="3" conditionals="2" coveredconditionals="2" methods="2" coveredmethods="2"/>
        <line num="9" count="1" type="stmt"/>
        <line num="10" count="2" type="stmt"/>
        <line num="13" count="2" type="stmt"/>
      </file>
      <file name="challengeIcon.tsx" path="C:\Users\extfoyn\source\repos\better-play-ERNI\frontend\src\components\features\challenge\challengeIcon.tsx">
        <metrics statements="23" coveredstatements="19" conditionals="18" coveredconditionals="15" methods="4" coveredmethods="4"/>
        <line num="13" count="1" type="stmt"/>
        <line num="17" count="8" type="stmt"/>
        <line num="18" count="8" type="stmt"/>
        <line num="19" count="8" type="stmt"/>
        <line num="21" count="8" type="stmt"/>
        <line num="23" count="8" type="stmt"/>
        <line num="24" count="5" type="stmt"/>
        <line num="26" count="5" type="stmt"/>
        <line num="27" count="5" type="stmt"/>
        <line num="28" count="5" type="stmt"/>
        <line num="29" count="5" type="cond" truecount="1" falsecount="1"/>
        <line num="30" count="5" type="stmt"/>
        <line num="31" count="5" type="stmt"/>
        <line num="34" count="0" type="stmt"/>
        <line num="35" count="0" type="cond" truecount="0" falsecount="2"/>
        <line num="36" count="0" type="stmt"/>
        <line num="37" count="0" type="stmt"/>
        <line num="42" count="5" type="stmt"/>
        <line num="45" count="5" type="stmt"/>
        <line num="47" count="5" type="stmt"/>
        <line num="48" count="5" type="stmt"/>
        <line num="49" count="5" type="stmt"/>
        <line num="53" count="8" type="stmt"/>
      </file>
      <file name="challengeItem.tsx" path="C:\Users\extfoyn\source\repos\better-play-ERNI\frontend\src\components\features\challenge\challengeItem.tsx">
        <metrics statements="44" coveredstatements="37" conditionals="116" coveredconditionals="89" methods="7" coveredmethods="7"/>
        <line num="24" count="1" type="stmt"/>
        <line num="25" count="7" type="stmt"/>
        <line num="26" count="7" type="stmt"/>
        <line num="27" count="7" type="stmt"/>
        <line num="28" count="7" type="stmt"/>
        <line num="29" count="7" type="stmt"/>
        <line num="31" count="7" type="cond" truecount="1" falsecount="1"/>
        <line num="32" count="7" type="cond" truecount="1" falsecount="1"/>
        <line num="33" count="7" type="stmt"/>
        <line num="34" count="7" type="cond" truecount="1" falsecount="1"/>
        <line num="36" count="0" type="cond" truecount="0" falsecount="2"/>
        <line num="39" count="0" type="cond" truecount="0" falsecount="2"/>
        <line num="40" count="0" type="cond" truecount="0" falsecount="2"/>
        <line num="43" count="0" type="stmt"/>
        <line num="50" count="1" type="stmt"/>
        <line num="54" count="6" type="stmt"/>
        <line num="55" count="6" type="stmt"/>
        <line num="57" count="6" type="stmt"/>
        <line num="58" count="6" type="stmt"/>
        <line num="59" count="6" type="stmt"/>
        <line num="62" count="6" type="stmt"/>
        <line num="63" count="6" type="stmt"/>
        <line num="65" count="6" type="stmt"/>
        <line num="66" count="6" type="stmt"/>
        <line num="69" count="6" type="cond" truecount="2" falsecount="0"/>
        <line num="71" count="6" type="cond" truecount="1" falsecount="1"/>
        <line num="74" count="6" type="stmt"/>
        <line num="79" count="6" type="stmt"/>
        <line num="80" count="4" type="cond" truecount="4" falsecount="0"/>
        <line num="82" count="2" type="stmt"/>
        <line num="83" count="2" type="stmt"/>
        <line num="86" count="2" type="stmt"/>
        <line num="87" count="2" type="stmt"/>
        <line num="89" count="2" type="stmt"/>
        <line num="92" count="6" type="stmt"/>
        <line num="93" count="1" type="stmt"/>
        <line num="95" count="1" type="stmt"/>
        <line num="97" count="1" type="cond" truecount="1" falsecount="1"/>
        <line num="98" count="0" type="stmt"/>
        <line num="99" count="0" type="stmt"/>
        <line num="101" count="0" type="stmt"/>
        <line num="105" count="1" type="stmt"/>
        <line num="109" count="6" type="stmt"/>
        <line num="111" count="6" type="stmt"/>
      </file>
      <file name="challengeModal.tsx" path="C:\Users\extfoyn\source\repos\better-play-ERNI\frontend\src\components\features\challenge\challengeModal.tsx">
        <metrics statements="94" coveredstatements="86" conditionals="72" coveredconditionals="63" methods="17" coveredmethods="17"/>
        <line num="40" count="4" type="stmt"/>
        <line num="48" count="31" type="stmt"/>
        <line num="49" count="31" type="stmt"/>
        <line num="50" count="31" type="stmt"/>
        <line num="51" count="31" type="stmt"/>
        <line num="52" count="31" type="stmt"/>
        <line num="53" count="31" type="stmt"/>
        <line num="54" count="31" type="stmt"/>
        <line num="55" count="31" type="stmt"/>
        <line num="58" count="31" type="stmt"/>
        <line num="59" count="7" type="cond" truecount="2" falsecount="0"/>
        <line num="61" count="5" type="stmt"/>
        <line num="62" count="5" type="stmt"/>
        <line num="63" count="5" type="stmt"/>
        <line num="64" count="5" type="stmt"/>
        <line num="66" count="5" type="stmt"/>
        <line num="69" count="5" type="stmt"/>
        <line num="71" count="5" type="stmt"/>
        <line num="74" count="15" type="stmt"/>
        <line num="80" count="5" type="stmt"/>
        <line num="81" count="5" type="stmt"/>
        <line num="84" count="5" type="stmt"/>
        <line num="86" count="5" type="stmt"/>
        <line num="87" count="15" type="stmt"/>
        <line num="88" count="15" type="stmt"/>
        <line num="95" count="15" type="stmt"/>
        <line num="100" count="0" type="stmt"/>
        <line num="101" count="0" type="stmt"/>
        <line num="108" count="5" type="stmt"/>
        <line num="111" count="5" type="stmt"/>
        <line num="112" count="5" type="stmt"/>
        <line num="113" count="5" type="stmt"/>
        <line num="114" count="15" type="cond" truecount="1" falsecount="1"/>
        <line num="115" count="15" type="stmt"/>
        <line num="122" count="5" type="stmt"/>
        <line num="125" count="5" type="stmt"/>
        <line num="126" count="5" type="stmt"/>
        <line num="127" count="5" type="stmt"/>
        <line num="128" count="15" type="cond" truecount="1" falsecount="1"/>
        <line num="129" count="15" type="stmt"/>
        <line num="136" count="5" type="stmt"/>
        <line num="140" count="0" type="stmt"/>
        <line num="141" count="0" type="stmt"/>
        <line num="142" count="0" type="stmt"/>
        <line num="143" count="0" type="stmt"/>
        <line num="145" count="5" type="stmt"/>
        <line num="149" count="5" type="stmt"/>
        <line num="153" count="31" type="stmt"/>
        <line num="154" count="14" type="cond" truecount="2" falsecount="0"/>
        <line num="155" count="13" type="stmt"/>
        <line num="156" count="13" type="stmt"/>
        <line num="159" count="1" type="stmt"/>
        <line num="160" count="1" type="stmt"/>
        <line num="161" count="3" type="cond" truecount="2" falsecount="0"/>
        <line num="165" count="1" type="stmt"/>
        <line num="168" count="31" type="stmt"/>
        <line num="169" count="2" type="cond" truecount="3" falsecount="1"/>
        <line num="171" count="2" type="stmt"/>
        <line num="172" count="2" type="stmt"/>
        <line num="173" count="2" type="stmt"/>
        <line num="175" count="2" type="stmt"/>
        <line num="176" count="2" type="stmt"/>
        <line num="181" count="2" type="stmt"/>
        <line num="183" count="2" type="stmt"/>
        <line num="185" count="1" type="stmt"/>
        <line num="187" count="1" type="stmt"/>
        <line num="188" count="1" type="stmt"/>
        <line num="189" count="1" type="stmt"/>
        <line num="191" count="1" type="stmt"/>
        <line num="193" count="1" type="stmt"/>
        <line num="195" count="1" type="cond" truecount="1" falsecount="1"/>
        <line num="196" count="1" type="stmt"/>
        <line num="198" count="1" type="cond" truecount="1" falsecount="1"/>
        <line num="199" count="0" type="stmt"/>
        <line num="201" count="1" type="stmt"/>
        <line num="204" count="0" type="stmt"/>
        <line num="207" count="2" type="stmt"/>
        <line num="212" count="31" type="stmt"/>
        <line num="213" count="7" type="cond" truecount="2" falsecount="0"/>
        <line num="214" count="2" type="stmt"/>
        <line num="215" count="2" type="stmt"/>
        <line num="216" count="2" type="stmt"/>
        <line num="217" count="2" type="stmt"/>
        <line num="218" count="2" type="stmt"/>
        <line num="219" count="2" type="stmt"/>
        <line num="220" count="2" type="stmt"/>
        <line num="221" count="2" type="stmt"/>
        <line num="225" count="31" type="cond" truecount="2" falsecount="0"/>
        <line num="227" count="27" type="stmt"/>
        <line num="229" count="5" type="stmt"/>
        <line num="245" count="1" type="stmt"/>
        <line num="269" count="34" type="cond" truecount="2" falsecount="0"/>
        <line num="271" count="34" type="stmt"/>
        <line num="274" count="2" type="cond" truecount="2" falsecount="0"/>
      </file>
      <file name="challengePending.tsx" path="C:\Users\extfoyn\source\repos\better-play-ERNI\frontend\src\components\features\challenge\challengePending.tsx">
        <metrics statements="9" coveredstatements="9" conditionals="11" coveredconditionals="11" methods="6" coveredmethods="6"/>
        <line num="13" count="1" type="stmt"/>
        <line num="20" count="3" type="stmt"/>
        <line num="21" count="2" type="stmt"/>
        <line num="24" count="3" type="stmt"/>
        <line num="25" count="2" type="stmt"/>
        <line num="28" count="3" type="stmt"/>
        <line num="42" count="1" type="stmt"/>
        <line num="60" count="1" type="stmt"/>
        <line num="80" count="1" type="stmt"/>
      </file>
      <file name="challengeStats.tsx" path="C:\Users\extfoyn\source\repos\better-play-ERNI\frontend\src\components\features\challenge\challengeStats.tsx">
        <metrics statements="4" coveredstatements="4" conditionals="0" coveredconditionals="0" methods="2" coveredmethods="2"/>
        <line num="1" count="1" type="stmt"/>
        <line num="2" count="2" type="stmt"/>
        <line num="14" count="1" type="stmt"/>
        <line num="15" count="8" type="stmt"/>
      </file>
      <file name="challengeTabs.tsx" path="C:\Users\extfoyn\source\repos\better-play-ERNI\frontend\src\components\features\challenge\challengeTabs.tsx">
        <metrics statements="4" coveredstatements="3" conditionals="8" coveredconditionals="8" methods="3" coveredmethods="2"/>
        <line num="11" count="1" type="stmt"/>
        <line num="17" count="4" type="stmt"/>
        <line num="20" count="0" type="stmt"/>
        <line num="41" count="1" type="stmt"/>
      </file>
    </package>
    <package name="components.features.games">
      <metrics statements="14" coveredstatements="12" conditionals="13" coveredconditionals="10" methods="5" coveredmethods="5"/>
      <file name="gameCard.tsx" path="C:\Users\extfoyn\source\repos\better-play-ERNI\frontend\src\components\features\games\gameCard.tsx">
        <metrics statements="2" coveredstatements="2" conditionals="0" coveredconditionals="0" methods="1" coveredmethods="1"/>
        <line num="14" count="1" type="stmt"/>
        <line num="22" count="2" type="stmt"/>
      </file>
      <file name="gameIntro.tsx" path="C:\Users\extfoyn\source\repos\better-play-ERNI\frontend\src\components\features\games\gameIntro.tsx">
        <metrics statements="6" coveredstatements="4" conditionals="9" coveredconditionals="7" methods="2" coveredmethods="2"/>
        <line num="38" count="4" type="stmt"/>
        <line num="39" count="1" type="cond" truecount="1" falsecount="1"/>
        <line num="40" count="0" type="stmt"/>
        <line num="41" count="0" type="stmt"/>
        <line num="43" count="1" type="cond" truecount="1" falsecount="1"/>
        <line num="46" count="4" type="stmt"/>
      </file>
      <file name="gamesStrip.tsx" path="C:\Users\extfoyn\source\repos\better-play-ERNI\frontend\src\components\features\games\gamesStrip.tsx">
        <metrics statements="6" coveredstatements="6" conditionals="4" coveredconditionals="3" methods="2" coveredmethods="2"/>
        <line num="4" count="1" type="stmt"/>
        <line num="5" count="1" type="stmt"/>
        <line num="9" count="2" type="stmt"/>
        <line num="10" count="2" type="cond" truecount="3" falsecount="1"/>
        <line num="11" count="1" type="stmt"/>
        <line num="13" count="2" type="stmt"/>
      </file>
    </package>
    <package name="components.features.leaderboard">
      <metrics statements="25" coveredstatements="25" conditionals="21" coveredconditionals="18" methods="3" coveredmethods="3"/>
      <file name="leaderboardList.tsx" path="C:\Users\extfoyn\source\repos\better-play-ERNI\frontend\src\components\features\leaderboard\leaderboardList.tsx">
        <metrics statements="8" coveredstatements="8" conditionals="7" coveredconditionals="6" methods="2" coveredmethods="2"/>
        <line num="12" count="1" type="cond" truecount="1" falsecount="0"/>
        <line num="14" count="3" type="cond" truecount="4" falsecount="0"/>
        <line num="15" count="1" type="stmt"/>
        <line num="18" count="2" type="stmt"/>
        <line num="22" count="6" type="stmt"/>
        <line num="23" count="6" type="cond" truecount="1" falsecount="1"/>
        <line num="26" count="6" type="stmt"/>
        <line num="28" count="6" type="stmt"/>
      </file>
      <file name="leaderboardListItem.tsx" path="C:\Users\extfoyn\source\repos\better-play-ERNI\frontend\src\components\features\leaderboard\leaderboardListItem.tsx">
        <metrics statements="17" coveredstatements="17" conditionals="14" coveredconditionals="12" methods="1" coveredmethods="1"/>
        <line num="14" count="2" type="stmt"/>
        <line num="20" count="2" type="stmt"/>
        <line num="21" count="12" type="stmt"/>
        <line num="22" count="12" type="stmt"/>
        <line num="25" count="12" type="cond" truecount="2" falsecount="0"/>
        <line num="26" count="11" type="stmt"/>
        <line num="27" count="11" type="cond" truecount="1" falsecount="1"/>
        <line num="28" count="11" type="cond" truecount="2" falsecount="0"/>
        <line num="29" count="11" type="stmt"/>
        <line num="31" count="1" type="stmt"/>
        <line num="32" count="1" type="cond" truecount="1" falsecount="1"/>
        <line num="33" count="1" type="stmt"/>
        <line num="36" count="12" type="stmt"/>
        <line num="37" count="12" type="cond" truecount="2" falsecount="0"/>
        <line num="38" count="12" type="stmt"/>
        <line num="39" count="12" type="stmt"/>
        <line num="41" count="12" type="stmt"/>
      </file>
    </package>
    <package name="components.features.shop">
      <metrics statements="65" coveredstatements="47" conditionals="71" coveredconditionals="56" methods="13" coveredmethods="7"/>
      <file name="claimedRewardItem.tsx" path="C:\Users\extfoyn\source\repos\better-play-ERNI\frontend\src\components\features\shop\claimedRewardItem.tsx">
        <metrics statements="12" coveredstatements="8" conditionals="10" coveredconditionals="6" methods="4" coveredmethods="3"/>
        <line num="8" count="1" type="stmt"/>
        <line num="9" count="2" type="stmt"/>
        <line num="10" count="2" type="stmt"/>
        <line num="18" count="0" type="stmt"/>
        <line num="23" count="1" type="stmt"/>
        <line num="24" count="2" type="cond" truecount="1" falsecount="1"/>
        <line num="25" count="0" type="cond" truecount="0" falsecount="2"/>
        <line num="27" count="0" type="stmt"/>
        <line num="30" count="1" type="stmt"/>
        <line num="31" count="2" type="stmt"/>
        <line num="33" count="2" type="stmt"/>
        <line num="68" count="0" type="stmt"/>
      </file>
      <file name="rewardCard.tsx" path="C:\Users\extfoyn\source\repos\better-play-ERNI\frontend\src\components\features\shop\rewardCard.tsx">
        <metrics statements="47" coveredstatements="35" conditionals="49" coveredconditionals="40" methods="5" coveredmethods="2"/>
        <line num="23" count="1" type="stmt"/>
        <line num="30" count="7" type="stmt"/>
        <line num="31" count="7" type="stmt"/>
        <line num="34" count="7" type="stmt"/>
        <line num="35" count="7" type="stmt"/>
        <line num="37" count="7" type="cond" truecount="2" falsecount="0"/>
        <line num="39" count="7" type="stmt"/>
        <line num="40" count="1" type="stmt"/>
        <line num="41" count="1" type="stmt"/>
        <line num="42" count="1" type="stmt"/>
        <line num="43" count="1" type="stmt"/>
        <line num="44" count="1" type="stmt"/>
        <line num="45" count="1" type="stmt"/>
        <line num="46" count="1" type="cond" truecount="1" falsecount="1"/>
        <line num="47" count="1" type="cond" truecount="2" falsecount="2"/>
        <line num="48" count="1" type="stmt"/>
        <line num="49" count="0" type="stmt"/>
        <line num="50" count="0" type="stmt"/>
        <line num="54" count="0" type="stmt"/>
        <line num="57" count="0" type="stmt"/>
        <line num="58" count="0" type="stmt"/>
        <line num="59" count="0" type="stmt"/>
        <line num="60" count="0" type="stmt"/>
        <line num="63" count="1" type="stmt"/>
        <line num="68" count="7" type="stmt"/>
        <line num="69" count="7" type="stmt"/>
        <line num="70" count="7" type="cond" truecount="3" falsecount="0"/>
        <line num="72" count="7" type="cond" truecount="2" falsecount="0"/>
        <line num="73" count="1" type="stmt"/>
        <line num="74" count="1" type="stmt"/>
        <line num="75" count="6" type="cond" truecount="2" falsecount="0"/>
        <line num="76" count="1" type="stmt"/>
        <line num="77" count="1" type="stmt"/>
        <line num="78" count="5" type="cond" truecount="1" falsecount="1"/>
        <line num="79" count="0" type="stmt"/>
        <line num="80" count="0" type="stmt"/>
        <line num="81" count="0" type="stmt"/>
        <line num="82" count="5" type="cond" truecount="2" falsecount="0"/>
        <line num="84" count="1" type="stmt"/>
        <line num="85" count="1" type="stmt"/>
        <line num="86" count="1" type="stmt"/>
        <line num="87" count="4" type="cond" truecount="2" falsecount="0"/>
        <line num="88" count="1" type="stmt"/>
        <line num="89" count="1" type="stmt"/>
        <line num="92" count="7" type="stmt"/>
        <line num="106" count="0" type="stmt"/>
        <line num="108" count="0" type="stmt"/>
      </file>
      <file name="shopHistoryModal.tsx" path="C:\Users\extfoyn\source\repos\better-play-ERNI\frontend\src\components\features\shop\shopHistoryModal.tsx">
        <metrics statements="6" coveredstatements="4" conditionals="12" coveredconditionals="10" methods="4" coveredmethods="2"/>
        <line num="17" count="1" type="stmt"/>
        <line num="27" count="3" type="cond" truecount="2" falsecount="0"/>
        <line num="29" count="2" type="stmt"/>
        <line num="38" count="0" type="stmt"/>
        <line num="69" count="0" type="stmt"/>
        <line num="71" count="1" type="stmt"/>
      </file>
    </package>
    <package name="components.gameComponents.ernigram">
      <metrics statements="211" coveredstatements="152" conditionals="154" coveredconditionals="89" methods="39" coveredmethods="26"/>
      <file name="attemptsTracker.tsx" path="C:\Users\extfoyn\source\repos\better-play-ERNI\frontend\src\components\gameComponents\ernigram\attemptsTracker.tsx">
        <metrics statements="2" coveredstatements="2" conditionals="0" coveredconditionals="0" methods="1" coveredmethods="1"/>
        <line num="7" count="1" type="stmt"/>
        <line num="8" count="9" type="stmt"/>
      </file>
      <file name="ernigramGame.tsx" path="C:\Users\extfoyn\source\repos\better-play-ERNI\frontend\src\components\gameComponents\ernigram\ernigramGame.tsx">
        <metrics statements="205" coveredstatements="146" conditionals="152" coveredconditionals="87" methods="35" coveredmethods="22"/>
        <line num="52" count="1" type="stmt"/>
        <line num="53" count="17" type="cond" truecount="1" falsecount="1"/>
        <line num="55" count="1" type="stmt"/>
        <line num="62" count="13" type="stmt"/>
        <line num="63" count="13" type="stmt"/>
        <line num="64" count="13" type="stmt"/>
        <line num="65" count="13" type="stmt"/>
        <line num="67" count="13" type="stmt"/>
        <line num="68" count="13" type="stmt"/>
        <line num="69" count="4" type="stmt"/>
        <line num="71" count="13" type="stmt"/>
        <line num="72" count="13" type="stmt"/>
        <line num="75" count="13" type="stmt"/>
        <line num="84" count="13" type="stmt"/>
        <line num="91" count="13" type="stmt"/>
        <line num="93" count="13" type="stmt"/>
        <line num="95" count="13" type="stmt"/>
        <line num="96" count="13" type="stmt"/>
        <line num="97" count="13" type="stmt"/>
        <line num="99" count="13" type="stmt"/>
        <line num="100" count="13" type="stmt"/>
        <line num="102" count="13" type="stmt"/>
        <line num="103" count="0" type="stmt"/>
        <line num="106" count="13" type="stmt"/>
        <line num="109" count="13" type="stmt"/>
        <line num="110" count="4" type="cond" truecount="3" falsecount="1"/>
        <line num="111" count="0" type="stmt"/>
        <line num="112" count="0" type="stmt"/>
        <line num="115" count="4" type="stmt"/>
        <line num="117" count="4" type="stmt"/>
        <line num="119" count="4" type="cond" truecount="1" falsecount="1"/>
        <line num="120" count="0" type="stmt"/>
        <line num="121" count="0" type="stmt"/>
        <line num="123" count="0" type="cond" truecount="0" falsecount="4"/>
        <line num="124" count="0" type="stmt"/>
        <line num="125" count="0" type="stmt"/>
        <line num="129" count="0" type="stmt"/>
        <line num="130" count="0" type="stmt"/>
        <line num="132" count="0" type="stmt"/>
        <line num="140" count="0" type="stmt"/>
        <line num="141" count="4" type="stmt"/>
        <line num="145" count="13" type="stmt"/>
        <line num="146" count="0" type="cond" truecount="0" falsecount="2"/>
        <line num="152" count="0" type="stmt"/>
        <line num="154" count="0" type="stmt"/>
        <line num="157" count="13" type="stmt"/>
        <line num="160" count="13" type="stmt"/>
        <line num="161" count="4" type="cond" truecount="2" falsecount="2"/>
        <line num="162" count="0" type="stmt"/>
        <line num="167" count="13" type="stmt"/>
        <line num="168" count="13" type="cond" truecount="5" falsecount="0"/>
        <line num="170" count="9" type="stmt"/>
        <line num="172" count="9" type="cond" truecount="3" falsecount="1"/>
        <line num="173" count="0" type="stmt"/>
        <line num="175" count="0" type="stmt"/>
        <line num="176" count="0" type="stmt"/>
        <line num="177" count="0" type="stmt"/>
        <line num="179" count="0" type="stmt"/>
        <line num="180" count="0" type="stmt"/>
        <line num="181" count="0" type="stmt"/>
        <line num="183" count="0" type="stmt"/>
        <line num="185" count="0" type="stmt"/>
        <line num="186" count="0" type="stmt"/>
        <line num="187" count="0" type="cond" truecount="0" falsecount="2"/>
        <line num="188" count="0" type="stmt"/>
        <line num="190" count="0" type="stmt"/>
        <line num="192" count="0" type="cond" truecount="0" falsecount="2"/>
        <line num="193" count="0" type="stmt"/>
        <line num="194" count="0" type="stmt"/>
        <line num="195" count="0" type="stmt"/>
        <line num="197" count="0" type="cond" truecount="0" falsecount="2"/>
        <line num="198" count="0" type="stmt"/>
        <line num="200" count="0" type="stmt"/>
        <line num="210" count="0" type="stmt"/>
        <line num="214" count="9" type="cond" truecount="1" falsecount="1"/>
        <line num="215" count="9" type="stmt"/>
        <line num="218" count="9" type="stmt"/>
        <line num="219" count="9" type="cond" truecount="1" falsecount="1"/>
        <line num="220" count="9" type="stmt"/>
        <line num="235" count="13" type="stmt"/>
        <line num="236" count="8" type="cond" truecount="2" falsecount="0"/>
        <line num="244" count="1" type="stmt"/>
        <line num="246" count="7" type="stmt"/>
        <line num="247" count="0" type="stmt"/>
        <line num="253" count="0" type="stmt"/>
        <line num="261" count="0" type="stmt"/>
        <line num="262" count="0" type="stmt"/>
        <line num="266" count="7" type="stmt"/>
        <line num="280" count="13" type="stmt"/>
        <line num="282" count="1" type="stmt"/>
        <line num="283" count="1" type="cond" truecount="1" falsecount="1"/>
        <line num="284" count="1" type="stmt"/>
        <line num="286" count="1" type="stmt"/>
        <line num="287" count="1" type="stmt"/>
        <line num="289" count="1" type="stmt"/>
        <line num="290" count="1" type="stmt"/>
        <line num="291" count="1" type="stmt"/>
        <line num="293" count="1" type="stmt"/>
        <line num="295" count="1" type="cond" truecount="3" falsecount="1"/>
        <line num="296" count="1" type="stmt"/>
        <line num="297" count="1" type="cond" truecount="1" falsecount="1"/>
        <line num="298" count="1" type="cond" truecount="1" falsecount="1"/>
        <line num="299" count="1" type="cond" truecount="1" falsecount="1"/>
        <line num="301" count="1" type="stmt"/>
        <line num="302" count="1" type="stmt"/>
        <line num="306" count="1" type="stmt"/>
        <line num="307" count="1" type="stmt"/>
        <line num="308" count="1" type="stmt"/>
        <line num="309" count="1" type="stmt"/>
        <line num="310" count="1" type="stmt"/>
        <line num="311" count="1" type="stmt"/>
        <line num="313" count="1" type="stmt"/>
        <line num="314" count="0" type="cond" truecount="0" falsecount="2"/>
        <line num="315" count="0" type="stmt"/>
        <line num="318" count="1" type="cond" truecount="3" falsecount="1"/>
        <line num="319" count="0" type="stmt"/>
        <line num="327" count="0" type="stmt"/>
        <line num="330" count="1" type="stmt"/>
        <line num="331" count="1" type="stmt"/>
        <line num="332" count="1" type="stmt"/>
        <line num="335" count="1" type="stmt"/>
        <line num="344" count="1" type="stmt"/>
        <line num="356" count="1" type="stmt"/>
        <line num="365" count="1" type="stmt"/>
        <line num="371" count="1" type="cond" truecount="1" falsecount="1"/>
        <line num="372" count="1" type="stmt"/>
        <line num="373" count="1" type="stmt"/>
        <line num="376" count="1" type="stmt"/>
        <line num="377" count="1" type="cond" truecount="1" falsecount="1"/>
        <line num="379" count="1" type="cond" truecount="2" falsecount="2"/>
        <line num="380" count="0" type="stmt"/>
        <line num="381" count="0" type="stmt"/>
        <line num="384" count="0" type="stmt"/>
        <line num="385" count="0" type="stmt"/>
        <line num="387" count="0" type="stmt"/>
        <line num="388" count="0" type="stmt"/>
        <line num="392" count="0" type="stmt"/>
        <line num="394" count="1" type="stmt"/>
        <line num="427" count="13" type="stmt"/>
        <line num="429" count="4" type="stmt"/>
        <line num="430" count="4" type="stmt"/>
        <line num="431" count="7" type="stmt"/>
        <line num="434" count="4" type="cond" truecount="2" falsecount="0"/>
        <line num="435" count="1" type="stmt"/>
        <line num="436" count="1" type="stmt"/>
        <line num="437" count="3" type="cond" truecount="1" falsecount="1"/>
        <line num="438" count="0" type="stmt"/>
        <line num="444" count="13" type="stmt"/>
        <line num="446" count="3" type="cond" truecount="1" falsecount="1"/>
        <line num="452" count="0" type="stmt"/>
        <line num="454" count="3" type="stmt"/>
        <line num="460" count="3" type="stmt"/>
        <line num="468" count="3" type="stmt"/>
        <line num="469" count="0" type="stmt"/>
        <line num="475" count="13" type="stmt"/>
        <line num="477" count="4" type="cond" truecount="3" falsecount="1"/>
        <line num="479" count="4" type="stmt"/>
        <line num="480" count="4" type="cond" truecount="3" falsecount="1"/>
        <line num="482" count="4" type="stmt"/>
        <line num="483" count="4" type="stmt"/>
        <line num="485" count="4" type="stmt"/>
        <line num="486" count="4" type="stmt"/>
        <line num="488" count="4" type="cond" truecount="2" falsecount="0"/>
        <line num="489" count="3" type="stmt"/>
        <line num="490" count="3" type="stmt"/>
        <line num="492" count="1" type="stmt"/>
        <line num="493" count="1" type="stmt"/>
        <line num="494" count="1" type="stmt"/>
        <line num="495" count="1" type="stmt"/>
        <line num="497" count="4" type="stmt"/>
        <line num="499" count="4" type="stmt"/>
        <line num="500" count="7" type="stmt"/>
        <line num="501" count="4" type="stmt"/>
        <line num="502" count="4" type="cond" truecount="2" falsecount="0"/>
        <line num="504" count="4" type="cond" truecount="2" falsecount="0"/>
        <line num="505" count="3" type="stmt"/>
        <line num="508" count="4" type="stmt"/>
        <line num="523" count="13" type="stmt"/>
        <line num="524" count="13" type="stmt"/>
        <line num="525" count="0" type="cond" truecount="0" falsecount="2"/>
        <line num="526" count="0" type="stmt"/>
        <line num="529" count="13" type="stmt"/>
        <line num="530" count="13" type="stmt"/>
        <line num="534" count="13" type="stmt"/>
        <line num="535" count="13" type="cond" truecount="1" falsecount="1"/>
        <line num="536" count="13" type="cond" truecount="1" falsecount="1"/>
        <line num="537" count="13" type="cond" truecount="1" falsecount="1"/>
        <line num="539" count="13" type="stmt"/>
        <line num="540" count="13" type="stmt"/>
        <line num="543" count="13" type="stmt"/>
        <line num="544" count="7" type="stmt"/>
        <line num="547" count="13" type="stmt"/>
        <line num="548" count="13" type="stmt"/>
        <line num="550" count="13" type="stmt"/>
        <line num="551" count="13" type="stmt"/>
        <line num="554" count="13" type="stmt"/>
        <line num="557" count="13" type="stmt"/>
        <line num="560" count="13" type="stmt"/>
        <line num="563" count="13" type="cond" truecount="2" falsecount="0"/>
        <line num="570" count="4" type="stmt"/>
        <line num="573" count="9" type="cond" truecount="1" falsecount="1"/>
        <line num="574" count="0" type="stmt"/>
        <line num="584" count="9" type="cond" truecount="1" falsecount="1"/>
        <line num="588" count="13" type="stmt"/>
        <line num="659" count="0" type="stmt"/>
      </file>
      <file name="phraseDisplay.tsx" path="C:\Users\extfoyn\source\repos\better-play-ERNI\frontend\src\components\gameComponents\ernigram\phraseDisplay.tsx">
        <metrics statements="4" coveredstatements="4" conditionals="2" coveredconditionals="2" methods="3" coveredmethods="3"/>
        <line num="8" count="1" type="stmt"/>
        <line num="9" count="9" type="stmt"/>
        <line num="12" count="14" type="stmt"/>
        <line num="14" count="58" type="stmt"/>
      </file>
    </package>
    <package name="components.gameComponents.shared">
      <metrics statements="11" coveredstatements="9" conditionals="2" coveredconditionals="1" methods="4" coveredmethods="2"/>
      <file name="alreadyPlayedScreen.tsx" path="C:\Users\extfoyn\source\repos\better-play-ERNI\frontend\src\components\gameComponents\shared\alreadyPlayedScreen.tsx">
        <metrics statements="11" coveredstatements="9" conditionals="2" coveredconditionals="1" methods="4" coveredmethods="2"/>
        <line num="15" count="4" type="stmt"/>
        <line num="21" count="2" type="stmt"/>
        <line num="24" count="2" type="cond" truecount="1" falsecount="1"/>
        <line num="26" count="2" type="stmt"/>
        <line num="32" count="2" type="stmt"/>
        <line num="38" count="2" type="stmt"/>
        <line num="39" count="2" type="stmt"/>
        <line num="40" count="2" type="stmt"/>
        <line num="50" count="2" type="stmt"/>
        <line num="85" count="0" type="stmt"/>
        <line num="91" count="0" type="stmt"/>
      </file>
    </package>
    <package name="components.gameComponents.sudoku">
      <metrics statements="316" coveredstatements="171" conditionals="221" coveredconditionals="127" methods="60" coveredmethods="35"/>
      <file name="keyboardInputsSudoku.ts" path="C:\Users\extfoyn\source\repos\better-play-ERNI\frontend\src\components\gameComponents\sudoku\keyboardInputsSudoku.ts">
        <metrics statements="36" coveredstatements="36" conditionals="33" coveredconditionals="32" methods="5" coveredmethods="4"/>
        <line num="24" count="2" type="stmt"/>
        <line num="34" count="19" type="stmt"/>
        <line num="35" count="19" type="stmt"/>
        <line num="37" count="14" type="cond" truecount="2" falsecount="0"/>
        <line num="38" count="13" type="cond" truecount="4" falsecount="0"/>
        <line num="40" count="12" type="stmt"/>
        <line num="41" count="12" type="stmt"/>
        <line num="44" count="12" type="cond" truecount="4" falsecount="0"/>
        <line num="45" count="4" type="stmt"/>
        <line num="46" count="8" type="cond" truecount="5" falsecount="0"/>
        <line num="47" count="3" type="stmt"/>
        <line num="48" count="3" type="stmt"/>
        <line num="51" count="12" type="cond" truecount="2" falsecount="0"/>
        <line num="53" count="7" type="stmt"/>
        <line num="54" count="7" type="stmt"/>
        <line num="55" count="7" type="stmt"/>
        <line num="58" count="5" type="cond" truecount="2" falsecount="0"/>
        <line num="64" count="4" type="stmt"/>
        <line num="65" count="4" type="stmt"/>
        <line num="66" count="4" type="stmt"/>
        <line num="67" count="4" type="stmt"/>
        <line num="68" count="4" type="stmt"/>
        <line num="70" count="4" type="cond" truecount="2" falsecount="0"/>
        <line num="71" count="4" type="cond" truecount="2" falsecount="0"/>
        <line num="72" count="4" type="cond" truecount="2" falsecount="0"/>
        <line num="73" count="4" type="cond" truecount="2" falsecount="0"/>
        <line num="75" count="4" type="stmt"/>
        <line num="76" count="4" type="stmt"/>
        <line num="80" count="1" type="cond" truecount="1" falsecount="1"/>
        <line num="81" count="1" type="stmt"/>
        <line num="82" count="1" type="stmt"/>
        <line num="83" count="1" type="stmt"/>
        <line num="97" count="19" type="stmt"/>
        <line num="98" count="19" type="stmt"/>
        <line num="100" count="19" type="stmt"/>
        <line num="101" count="19" type="stmt"/>
      </file>
      <file name="numberPad.tsx" path="C:\Users\extfoyn\source\repos\better-play-ERNI\frontend\src\components\gameComponents\sudoku\numberPad.tsx">
        <metrics statements="11" coveredstatements="5" conditionals="2" coveredconditionals="1" methods="5" coveredmethods="2"/>
        <line num="19" count="1" type="stmt"/>
        <line num="20" count="10" type="stmt"/>
        <line num="22" count="10" type="stmt"/>
        <line num="24" count="10" type="stmt"/>
        <line num="27" count="90" type="stmt"/>
        <line num="30" count="0" type="stmt"/>
        <line num="31" count="0" type="stmt"/>
        <line num="41" count="0" type="stmt"/>
        <line num="42" count="0" type="stmt"/>
        <line num="52" count="0" type="stmt"/>
        <line num="53" count="0" type="stmt"/>
      </file>
      <file name="sudokuGame.tsx" path="C:\Users\extfoyn\source\repos\better-play-ERNI\frontend\src\components\gameComponents\sudoku\sudokuGame.tsx">
        <metrics statements="257" coveredstatements="118" conditionals="153" coveredconditionals="64" methods="44" coveredmethods="23"/>
        <line num="45" count="1" type="stmt"/>
        <line num="46" count="3" type="stmt"/>
        <line num="47" count="27" type="stmt"/>
        <line num="48" count="243" type="stmt"/>
        <line num="49" count="243" type="stmt"/>
        <line num="60" count="1" type="stmt"/>
        <line num="61" count="4" type="stmt"/>
        <line num="62" count="324" type="stmt"/>
        <line num="64" count="4" type="stmt"/>
        <line num="65" count="36" type="stmt"/>
        <line num="66" count="36" type="stmt"/>
        <line num="67" count="36" type="stmt"/>
        <line num="69" count="36" type="stmt"/>
        <line num="70" count="324" type="stmt"/>
        <line num="71" count="324" type="cond" truecount="2" falsecount="0"/>
        <line num="72" count="123" type="cond" truecount="2" falsecount="0"/>
        <line num="73" count="123" type="stmt"/>
        <line num="76" count="324" type="stmt"/>
        <line num="77" count="324" type="cond" truecount="2" falsecount="0"/>
        <line num="78" count="123" type="cond" truecount="1" falsecount="1"/>
        <line num="79" count="123" type="stmt"/>
        <line num="82" count="324" type="stmt"/>
        <line num="83" count="324" type="stmt"/>
        <line num="84" count="324" type="stmt"/>
        <line num="85" count="324" type="cond" truecount="2" falsecount="0"/>
        <line num="86" count="123" type="cond" truecount="2" falsecount="0"/>
        <line num="87" count="123" type="stmt"/>
        <line num="91" count="4" type="stmt"/>
        <line num="94" count="1" type="stmt"/>
        <line num="98" count="0" type="stmt"/>
        <line num="99" count="0" type="stmt"/>
        <line num="100" count="0" type="stmt"/>
        <line num="101" count="0" type="cond" truecount="0" falsecount="2"/>
        <line num="105" count="0" type="stmt"/>
        <line num="109" count="0" type="stmt"/>
        <line num="112" count="1" type="stmt"/>
        <line num="113" count="0" type="stmt"/>
        <line num="114" count="0" type="stmt"/>
        <line num="115" count="0" type="stmt"/>
        <line num="116" count="0" type="cond" truecount="0" falsecount="2"/>
        <line num="119" count="0" type="stmt"/>
        <line num="128" count="1" type="stmt"/>
        <line num="133" count="13" type="stmt"/>
        <line num="134" count="13" type="stmt"/>
        <line num="136" count="13" type="cond" truecount="1" falsecount="1"/>
        <line num="140" count="13" type="stmt"/>
        <line num="141" count="3" type="stmt"/>
        <line num="143" count="13" type="stmt"/>
        <line num="147" count="13" type="stmt"/>
        <line num="148" count="13" type="stmt"/>
        <line num="149" count="13" type="stmt"/>
        <line num="154" count="13" type="stmt"/>
        <line num="155" count="13" type="stmt"/>
        <line num="158" count="13" type="stmt"/>
        <line num="159" count="3" type="stmt"/>
        <line num="160" count="3" type="stmt"/>
        <line num="161" count="3" type="stmt"/>
        <line num="162" count="3" type="stmt"/>
        <line num="165" count="3" type="cond" truecount="1" falsecount="1"/>
        <line num="167" count="0" type="stmt"/>
        <line num="168" count="0" type="stmt"/>
        <line num="172" count="3" type="stmt"/>
        <line num="175" count="13" type="stmt"/>
        <line num="177" count="13" type="stmt"/>
        <line num="184" count="13" type="stmt"/>
        <line num="186" count="13" type="stmt"/>
        <line num="189" count="13" type="stmt"/>
        <line num="190" count="0" type="stmt"/>
        <line num="193" count="13" type="stmt"/>
        <line num="196" count="13" type="stmt"/>
        <line num="197" count="3" type="cond" truecount="3" falsecount="1"/>
        <line num="198" count="0" type="stmt"/>
        <line num="199" count="0" type="stmt"/>
        <line num="202" count="3" type="stmt"/>
        <line num="204" count="3" type="stmt"/>
        <line num="206" count="3" type="cond" truecount="1" falsecount="1"/>
        <line num="207" count="0" type="stmt"/>
        <line num="211" count="0" type="cond" truecount="0" falsecount="4"/>
        <line num="212" count="0" type="stmt"/>
        <line num="214" count="0" type="stmt"/>
        <line num="220" count="0" type="stmt"/>
        <line num="221" count="0" type="cond" truecount="0" falsecount="2"/>
        <line num="222" count="0" type="stmt"/>
        <line num="223" count="0" type="cond" truecount="0" falsecount="2"/>
        <line num="224" count="0" type="stmt"/>
        <line num="230" count="0" type="stmt"/>
        <line num="231" count="3" type="stmt"/>
        <line num="235" count="13" type="stmt"/>
        <line num="236" count="0" type="cond" truecount="0" falsecount="2"/>
        <line num="241" count="0" type="stmt"/>
        <line num="243" count="0" type="stmt"/>
        <line num="250" count="13" type="stmt"/>
        <line num="253" count="13" type="stmt"/>
        <line num="254" count="13" type="cond" truecount="3" falsecount="1"/>
        <line num="256" count="13" type="stmt"/>
        <line num="258" count="13" type="cond" truecount="3" falsecount="1"/>
        <line num="259" count="0" type="stmt"/>
        <line num="260" count="0" type="cond" truecount="0" falsecount="2"/>
        <line num="262" count="0" type="cond" truecount="0" falsecount="4"/>
        <line num="263" count="0" type="stmt"/>
        <line num="264" count="0" type="cond" truecount="0" falsecount="2"/>
        <line num="265" count="0" type="stmt"/>
        <line num="268" count="0" type="stmt"/>
        <line num="270" count="0" type="stmt"/>
        <line num="274" count="13" type="cond" truecount="1" falsecount="1"/>
        <line num="275" count="13" type="stmt"/>
        <line num="277" count="13" type="stmt"/>
        <line num="278" count="13" type="cond" truecount="1" falsecount="1"/>
        <line num="279" count="13" type="stmt"/>
        <line num="292" count="13" type="stmt"/>
        <line num="293" count="7" type="cond" truecount="1" falsecount="1"/>
        <line num="300" count="0" type="stmt"/>
        <line num="302" count="7" type="stmt"/>
        <line num="303" count="0" type="stmt"/>
        <line num="311" count="0" type="stmt"/>
        <line num="312" count="0" type="stmt"/>
        <line num="314" count="0" type="stmt"/>
        <line num="318" count="7" type="stmt"/>
        <line num="331" count="13" type="stmt"/>
        <line num="333" count="4" type="cond" truecount="1" falsecount="1"/>
        <line num="339" count="0" type="stmt"/>
        <line num="341" count="4" type="stmt"/>
        <line num="349" count="4" type="stmt"/>
        <line num="350" count="4" type="stmt"/>
        <line num="351" count="4" type="stmt"/>
        <line num="353" count="0" type="stmt"/>
        <line num="361" count="13" type="stmt"/>
        <line num="362" count="0" type="cond" truecount="0" falsecount="4"/>
        <line num="364" count="0" type="stmt"/>
        <line num="366" count="0" type="cond" truecount="0" falsecount="2"/>
        <line num="367" count="0" type="stmt"/>
        <line num="368" count="0" type="stmt"/>
        <line num="370" count="0" type="cond" truecount="0" falsecount="2"/>
        <line num="371" count="0" type="stmt"/>
        <line num="372" count="0" type="stmt"/>
        <line num="373" count="0" type="stmt"/>
        <line num="376" count="0" type="stmt"/>
        <line num="377" count="0" type="stmt"/>
        <line num="379" count="0" type="stmt"/>
        <line num="380" count="0" type="stmt"/>
        <line num="381" count="0" type="stmt"/>
        <line num="382" count="0" type="stmt"/>
        <line num="383" count="0" type="stmt"/>
        <line num="385" count="0" type="cond" truecount="0" falsecount="4"/>
        <line num="386" count="0" type="stmt"/>
        <line num="387" count="0" type="stmt"/>
        <line num="390" count="0" type="stmt"/>
        <line num="393" count="0" type="cond" truecount="0" falsecount="2"/>
        <line num="394" count="0" type="cond" truecount="0" falsecount="2"/>
        <line num="397" count="0" type="stmt"/>
        <line num="398" count="0" type="stmt"/>
        <line num="399" count="0" type="stmt"/>
        <line num="401" count="0" type="stmt"/>
        <line num="403" count="0" type="stmt"/>
        <line num="405" count="0" type="stmt"/>
        <line num="410" count="0" type="stmt"/>
        <line num="412" count="0" type="stmt"/>
        <line num="413" count="0" type="stmt"/>
        <line num="414" count="0" type="stmt"/>
        <line num="415" count="0" type="cond" truecount="0" falsecount="2"/>
        <line num="419" count="0" type="stmt"/>
        <line num="426" count="0" type="stmt"/>
        <line num="438" count="0" type="stmt"/>
        <line num="440" count="0" type="stmt"/>
        <line num="449" count="0" type="stmt"/>
        <line num="455" count="0" type="cond" truecount="0" falsecount="2"/>
        <line num="456" count="0" type="stmt"/>
        <line num="457" count="0" type="stmt"/>
        <line num="460" count="0" type="stmt"/>
        <line num="461" count="0" type="cond" truecount="0" falsecount="2"/>
        <line num="464" count="0" type="stmt"/>
        <line num="465" count="0" type="stmt"/>
        <line num="466" count="0" type="stmt"/>
        <line num="470" count="0" type="stmt"/>
        <line num="475" count="0" type="cond" truecount="0" falsecount="4"/>
        <line num="476" count="0" type="stmt"/>
        <line num="477" count="0" type="stmt"/>
        <line num="483" count="0" type="stmt"/>
        <line num="484" count="0" type="stmt"/>
        <line num="485" count="0" type="stmt"/>
        <line num="486" count="0" type="stmt"/>
        <line num="487" count="0" type="stmt"/>
        <line num="491" count="0" type="stmt"/>
        <line num="492" count="0" type="stmt"/>
        <line num="495" count="0" type="stmt"/>
        <line num="496" count="0" type="cond" truecount="0" falsecount="2"/>
        <line num="497" count="0" type="stmt"/>
        <line num="498" count="0" type="cond" truecount="0" falsecount="2"/>
        <line num="499" count="0" type="stmt"/>
        <line num="504" count="0" type="stmt"/>
        <line num="506" count="0" type="stmt"/>
        <line num="513" count="13" type="stmt"/>
        <line num="515" count="4" type="cond" truecount="4" falsecount="1"/>
        <line num="516" count="4" type="stmt"/>
        <line num="517" count="4" type="stmt"/>
        <line num="519" count="4" type="cond" truecount="3" falsecount="1"/>
        <line num="522" count="324" type="stmt"/>
        <line num="523" count="4" type="stmt"/>
        <line num="525" count="4" type="cond" truecount="2" falsecount="0"/>
        <line num="527" count="1" type="stmt"/>
        <line num="528" count="1" type="stmt"/>
        <line num="529" count="3" type="cond" truecount="1" falsecount="1"/>
        <line num="531" count="0" type="stmt"/>
        <line num="532" count="0" type="cond" truecount="0" falsecount="2"/>
        <line num="533" count="0" type="stmt"/>
        <line num="535" count="0" type="stmt"/>
        <line num="536" count="0" type="stmt"/>
        <line num="538" count="0" type="stmt"/>
        <line num="541" count="3" type="cond" truecount="1" falsecount="1"/>
        <line num="542" count="3" type="stmt"/>
        <line num="546" count="4" type="stmt"/>
        <line num="547" count="4" type="stmt"/>
        <line num="550" count="4" type="stmt"/>
        <line num="565" count="13" type="stmt"/>
        <line num="577" count="13" type="stmt"/>
        <line num="578" count="0" type="stmt"/>
        <line num="581" count="13" type="stmt"/>
        <line num="582" count="0" type="stmt"/>
        <line num="585" count="13" type="stmt"/>
        <line num="586" count="3" type="cond" truecount="4" falsecount="1"/>
        <line num="587" count="0" type="stmt"/>
        <line num="588" count="3" type="stmt"/>
        <line num="591" count="13" type="stmt"/>
        <line num="592" count="0" type="cond" truecount="0" falsecount="2"/>
        <line num="593" count="0" type="stmt"/>
        <line num="594" count="0" type="stmt"/>
        <line num="595" count="0" type="stmt"/>
        <line num="603" count="0" type="stmt"/>
        <line num="606" count="0" type="stmt"/>
        <line num="613" count="0" type="stmt"/>
        <line num="614" count="0" type="stmt"/>
        <line num="615" count="0" type="stmt"/>
        <line num="618" count="0" type="stmt"/>
        <line num="619" count="0" type="stmt"/>
        <line num="620" count="0" type="stmt"/>
        <line num="621" count="0" type="stmt"/>
        <line num="624" count="0" type="stmt"/>
        <line num="636" count="0" type="stmt"/>
        <line num="639" count="0" type="stmt"/>
        <line num="641" count="0" type="stmt"/>
        <line num="642" count="0" type="stmt"/>
        <line num="644" count="0" type="stmt"/>
        <line num="653" count="13" type="stmt"/>
        <line num="654" count="13" type="cond" truecount="1" falsecount="1"/>
        <line num="655" count="13" type="cond" truecount="1" falsecount="1"/>
        <line num="658" count="13" type="stmt"/>
        <line num="659" count="13" type="stmt"/>
        <line num="660" count="13" type="stmt"/>
        <line num="664" count="13" type="stmt"/>
        <line num="667" count="13" type="stmt"/>
        <line num="669" count="13" type="cond" truecount="5" falsecount="0"/>
        <line num="670" count="3" type="stmt"/>
        <line num="673" count="10" type="cond" truecount="1" falsecount="1"/>
        <line num="674" count="0" type="stmt"/>
        <line num="687" count="10" type="stmt"/>
        <line num="731" count="0" type="cond" truecount="0" falsecount="2"/>
        <line num="762" count="0" type="stmt"/>
      </file>
      <file name="sudokuGrid.tsx" path="C:\Users\extfoyn\source\repos\better-play-ERNI\frontend\src\components\gameComponents\sudoku\sudokuGrid.tsx">
        <metrics statements="12" coveredstatements="12" conditionals="33" coveredconditionals="30" methods="6" coveredmethods="6"/>
        <line num="17" count="1" type="stmt"/>
        <line num="22" count="10" type="stmt"/>
        <line num="23" count="810" type="stmt"/>
        <line num="25" count="810" type="cond" truecount="3" falsecount="0"/>
        <line num="27" count="810" type="cond" truecount="4" falsecount="0"/>
        <line num="31" count="810" type="stmt"/>
        <line num="50" count="10" type="stmt"/>
        <line num="57" count="90" type="stmt"/>
        <line num="58" count="810" type="stmt"/>
        <line num="63" count="3" type="cond" truecount="3" falsecount="1"/>
        <line num="64" count="3" type="stmt"/>
        <line num="74" count="4563" type="stmt"/>
      </file>
    </package>
    <package name="components.gameComponents.wordle">
      <metrics statements="199" coveredstatements="135" conditionals="154" coveredconditionals="77" methods="34" coveredmethods="22"/>
      <file name="keyboard.tsx" path="C:\Users\extfoyn\source\repos\better-play-ERNI\frontend\src\components\gameComponents\wordle\keyboard.tsx">
        <metrics statements="13" coveredstatements="13" conditionals="12" coveredconditionals="12" methods="5" coveredmethods="5"/>
        <line num="9" count="2" type="stmt"/>
        <line num="22" count="2" type="stmt"/>
        <line num="29" count="2" type="stmt"/>
        <line num="31" count="26" type="stmt"/>
        <line num="33" count="26" type="stmt"/>
        <line num="34" count="17" type="stmt"/>
        <line num="35" count="17" type="stmt"/>
        <line num="38" count="26" type="stmt"/>
        <line num="41" count="78" type="stmt"/>
        <line num="43" count="728" type="stmt"/>
        <line num="44" count="728" type="cond" truecount="2" falsecount="0"/>
        <line num="46" count="728" type="stmt"/>
        <line num="49" count="17" type="stmt"/>
      </file>
      <file name="wordleGame.tsx" path="C:\Users\extfoyn\source\repos\better-play-ERNI\frontend\src\components\gameComponents\wordle\wordleGame.tsx">
        <metrics statements="186" coveredstatements="122" conditionals="142" coveredconditionals="65" methods="29" coveredmethods="17"/>
        <line num="47" count="1" type="stmt"/>
        <line num="52" count="21" type="stmt"/>
        <line num="53" count="21" type="stmt"/>
        <line num="55" count="21" type="stmt"/>
        <line num="57" count="21" type="stmt"/>
        <line num="58" count="21" type="stmt"/>
        <line num="59" count="21" type="stmt"/>
        <line num="61" count="21" type="stmt"/>
        <line num="62" count="21" type="stmt"/>
        <line num="63" count="21" type="stmt"/>
        <line num="64" count="21" type="stmt"/>
        <line num="65" count="21" type="stmt"/>
        <line num="68" count="21" type="stmt"/>
        <line num="74" count="21" type="stmt"/>
        <line num="80" count="21" type="stmt"/>
        <line num="82" count="21" type="stmt"/>
        <line num="84" count="21" type="stmt"/>
        <line num="85" count="21" type="stmt"/>
        <line num="86" count="5" type="stmt"/>
        <line num="89" count="21" type="stmt"/>
        <line num="90" count="21" type="stmt"/>
        <line num="91" count="21" type="stmt"/>
        <line num="92" count="21" type="stmt"/>
        <line num="95" count="21" type="stmt"/>
        <line num="99" count="21" type="stmt"/>
        <line num="102" count="21" type="stmt"/>
        <line num="103" count="4" type="cond" truecount="3" falsecount="1"/>
        <line num="104" count="0" type="stmt"/>
        <line num="105" count="0" type="stmt"/>
        <line num="108" count="4" type="stmt"/>
        <line num="110" count="4" type="stmt"/>
        <line num="112" count="4" type="cond" truecount="1" falsecount="1"/>
        <line num="113" count="0" type="stmt"/>
        <line num="114" count="0" type="stmt"/>
        <line num="116" count="0" type="cond" truecount="0" falsecount="4"/>
        <line num="117" count="0" type="stmt"/>
        <line num="118" count="0" type="stmt"/>
        <line num="120" count="0" type="stmt"/>
        <line num="122" count="0" type="stmt"/>
        <line num="128" count="0" type="stmt"/>
        <line num="129" count="0" type="cond" truecount="0" falsecount="2"/>
        <line num="130" count="0" type="stmt"/>
        <line num="131" count="0" type="cond" truecount="0" falsecount="2"/>
        <line num="132" count="0" type="stmt"/>
        <line num="138" count="0" type="stmt"/>
        <line num="139" count="4" type="stmt"/>
        <line num="143" count="21" type="stmt"/>
        <line num="144" count="0" type="cond" truecount="0" falsecount="2"/>
        <line num="149" count="0" type="stmt"/>
        <line num="151" count="0" type="stmt"/>
        <line num="158" count="21" type="stmt"/>
        <line num="161" count="21" type="stmt"/>
        <line num="163" count="21" type="cond" truecount="3" falsecount="1"/>
        <line num="165" count="21" type="stmt"/>
        <line num="167" count="21" type="cond" truecount="3" falsecount="1"/>
        <line num="168" count="0" type="stmt"/>
        <line num="169" count="0" type="cond" truecount="0" falsecount="2"/>
        <line num="170" count="0" type="cond" truecount="0" falsecount="2"/>
        <line num="171" count="0" type="cond" truecount="0" falsecount="2"/>
        <line num="172" count="0" type="cond" truecount="0" falsecount="2"/>
        <line num="173" count="0" type="stmt"/>
        <line num="175" count="0" type="stmt"/>
        <line num="180" count="21" type="cond" truecount="1" falsecount="1"/>
        <line num="181" count="21" type="stmt"/>
        <line num="184" count="21" type="stmt"/>
        <line num="185" count="21" type="cond" truecount="1" falsecount="1"/>
        <line num="186" count="21" type="stmt"/>
        <line num="199" count="21" type="stmt"/>
        <line num="200" count="5" type="cond" truecount="1" falsecount="1"/>
        <line num="208" count="0" type="stmt"/>
        <line num="210" count="5" type="stmt"/>
        <line num="211" count="0" type="stmt"/>
        <line num="219" count="0" type="stmt"/>
        <line num="227" count="0" type="stmt"/>
        <line num="228" count="0" type="stmt"/>
        <line num="232" count="5" type="stmt"/>
        <line num="247" count="21" type="stmt"/>
        <line num="254" count="1" type="cond" truecount="3" falsecount="1"/>
        <line num="255" count="1" type="stmt"/>
        <line num="256" count="1" type="stmt"/>
        <line num="262" count="1" type="stmt"/>
        <line num="263" count="1" type="stmt"/>
        <line num="264" count="1" type="stmt"/>
        <line num="265" count="1" type="stmt"/>
        <line num="266" count="1" type="stmt"/>
        <line num="268" count="1" type="cond" truecount="3" falsecount="1"/>
        <line num="269" count="0" type="stmt"/>
        <line num="270" count="0" type="stmt"/>
        <line num="274" count="1" type="stmt"/>
        <line num="276" count="1" type="cond" truecount="3" falsecount="1"/>
        <line num="277" count="1" type="stmt"/>
        <line num="280" count="1" type="cond" truecount="1" falsecount="1"/>
        <line num="281" count="1" type="cond" truecount="1" falsecount="1"/>
        <line num="284" count="1" type="stmt"/>
        <line num="285" count="1" type="stmt"/>
        <line num="288" count="1" type="stmt"/>
        <line num="289" count="1" type="stmt"/>
        <line num="292" count="1" type="stmt"/>
        <line num="298" count="1" type="stmt"/>
        <line num="300" count="1" type="stmt"/>
        <line num="302" count="1" type="stmt"/>
        <line num="306" count="0" type="stmt"/>
        <line num="309" count="1" type="stmt"/>
        <line num="310" count="1" type="stmt"/>
        <line num="318" count="1" type="stmt"/>
        <line num="330" count="1" type="stmt"/>
        <line num="332" count="0" type="stmt"/>
        <line num="341" count="1" type="stmt"/>
        <line num="347" count="0" type="cond" truecount="0" falsecount="2"/>
        <line num="348" count="0" type="stmt"/>
        <line num="349" count="0" type="stmt"/>
        <line num="352" count="0" type="stmt"/>
        <line num="353" count="0" type="cond" truecount="0" falsecount="2"/>
        <line num="355" count="1" type="cond" truecount="1" falsecount="3"/>
        <line num="356" count="0" type="stmt"/>
        <line num="357" count="0" type="stmt"/>
        <line num="359" count="0" type="stmt"/>
        <line num="360" count="0" type="stmt"/>
        <line num="363" count="0" type="stmt"/>
        <line num="364" count="0" type="cond" truecount="0" falsecount="2"/>
        <line num="365" count="0" type="stmt"/>
        <line num="366" count="0" type="cond" truecount="0" falsecount="2"/>
        <line num="367" count="0" type="stmt"/>
        <line num="372" count="0" type="stmt"/>
        <line num="374" count="0" type="stmt"/>
        <line num="398" count="21" type="stmt"/>
        <line num="400" count="13" type="cond" truecount="3" falsecount="1"/>
        <line num="402" count="13" type="cond" truecount="4" falsecount="0"/>
        <line num="403" count="2" type="stmt"/>
        <line num="405" count="2" type="stmt"/>
        <line num="406" count="2" type="cond" truecount="2" falsecount="0"/>
        <line num="407" count="1" type="stmt"/>
        <line num="408" count="1" type="stmt"/>
        <line num="409" count="1" type="stmt"/>
        <line num="413" count="1" type="cond" truecount="4" falsecount="1"/>
        <line num="415" count="1" type="stmt"/>
        <line num="416" count="1" type="stmt"/>
        <line num="418" count="1" type="stmt"/>
        <line num="419" count="1" type="stmt"/>
        <line num="420" count="5" type="cond" truecount="1" falsecount="3"/>
        <line num="422" count="0" type="stmt"/>
        <line num="423" count="0" type="stmt"/>
        <line num="426" count="1" type="stmt"/>
        <line num="427" count="1" type="stmt"/>
        <line num="428" count="1" type="stmt"/>
        <line num="429" count="1" type="stmt"/>
        <line num="430" count="1" type="stmt"/>
        <line num="433" count="1" type="stmt"/>
        <line num="441" count="2" type="stmt"/>
        <line num="449" count="2" type="stmt"/>
        <line num="450" count="0" type="stmt"/>
        <line num="454" count="2" type="cond" truecount="1" falsecount="1"/>
        <line num="455" count="1" type="stmt"/>
        <line num="456" count="0" type="cond" truecount="0" falsecount="2"/>
        <line num="457" count="0" type="stmt"/>
        <line num="458" count="0" type="stmt"/>
        <line num="462" count="11" type="cond" truecount="1" falsecount="1"/>
        <line num="463" count="0" type="stmt"/>
        <line num="464" count="0" type="stmt"/>
        <line num="465" count="11" type="cond" truecount="3" falsecount="1"/>
        <line num="466" count="11" type="stmt"/>
        <line num="467" count="11" type="stmt"/>
        <line num="487" count="21" type="stmt"/>
        <line num="488" count="21" type="stmt"/>
        <line num="489" count="0" type="cond" truecount="0" falsecount="4"/>
        <line num="490" count="0" type="stmt"/>
        <line num="491" count="0" type="cond" truecount="0" falsecount="2"/>
        <line num="492" count="0" type="stmt"/>
        <line num="495" count="21" type="stmt"/>
        <line num="496" count="21" type="stmt"/>
        <line num="504" count="21" type="stmt"/>
        <line num="505" count="21" type="cond" truecount="1" falsecount="1"/>
        <line num="506" count="21" type="cond" truecount="1" falsecount="1"/>
        <line num="509" count="21" type="stmt"/>
        <line num="512" count="21" type="stmt"/>
        <line num="513" count="21" type="stmt"/>
        <line num="516" count="21" type="stmt"/>
        <line num="517" count="21" type="stmt"/>
        <line num="519" count="21" type="stmt"/>
        <line num="520" count="21" type="stmt"/>
        <line num="522" count="21" type="cond" truecount="4" falsecount="0"/>
        <line num="523" count="4" type="stmt"/>
        <line num="526" count="17" type="cond" truecount="1" falsecount="1"/>
        <line num="527" count="0" type="stmt"/>
        <line num="537" count="17" type="stmt"/>
        <line num="599" count="0" type="stmt"/>
      </file>
    </package>
    <package name="components.ui">
      <metrics statements="37" coveredstatements="31" conditionals="56" coveredconditionals="45" methods="11" coveredmethods="8"/>
      <file name="difficultyToggle.tsx" path="C:\Users\extfoyn\source\repos\better-play-ERNI\frontend\src\components\ui\difficultyToggle.tsx">
        <metrics statements="12" coveredstatements="10" conditionals="19" coveredconditionals="16" methods="3" coveredmethods="3"/>
        <line num="12" count="1" type="stmt"/>
        <line num="19" count="5" type="stmt"/>
        <line num="21" count="5" type="stmt"/>
        <line num="22" count="3" type="stmt"/>
        <line num="25" count="5" type="stmt"/>
        <line num="27" count="1" type="cond" truecount="1" falsecount="1"/>
        <line num="28" count="0" type="stmt"/>
        <line num="29" count="0" type="stmt"/>
        <line num="32" count="1" type="stmt"/>
        <line num="33" count="1" type="stmt"/>
        <line num="34" count="1" type="stmt"/>
        <line num="37" count="5" type="stmt"/>
      </file>
      <file name="loadingSpinner.tsx" path="C:\Users\extfoyn\source\repos\better-play-ERNI\frontend\src\components\ui\loadingSpinner.tsx">
        <metrics statements="4" coveredstatements="4" conditionals="6" coveredconditionals="5" methods="1" coveredmethods="1"/>
        <line num="15" count="7" type="stmt"/>
        <line num="23" count="7" type="cond" truecount="2" falsecount="0"/>
        <line num="24" count="27" type="cond" truecount="1" falsecount="1"/>
        <line num="26" count="27" type="stmt"/>
      </file>
      <file name="postGameResultsModal.tsx" path="C:\Users\extfoyn\source\repos\better-play-ERNI\frontend\src\components\ui\postGameResultsModal.tsx">
        <metrics statements="11" coveredstatements="7" conditionals="20" coveredconditionals="15" methods="4" coveredmethods="1"/>
        <line num="15" count="3" type="stmt"/>
        <line num="23" count="1" type="stmt"/>
        <line num="24" count="1" type="stmt"/>
        <line num="26" count="1" type="stmt"/>
        <line num="28" count="1" type="stmt"/>
        <line num="30" count="1" type="stmt"/>
        <line num="31" count="0" type="stmt"/>
        <line num="32" count="0" type="stmt"/>
        <line num="35" count="1" type="stmt"/>
        <line num="83" count="0" type="stmt"/>
        <line num="106" count="0" type="stmt"/>
      </file>
      <file name="potentialScoreBar.tsx" path="C:\Users\extfoyn\source\repos\better-play-ERNI\frontend\src\components\ui\potentialScoreBar.tsx">
        <metrics statements="3" coveredstatements="3" conditionals="11" coveredconditionals="9" methods="1" coveredmethods="1"/>
        <line num="14" count="4" type="stmt"/>
        <line num="25" count="40" type="cond" truecount="1" falsecount="1"/>
        <line num="30" count="40" type="stmt"/>
      </file>
      <file name="timer.tsx" path="C:\Users\extfoyn\source\repos\better-play-ERNI\frontend\src\components\ui\timer.tsx">
        <metrics statements="7" coveredstatements="7" conditionals="0" coveredconditionals="0" methods="2" coveredmethods="2"/>
        <line num="6" count="4" type="stmt"/>
        <line num="7" count="39" type="stmt"/>
        <line num="8" count="39" type="stmt"/>
        <line num="9" count="39" type="stmt"/>
        <line num="12" count="39" type="stmt"/>
        <line num="19" count="4" type="stmt"/>
        <line num="20" count="39" type="stmt"/>
      </file>
    </package>
    <package name="services">
      <metrics statements="17" coveredstatements="15" conditionals="8" coveredconditionals="7" methods="4" coveredmethods="4"/>
      <file name="wordValidator.ts" path="C:\Users\extfoyn\source\repos\better-play-ERNI\frontend\src\services\wordValidator.ts">
        <metrics statements="17" coveredstatements="15" conditionals="8" coveredconditionals="7" methods="4" coveredmethods="4"/>
        <line num="5" count="1" type="stmt"/>
        <line num="8" count="1" type="stmt"/>
        <line num="9" count="3" type="cond" truecount="2" falsecount="0"/>
        <line num="10" count="2" type="stmt"/>
        <line num="13" count="1" type="stmt"/>
        <line num="14" count="1" type="stmt"/>
        <line num="15" count="1" type="cond" truecount="1" falsecount="1"/>
        <line num="16" count="3" type="stmt"/>
        <line num="17" count="3" type="stmt"/>
        <line num="19" count="0" type="stmt"/>
        <line num="20" count="0" type="stmt"/>
        <line num="29" count="1" type="stmt"/>
        <line num="30" count="5" type="stmt"/>
        <line num="31" count="5" type="stmt"/>
        <line num="33" count="5" type="cond" truecount="4" falsecount="0"/>
        <line num="35" count="3" type="stmt"/>
        <line num="36" count="3" type="stmt"/>
      </file>
    </package>
    <package name="types">
      <metrics statements="47" coveredstatements="4" conditionals="27" coveredconditionals="0" methods="4" coveredmethods="0"/>
      <file name="challenge.ts" path="C:\Users\extfoyn\source\repos\better-play-ERNI\frontend\src\types\challenge.ts">
        <metrics statements="47" coveredstatements="4" conditionals="27" coveredconditionals="0" methods="4" coveredmethods="0"/>
        <line num="43" count="1" type="stmt"/>
        <line num="44" count="0" type="cond" truecount="0" falsecount="2"/>
        <line num="45" count="0" type="cond" truecount="0" falsecount="2"/>
        <line num="47" count="0" type="stmt"/>
        <line num="48" count="0" type="stmt"/>
        <line num="50" count="0" type="stmt"/>
        <line num="54" count="1" type="stmt"/>
        <line num="55" count="0" type="stmt"/>
        <line num="56" count="0" type="stmt"/>
        <line num="57" count="0" type="stmt"/>
        <line num="59" count="0" type="cond" truecount="0" falsecount="2"/>
        <line num="61" count="0" type="stmt"/>
        <line num="62" count="0" type="stmt"/>
        <line num="64" count="0" type="cond" truecount="0" falsecount="2"/>
        <line num="65" count="0" type="stmt"/>
        <line num="66" count="0" type="cond" truecount="0" falsecount="2"/>
        <line num="67" count="0" type="stmt"/>
        <line num="69" count="0" type="stmt"/>
        <line num="74" count="1" type="stmt"/>
        <line num="79" count="0" type="cond" truecount="0" falsecount="4"/>
        <line num="80" count="0" type="stmt"/>
        <line num="87" count="0" type="stmt"/>
        <line num="88" count="0" type="stmt"/>
        <line num="89" count="0" type="stmt"/>
        <line num="91" count="0" type="cond" truecount="0" falsecount="2"/>
        <line num="92" count="0" type="stmt"/>
        <line num="99" count="0" type="stmt"/>
        <line num="100" count="0" type="stmt"/>
        <line num="105" count="0" type="cond" truecount="0" falsecount="2"/>
        <line num="106" count="0" type="stmt"/>
        <line num="107" count="0" type="stmt"/>
        <line num="108" count="0" type="cond" truecount="0" falsecount="2"/>
        <line num="109" count="0" type="stmt"/>
        <line num="110" count="0" type="stmt"/>
        <line num="111" count="0" type="cond" truecount="0" falsecount="2"/>
        <line num="112" count="0" type="stmt"/>
        <line num="113" count="0" type="stmt"/>
        <line num="115" count="0" type="stmt"/>
        <line num="116" count="0" type="stmt"/>
        <line num="119" count="0" type="stmt"/>
        <line num="127" count="1" type="stmt"/>
        <line num="132" count="0" type="cond" truecount="0" falsecount="5"/>
        <line num="134" count="0" type="stmt"/>
        <line num="140" count="0" type="stmt"/>
        <line num="146" count="0" type="stmt"/>
        <line num="152" count="0" type="stmt"/>
        <line num="158" count="0" type="stmt"/>
      </file>
    </package>
    <package name="utils">
      <metrics statements="29" coveredstatements="22" conditionals="28" coveredconditionals="16" methods="2" coveredmethods="2"/>
      <file name="SpeedBonus.ts" path="C:\Users\extfoyn\source\repos\better-play-ERNI\frontend\src\utils\SpeedBonus.ts">
        <metrics statements="12" coveredstatements="10" conditionals="12" coveredconditionals="10" methods="1" coveredmethods="1"/>
        <line num="12" count="53" type="cond" truecount="4" falsecount="0"/>
        <line num="13" count="1" type="stmt"/>
        <line num="16" count="52" type="stmt"/>
        <line num="18" count="52" type="cond" truecount="2" falsecount="0"/>
        <line num="19" count="50" type="stmt"/>
        <line num="20" count="2" type="cond" truecount="2" falsecount="0"/>
        <line num="21" count="1" type="stmt"/>
        <line num="22" count="1" type="cond" truecount="1" falsecount="1"/>
        <line num="23" count="0" type="stmt"/>
        <line num="24" count="1" type="cond" truecount="1" falsecount="1"/>
        <line num="25" count="0" type="stmt"/>
        <line num="27" count="1" type="stmt"/>
      </file>
      <file name="timeFormat.ts" path="C:\Users\extfoyn\source\repos\better-play-ERNI\frontend\src\utils\timeFormat.ts">
        <metrics statements="17" coveredstatements="12" conditionals="16" coveredconditionals="6" methods="1" coveredmethods="1"/>
        <line num="3" count="4" type="stmt"/>
        <line num="4" count="4" type="stmt"/>
        <line num="5" count="4" type="stmt"/>
        <line num="6" count="4" type="stmt"/>
        <line num="7" count="4" type="stmt"/>
        <line num="8" count="4" type="stmt"/>
        <line num="11" count="4" type="cond" truecount="1" falsecount="1"/>
        <line num="12" count="0" type="stmt"/>
        <line num="16" count="4" type="cond" truecount="1" falsecount="1"/>
        <line num="17" count="0" type="cond" truecount="0" falsecount="2"/>
        <line num="21" count="4" type="cond" truecount="1" falsecount="1"/>
        <line num="22" count="0" type="cond" truecount="0" falsecount="2"/>
        <line num="26" count="4" type="cond" truecount="1" falsecount="1"/>
        <line num="27" count="0" type="stmt"/>
        <line num="31" count="4" type="cond" truecount="1" falsecount="1"/>
        <line num="32" count="0" type="stmt"/>
        <line num="36" count="4" type="stmt"/>
      </file>
    </package>
  </project>
</coverage>
