{"C:\\Users\\extfoyn\\source\\repos\\better-play-ERNI\\frontend\\src\\api\\authService.ts": {"path":"C:\\Users\\extfoyn\\source\\repos\\better-play-ERNI\\frontend\\src\\api\\authService.ts","statementMap":{"0":{"start":{"line":4,"column":23},"end":{"line":4,"column":null}},"1":{"start":{"line":10,"column":25},"end":{"line":29,"column":null}},"2":{"start":{"line":14,"column":2},"end":{"line":28,"column":null}},"3":{"start":{"line":15,"column":21},"end":{"line":17,"column":null}},"4":{"start":{"line":19,"column":4},"end":{"line":21,"column":null}},"5":{"start":{"line":20,"column":6},"end":{"line":20,"column":null}},"6":{"start":{"line":23,"column":17},"end":{"line":23,"column":null}},"7":{"start":{"line":24,"column":4},"end":{"line":24,"column":null}},"8":{"start":{"line":26,"column":4},"end":{"line":26,"column":null}},"9":{"start":{"line":27,"column":4},"end":{"line":27,"column":null}},"10":{"start":{"line":35,"column":35},"end":{"line":45,"column":null}},"11":{"start":{"line":36,"column":19},"end":{"line":38,"column":null}},"12":{"start":{"line":40,"column":2},"end":{"line":42,"column":null}},"13":{"start":{"line":41,"column":4},"end":{"line":41,"column":null}},"14":{"start":{"line":44,"column":2},"end":{"line":44,"column":null}},"15":{"start":{"line":52,"column":26},"end":{"line":75,"column":null}},"16":{"start":{"line":53,"column":20},"end":{"line":53,"column":null}},"17":{"start":{"line":54,"column":2},"end":{"line":56,"column":null}},"18":{"start":{"line":55,"column":4},"end":{"line":55,"column":null}},"19":{"start":{"line":58,"column":19},"end":{"line":67,"column":null}},"20":{"start":{"line":69,"column":2},"end":{"line":74,"column":null}},"21":{"start":{"line":71,"column":24},"end":{"line":71,"column":null}},"22":{"start":{"line":72,"column":6},"end":{"line":72,"column":null}},"23":{"start":{"line":73,"column":6},"end":{"line":73,"column":null}},"24":{"start":{"line":81,"column":30},"end":{"line":104,"column":null}},"25":{"start":{"line":82,"column":2},"end":{"line":103,"column":null}},"26":{"start":{"line":83,"column":4},"end":{"line":83,"column":null}},"27":{"start":{"line":84,"column":21},"end":{"line":89,"column":null}},"28":{"start":{"line":91,"column":4},"end":{"line":94,"column":null}},"29":{"start":{"line":92,"column":6},"end":{"line":92,"column":null}},"30":{"start":{"line":93,"column":6},"end":{"line":93,"column":null}},"31":{"start":{"line":96,"column":31},"end":{"line":96,"column":null}},"32":{"start":{"line":97,"column":4},"end":{"line":97,"column":null}},"33":{"start":{"line":98,"column":4},"end":{"line":98,"column":null}},"34":{"start":{"line":101,"column":4},"end":{"line":101,"column":null}},"35":{"start":{"line":102,"column":4},"end":{"line":102,"column":null}},"36":{"start":{"line":110,"column":31},"end":{"line":145,"column":null}},"37":{"start":{"line":111,"column":2},"end":{"line":144,"column":null}},"38":{"start":{"line":112,"column":4},"end":{"line":112,"column":null}},"39":{"start":{"line":115,"column":22},"end":{"line":115,"column":null}},"40":{"start":{"line":116,"column":4},"end":{"line":119,"column":null}},"41":{"start":{"line":117,"column":6},"end":{"line":117,"column":null}},"42":{"start":{"line":118,"column":6},"end":{"line":118,"column":null}},"43":{"start":{"line":121,"column":21},"end":{"line":129,"column":null}},"44":{"start":{"line":131,"column":4},"end":{"line":135,"column":null}},"45":{"start":{"line":132,"column":24},"end":{"line":132,"column":null}},"46":{"start":{"line":132,"column":59},"end":{"line":132,"column":62}},"47":{"start":{"line":133,"column":6},"end":{"line":133,"column":null}},"48":{"start":{"line":134,"column":6},"end":{"line":134,"column":null}},"49":{"start":{"line":137,"column":44},"end":{"line":137,"column":null}},"50":{"start":{"line":138,"column":4},"end":{"line":138,"column":null}},"51":{"start":{"line":139,"column":4},"end":{"line":139,"column":null}},"52":{"start":{"line":142,"column":4},"end":{"line":142,"column":null}},"53":{"start":{"line":143,"column":4},"end":{"line":143,"column":null}},"54":{"start":{"line":151,"column":20},"end":{"line":151,"column":null}},"55":{"start":{"line":152,"column":2},"end":{"line":161,"column":null}},"56":{"start":{"line":153,"column":20},"end":{"line":153,"column":null}},"57":{"start":{"line":154,"column":4},"end":{"line":160,"column":null}},"58":{"start":{"line":154,"column":17},"end":{"line":154,"column":20}},"59":{"start":{"line":155,"column":21},"end":{"line":155,"column":null}},"60":{"start":{"line":156,"column":6},"end":{"line":159,"column":null}},"61":{"start":{"line":157,"column":8},"end":{"line":157,"column":null}},"62":{"start":{"line":158,"column":8},"end":{"line":158,"column":null}},"63":{"start":{"line":162,"column":2},"end":{"line":162,"column":null}}},"fnMap":{"0":{"name":"(anonymous_0)","decl":{"start":{"line":10,"column":25},"end":{"line":10,"column":null}},"loc":{"start":{"line":13,"column":6},"end":{"line":29,"column":null}},"line":13},"1":{"name":"(anonymous_1)","decl":{"start":{"line":35,"column":35},"end":{"line":35,"column":78}},"loc":{"start":{"line":35,"column":78},"end":{"line":45,"column":null}},"line":35},"2":{"name":"(anonymous_2)","decl":{"start":{"line":52,"column":26},"end":{"line":52,"column":53}},"loc":{"start":{"line":52,"column":53},"end":{"line":75,"column":null}},"line":52},"3":{"name":"(anonymous_3)","decl":{"start":{"line":81,"column":30},"end":{"line":81,"column":65}},"loc":{"start":{"line":81,"column":65},"end":{"line":104,"column":null}},"line":81},"4":{"name":"(anonymous_4)","decl":{"start":{"line":110,"column":31},"end":{"line":110,"column":38}},"loc":{"start":{"line":110,"column":85},"end":{"line":145,"column":null}},"line":110},"5":{"name":"(anonymous_5)","decl":{"start":{"line":132,"column":52},"end":{"line":132,"column":59}},"loc":{"start":{"line":132,"column":59},"end":{"line":132,"column":62}},"line":132},"6":{"name":"getCookie","decl":{"start":{"line":150,"column":16},"end":{"line":150,"column":26}},"loc":{"start":{"line":150,"column":55},"end":{"line":163,"column":null}},"line":150}},"branchMap":{"0":{"loc":{"start":{"line":4,"column":23},"end":{"line":4,"column":null}},"type":"binary-expr","locations":[{"start":{"line":4,"column":23},"end":{"line":4,"column":55}},{"start":{"line":4,"column":55},"end":{"line":4,"column":null}}],"line":4},"1":{"loc":{"start":{"line":19,"column":4},"end":{"line":21,"column":null}},"type":"if","locations":[{"start":{"line":19,"column":4},"end":{"line":21,"column":null}},{"start":{},"end":{}}],"line":19},"2":{"loc":{"start":{"line":40,"column":2},"end":{"line":42,"column":null}},"type":"if","locations":[{"start":{"line":40,"column":2},"end":{"line":42,"column":null}},{"start":{},"end":{}}],"line":40},"3":{"loc":{"start":{"line":54,"column":2},"end":{"line":56,"column":null}},"type":"if","locations":[{"start":{"line":54,"column":2},"end":{"line":56,"column":null}},{"start":{},"end":{}}],"line":54},"4":{"loc":{"start":{"line":64,"column":21},"end":{"line":64,"column":null}},"type":"binary-expr","locations":[{"start":{"line":64,"column":21},"end":{"line":64,"column":34}},{"start":{"line":64,"column":34},"end":{"line":64,"column":null}}],"line":64},"5":{"loc":{"start":{"line":69,"column":2},"end":{"line":74,"column":null}},"type":"if","locations":[{"start":{"line":69,"column":2},"end":{"line":74,"column":null}},{"start":{},"end":{}}],"line":69},"6":{"loc":{"start":{"line":91,"column":4},"end":{"line":94,"column":null}},"type":"if","locations":[{"start":{"line":91,"column":4},"end":{"line":94,"column":null}},{"start":{},"end":{}}],"line":91},"7":{"loc":{"start":{"line":116,"column":4},"end":{"line":119,"column":null}},"type":"if","locations":[{"start":{"line":116,"column":4},"end":{"line":119,"column":null}},{"start":{},"end":{}}],"line":116},"8":{"loc":{"start":{"line":131,"column":4},"end":{"line":135,"column":null}},"type":"if","locations":[{"start":{"line":131,"column":4},"end":{"line":135,"column":null}},{"start":{},"end":{}}],"line":131},"9":{"loc":{"start":{"line":134,"column":53},"end":{"line":134,"column":92}},"type":"binary-expr","locations":[{"start":{"line":134,"column":53},"end":{"line":134,"column":73}},{"start":{"line":134,"column":73},"end":{"line":134,"column":92}}],"line":134},"10":{"loc":{"start":{"line":152,"column":2},"end":{"line":161,"column":null}},"type":"if","locations":[{"start":{"line":152,"column":2},"end":{"line":161,"column":null}},{"start":{},"end":{}}],"line":152},"11":{"loc":{"start":{"line":152,"column":6},"end":{"line":152,"column":49}},"type":"binary-expr","locations":[{"start":{"line":152,"column":6},"end":{"line":152,"column":25}},{"start":{"line":152,"column":25},"end":{"line":152,"column":49}}],"line":152},"12":{"loc":{"start":{"line":156,"column":6},"end":{"line":159,"column":null}},"type":"if","locations":[{"start":{"line":156,"column":6},"end":{"line":159,"column":null}},{"start":{},"end":{}}],"line":156}},"s":{"0":2,"1":2,"2":0,"3":0,"4":0,"5":0,"6":0,"7":0,"8":0,"9":0,"10":2,"11":0,"12":0,"13":0,"14":0,"15":2,"16":0,"17":0,"18":0,"19":0,"20":0,"21":0,"22":0,"23":0,"24":2,"25":0,"26":0,"27":0,"28":0,"29":0,"30":0,"31":0,"32":0,"33":0,"34":0,"35":0,"36":2,"37":0,"38":0,"39":0,"40":0,"41":0,"42":0,"43":0,"44":0,"45":0,"46":0,"47":0,"48":0,"49":0,"50":0,"51":0,"52":0,"53":0,"54":0,"55":0,"56":0,"57":0,"58":0,"59":0,"60":0,"61":0,"62":0,"63":0},"f":{"0":0,"1":0,"2":0,"3":0,"4":0,"5":0,"6":0},"b":{"0":[2,2],"1":[0,0],"2":[0,0],"3":[0,0],"4":[0,0],"5":[0,0],"6":[0,0],"7":[0,0],"8":[0,0],"9":[0,0],"10":[0,0],"11":[0,0],"12":[0,0]},"meta":{"lastBranch":13,"lastFunction":7,"lastStatement":64,"seen":{"s:4:23:4:Infinity":0,"b:4:23:4:55:4:55:4:Infinity":0,"s:10:25:29:Infinity":1,"f:10:25:10:Infinity":0,"s:14:2:28:Infinity":2,"s:15:21:17:Infinity":3,"b:19:4:21:Infinity:undefined:undefined:undefined:undefined":1,"s:19:4:21:Infinity":4,"s:20:6:20:Infinity":5,"s:23:17:23:Infinity":6,"s:24:4:24:Infinity":7,"s:26:4:26:Infinity":8,"s:27:4:27:Infinity":9,"s:35:35:45:Infinity":10,"f:35:35:35:78":1,"s:36:19:38:Infinity":11,"b:40:2:42:Infinity:undefined:undefined:undefined:undefined":2,"s:40:2:42:Infinity":12,"s:41:4:41:Infinity":13,"s:44:2:44:Infinity":14,"s:52:26:75:Infinity":15,"f:52:26:52:53":2,"s:53:20:53:Infinity":16,"b:54:2:56:Infinity:undefined:undefined:undefined:undefined":3,"s:54:2:56:Infinity":17,"s:55:4:55:Infinity":18,"s:58:19:67:Infinity":19,"b:64:21:64:34:64:34:64:Infinity":4,"b:69:2:74:Infinity:undefined:undefined:undefined:undefined":5,"s:69:2:74:Infinity":20,"s:71:24:71:Infinity":21,"s:72:6:72:Infinity":22,"s:73:6:73:Infinity":23,"s:81:30:104:Infinity":24,"f:81:30:81:65":3,"s:82:2:103:Infinity":25,"s:83:4:83:Infinity":26,"s:84:21:89:Infinity":27,"b:91:4:94:Infinity:undefined:undefined:undefined:undefined":6,"s:91:4:94:Infinity":28,"s:92:6:92:Infinity":29,"s:93:6:93:Infinity":30,"s:96:31:96:Infinity":31,"s:97:4:97:Infinity":32,"s:98:4:98:Infinity":33,"s:101:4:101:Infinity":34,"s:102:4:102:Infinity":35,"s:110:31:145:Infinity":36,"f:110:31:110:38":4,"s:111:2:144:Infinity":37,"s:112:4:112:Infinity":38,"s:115:22:115:Infinity":39,"b:116:4:119:Infinity:undefined:undefined:undefined:undefined":7,"s:116:4:119:Infinity":40,"s:117:6:117:Infinity":41,"s:118:6:118:Infinity":42,"s:121:21:129:Infinity":43,"b:131:4:135:Infinity:undefined:undefined:undefined:undefined":8,"s:131:4:135:Infinity":44,"s:132:24:132:Infinity":45,"f:132:52:132:59":5,"s:132:59:132:62":46,"s:133:6:133:Infinity":47,"s:134:6:134:Infinity":48,"b:134:53:134:73:134:73:134:92":9,"s:137:44:137:Infinity":49,"s:138:4:138:Infinity":50,"s:139:4:139:Infinity":51,"s:142:4:142:Infinity":52,"s:143:4:143:Infinity":53,"f:150:16:150:26":6,"s:151:20:151:Infinity":54,"b:152:2:161:Infinity:undefined:undefined:undefined:undefined":10,"s:152:2:161:Infinity":55,"b:152:6:152:25:152:25:152:49":11,"s:153:20:153:Infinity":56,"s:154:4:160:Infinity":57,"s:154:17:154:20":58,"s:155:21:155:Infinity":59,"b:156:6:159:Infinity:undefined:undefined:undefined:undefined":12,"s:156:6:159:Infinity":60,"s:157:8:157:Infinity":61,"s:158:8:158:Infinity":62,"s:162:2:162:Infinity":63}}}
,"C:\\Users\\extfoyn\\source\\repos\\better-play-ERNI\\frontend\\src\\api\\challengeService.ts": {"path":"C:\\Users\\extfoyn\\source\\repos\\better-play-ERNI\\frontend\\src\\api\\challengeService.ts","statementMap":{"0":{"start":{"line":10,"column":16},"end":{"line":10,"column":null}},"1":{"start":{"line":16,"column":15},"end":{"line":16,"column":null}},"2":{"start":{"line":17,"column":18},"end":{"line":17,"column":null}},"3":{"start":{"line":18,"column":2},"end":{"line":21,"column":null}},"4":{"start":{"line":19,"column":25},"end":{"line":19,"column":null}},"5":{"start":{"line":20,"column":4},"end":{"line":20,"column":null}},"6":{"start":{"line":20,"column":22},"end":{"line":20,"column":null}},"7":{"start":{"line":22,"column":2},"end":{"line":22,"column":null}},"8":{"start":{"line":28,"column":27},"end":{"line":51,"column":null}},"9":{"start":{"line":41,"column":19},"end":{"line":47,"column":null}},"10":{"start":{"line":49,"column":2},"end":{"line":49,"column":null}},"11":{"start":{"line":49,"column":20},"end":{"line":49,"column":null}},"12":{"start":{"line":50,"column":2},"end":{"line":50,"column":null}},"13":{"start":{"line":56,"column":36},"end":{"line":69,"column":null}},"14":{"start":{"line":62,"column":19},"end":{"line":65,"column":null}},"15":{"start":{"line":67,"column":2},"end":{"line":67,"column":null}},"16":{"start":{"line":67,"column":20},"end":{"line":67,"column":null}},"17":{"start":{"line":68,"column":2},"end":{"line":68,"column":null}},"18":{"start":{"line":74,"column":38},"end":{"line":87,"column":null}},"19":{"start":{"line":80,"column":19},"end":{"line":83,"column":null}},"20":{"start":{"line":85,"column":2},"end":{"line":85,"column":null}},"21":{"start":{"line":85,"column":20},"end":{"line":85,"column":null}},"22":{"start":{"line":86,"column":2},"end":{"line":86,"column":null}},"23":{"start":{"line":92,"column":29},"end":{"line":132,"column":null}},"24":{"start":{"line":95,"column":20},"end":{"line":95,"column":null}},"25":{"start":{"line":97,"column":2},"end":{"line":97,"column":null}},"26":{"start":{"line":98,"column":2},"end":{"line":98,"column":null}},"27":{"start":{"line":100,"column":19},"end":{"line":108,"column":null}},"28":{"start":{"line":110,"column":2},"end":{"line":110,"column":null}},"29":{"start":{"line":111,"column":2},"end":{"line":111,"column":null}},"30":{"start":{"line":113,"column":2},"end":{"line":129,"column":null}},"31":{"start":{"line":114,"column":24},"end":{"line":114,"column":null}},"32":{"start":{"line":115,"column":4},"end":{"line":115,"column":null}},"33":{"start":{"line":117,"column":4},"end":{"line":128,"column":null}},"34":{"start":{"line":118,"column":20},"end":{"line":118,"column":null}},"35":{"start":{"line":119,"column":6},"end":{"line":119,"column":null}},"36":{"start":{"line":120,"column":6},"end":{"line":120,"column":null}},"37":{"start":{"line":122,"column":19},"end":{"line":122,"column":null}},"38":{"start":{"line":123,"column":6},"end":{"line":126,"column":null}},"39":{"start":{"line":127,"column":6},"end":{"line":127,"column":null}},"40":{"start":{"line":131,"column":2},"end":{"line":131,"column":null}},"41":{"start":{"line":137,"column":33},"end":{"line":216,"column":null}},"42":{"start":{"line":177,"column":20},"end":{"line":177,"column":null}},"43":{"start":{"line":179,"column":2},"end":{"line":179,"column":null}},"44":{"start":{"line":180,"column":2},"end":{"line":180,"column":null}},"45":{"start":{"line":182,"column":19},"end":{"line":193,"column":null}},"46":{"start":{"line":195,"column":2},"end":{"line":195,"column":null}},"47":{"start":{"line":197,"column":2},"end":{"line":213,"column":null}},"48":{"start":{"line":198,"column":24},"end":{"line":198,"column":null}},"49":{"start":{"line":199,"column":4},"end":{"line":199,"column":null}},"50":{"start":{"line":201,"column":4},"end":{"line":212,"column":null}},"51":{"start":{"line":202,"column":20},"end":{"line":202,"column":null}},"52":{"start":{"line":203,"column":6},"end":{"line":203,"column":null}},"53":{"start":{"line":204,"column":6},"end":{"line":204,"column":null}},"54":{"start":{"line":206,"column":19},"end":{"line":206,"column":null}},"55":{"start":{"line":207,"column":6},"end":{"line":210,"column":null}},"56":{"start":{"line":211,"column":6},"end":{"line":211,"column":null}},"57":{"start":{"line":215,"column":2},"end":{"line":215,"column":null}},"58":{"start":{"line":218,"column":28},"end":{"line":233,"column":null}},"59":{"start":{"line":226,"column":19},"end":{"line":229,"column":null}},"60":{"start":{"line":231,"column":2},"end":{"line":231,"column":null}},"61":{"start":{"line":231,"column":20},"end":{"line":231,"column":null}},"62":{"start":{"line":232,"column":2},"end":{"line":232,"column":null}}},"fnMap":{"0":{"name":"getCsrfToken","decl":{"start":{"line":15,"column":9},"end":{"line":15,"column":39}},"loc":{"start":{"line":15,"column":39},"end":{"line":23,"column":null}},"line":15},"1":{"name":"(anonymous_1)","decl":{"start":{"line":28,"column":27},"end":{"line":28,"column":null}},"loc":{"start":{"line":30,"column":64},"end":{"line":51,"column":null}},"line":30},"2":{"name":"(anonymous_2)","decl":{"start":{"line":56,"column":36},"end":{"line":56,"column":70}},"loc":{"start":{"line":56,"column":70},"end":{"line":69,"column":null}},"line":56},"3":{"name":"(anonymous_3)","decl":{"start":{"line":74,"column":38},"end":{"line":74,"column":72}},"loc":{"start":{"line":74,"column":72},"end":{"line":87,"column":null}},"line":74},"4":{"name":"(anonymous_4)","decl":{"start":{"line":92,"column":29},"end":{"line":92,"column":null}},"loc":{"start":{"line":94,"column":25},"end":{"line":132,"column":null}},"line":94},"5":{"name":"(anonymous_5)","decl":{"start":{"line":137,"column":33},"end":{"line":137,"column":null}},"loc":{"start":{"line":140,"column":25},"end":{"line":216,"column":null}},"line":140},"6":{"name":"(anonymous_6)","decl":{"start":{"line":218,"column":28},"end":{"line":218,"column":null}},"loc":{"start":{"line":220,"column":5},"end":{"line":233,"column":null}},"line":220}},"branchMap":{"0":{"loc":{"start":{"line":10,"column":16},"end":{"line":10,"column":null}},"type":"binary-expr","locations":[{"start":{"line":10,"column":16},"end":{"line":10,"column":48}},{"start":{"line":10,"column":48},"end":{"line":10,"column":null}}],"line":10},"1":{"loc":{"start":{"line":20,"column":4},"end":{"line":20,"column":null}},"type":"if","locations":[{"start":{"line":20,"column":4},"end":{"line":20,"column":null}},{"start":{},"end":{}}],"line":20},"2":{"loc":{"start":{"line":49,"column":2},"end":{"line":49,"column":null}},"type":"if","locations":[{"start":{"line":49,"column":2},"end":{"line":49,"column":null}},{"start":{},"end":{}}],"line":49},"3":{"loc":{"start":{"line":67,"column":2},"end":{"line":67,"column":null}},"type":"if","locations":[{"start":{"line":67,"column":2},"end":{"line":67,"column":null}},{"start":{},"end":{}}],"line":67},"4":{"loc":{"start":{"line":85,"column":2},"end":{"line":85,"column":null}},"type":"if","locations":[{"start":{"line":85,"column":2},"end":{"line":85,"column":null}},{"start":{},"end":{}}],"line":85},"5":{"loc":{"start":{"line":104,"column":10},"end":{"line":104,"column":null}},"type":"binary-expr","locations":[{"start":{"line":104,"column":10},"end":{"line":104,"column":23}},{"start":{"line":104,"column":23},"end":{"line":104,"column":null}}],"line":104},"6":{"loc":{"start":{"line":113,"column":2},"end":{"line":129,"column":null}},"type":"if","locations":[{"start":{"line":113,"column":2},"end":{"line":129,"column":null}},{"start":{},"end":{}}],"line":113},"7":{"loc":{"start":{"line":117,"column":4},"end":{"line":128,"column":null}},"type":"if","locations":[{"start":{"line":117,"column":4},"end":{"line":128,"column":null}},{"start":{"line":121,"column":11},"end":{"line":128,"column":null}}],"line":117},"8":{"loc":{"start":{"line":120,"column":22},"end":{"line":120,"column":63}},"type":"binary-expr","locations":[{"start":{"line":120,"column":22},"end":{"line":120,"column":37}},{"start":{"line":120,"column":37},"end":{"line":120,"column":63}}],"line":120},"9":{"loc":{"start":{"line":188,"column":12},"end":{"line":188,"column":null}},"type":"binary-expr","locations":[{"start":{"line":188,"column":12},"end":{"line":188,"column":25}},{"start":{"line":188,"column":25},"end":{"line":188,"column":null}}],"line":188},"10":{"loc":{"start":{"line":197,"column":2},"end":{"line":213,"column":null}},"type":"if","locations":[{"start":{"line":197,"column":2},"end":{"line":213,"column":null}},{"start":{},"end":{}}],"line":197},"11":{"loc":{"start":{"line":201,"column":4},"end":{"line":212,"column":null}},"type":"if","locations":[{"start":{"line":201,"column":4},"end":{"line":212,"column":null}},{"start":{"line":205,"column":11},"end":{"line":212,"column":null}}],"line":201},"12":{"loc":{"start":{"line":204,"column":22},"end":{"line":204,"column":67}},"type":"binary-expr","locations":[{"start":{"line":204,"column":22},"end":{"line":204,"column":37}},{"start":{"line":204,"column":37},"end":{"line":204,"column":67}}],"line":204},"13":{"loc":{"start":{"line":231,"column":2},"end":{"line":231,"column":null}},"type":"if","locations":[{"start":{"line":231,"column":2},"end":{"line":231,"column":null}},{"start":{},"end":{}}],"line":231}},"s":{"0":2,"1":0,"2":0,"3":0,"4":0,"5":0,"6":0,"7":0,"8":2,"9":0,"10":0,"11":0,"12":0,"13":2,"14":0,"15":0,"16":0,"17":0,"18":2,"19":0,"20":0,"21":0,"22":0,"23":2,"24":0,"25":0,"26":0,"27":0,"28":0,"29":0,"30":0,"31":0,"32":0,"33":0,"34":0,"35":0,"36":0,"37":0,"38":0,"39":0,"40":0,"41":2,"42":0,"43":0,"44":0,"45":0,"46":0,"47":0,"48":0,"49":0,"50":0,"51":0,"52":0,"53":0,"54":0,"55":0,"56":0,"57":0,"58":2,"59":0,"60":0,"61":0,"62":0},"f":{"0":0,"1":0,"2":0,"3":0,"4":0,"5":0,"6":0},"b":{"0":[2,2],"1":[0,0],"2":[0,0],"3":[0,0],"4":[0,0],"5":[0,0],"6":[0,0],"7":[0,0],"8":[0,0],"9":[0,0],"10":[0,0],"11":[0,0],"12":[0,0],"13":[0,0]},"meta":{"lastBranch":14,"lastFunction":7,"lastStatement":63,"seen":{"s:10:16:10:Infinity":0,"b:10:16:10:48:10:48:10:Infinity":0,"f:15:9:15:39":0,"s:16:15:16:Infinity":1,"s:17:18:17:Infinity":2,"s:18:2:21:Infinity":3,"s:19:25:19:Infinity":4,"b:20:4:20:Infinity:undefined:undefined:undefined:undefined":1,"s:20:4:20:Infinity":5,"s:20:22:20:Infinity":6,"s:22:2:22:Infinity":7,"s:28:27:51:Infinity":8,"f:28:27:28:Infinity":1,"s:41:19:47:Infinity":9,"b:49:2:49:Infinity:undefined:undefined:undefined:undefined":2,"s:49:2:49:Infinity":10,"s:49:20:49:Infinity":11,"s:50:2:50:Infinity":12,"s:56:36:69:Infinity":13,"f:56:36:56:70":2,"s:62:19:65:Infinity":14,"b:67:2:67:Infinity:undefined:undefined:undefined:undefined":3,"s:67:2:67:Infinity":15,"s:67:20:67:Infinity":16,"s:68:2:68:Infinity":17,"s:74:38:87:Infinity":18,"f:74:38:74:72":3,"s:80:19:83:Infinity":19,"b:85:2:85:Infinity:undefined:undefined:undefined:undefined":4,"s:85:2:85:Infinity":20,"s:85:20:85:Infinity":21,"s:86:2:86:Infinity":22,"s:92:29:132:Infinity":23,"f:92:29:92:Infinity":4,"s:95:20:95:Infinity":24,"s:97:2:97:Infinity":25,"s:98:2:98:Infinity":26,"s:100:19:108:Infinity":27,"b:104:10:104:23:104:23:104:Infinity":5,"s:110:2:110:Infinity":28,"s:111:2:111:Infinity":29,"b:113:2:129:Infinity:undefined:undefined:undefined:undefined":6,"s:113:2:129:Infinity":30,"s:114:24:114:Infinity":31,"s:115:4:115:Infinity":32,"b:117:4:128:Infinity:121:11:128:Infinity":7,"s:117:4:128:Infinity":33,"s:118:20:118:Infinity":34,"s:119:6:119:Infinity":35,"s:120:6:120:Infinity":36,"b:120:22:120:37:120:37:120:63":8,"s:122:19:122:Infinity":37,"s:123:6:126:Infinity":38,"s:127:6:127:Infinity":39,"s:131:2:131:Infinity":40,"s:137:33:216:Infinity":41,"f:137:33:137:Infinity":5,"s:177:20:177:Infinity":42,"s:179:2:179:Infinity":43,"s:180:2:180:Infinity":44,"s:182:19:193:Infinity":45,"b:188:12:188:25:188:25:188:Infinity":9,"s:195:2:195:Infinity":46,"b:197:2:213:Infinity:undefined:undefined:undefined:undefined":10,"s:197:2:213:Infinity":47,"s:198:24:198:Infinity":48,"s:199:4:199:Infinity":49,"b:201:4:212:Infinity:205:11:212:Infinity":11,"s:201:4:212:Infinity":50,"s:202:20:202:Infinity":51,"s:203:6:203:Infinity":52,"s:204:6:204:Infinity":53,"b:204:22:204:37:204:37:204:67":12,"s:206:19:206:Infinity":54,"s:207:6:210:Infinity":55,"s:211:6:211:Infinity":56,"s:215:2:215:Infinity":57,"s:218:28:233:Infinity":58,"f:218:28:218:Infinity":6,"s:226:19:229:Infinity":59,"b:231:2:231:Infinity:undefined:undefined:undefined:undefined":13,"s:231:2:231:Infinity":60,"s:231:20:231:Infinity":61,"s:232:2:232:Infinity":62}}}
,"C:\\Users\\extfoyn\\source\\repos\\better-play-ERNI\\frontend\\src\\assets\\sounds\\backspace.mp3": {"path":"C:\\Users\\extfoyn\\source\\repos\\better-play-ERNI\\frontend\\src\\assets\\sounds\\backspace.mp3","statementMap":{},"fnMap":{},"branchMap":{},"s":{},"f":{},"b":{},"meta":{"lastBranch":0,"lastFunction":0,"lastStatement":0,"seen":{}}}
,"C:\\Users\\extfoyn\\source\\repos\\better-play-ERNI\\frontend\\src\\assets\\sounds\\error.mp3": {"path":"C:\\Users\\extfoyn\\source\\repos\\better-play-ERNI\\frontend\\src\\assets\\sounds\\error.mp3","statementMap":{},"fnMap":{},"branchMap":{},"s":{},"f":{},"b":{},"meta":{"lastBranch":0,"lastFunction":0,"lastStatement":0,"seen":{}}}
,"C:\\Users\\extfoyn\\source\\repos\\better-play-ERNI\\frontend\\src\\assets\\sounds\\keyboard_press_1.mp3": {"path":"C:\\Users\\extfoyn\\source\\repos\\better-play-ERNI\\frontend\\src\\assets\\sounds\\keyboard_press_1.mp3","statementMap":{},"fnMap":{},"branchMap":{},"s":{},"f":{},"b":{},"meta":{"lastBranch":0,"lastFunction":0,"lastStatement":0,"seen":{}}}
,"C:\\Users\\extfoyn\\source\\repos\\better-play-ERNI\\frontend\\src\\assets\\sounds\\keyboard_press_2.mp3": {"path":"C:\\Users\\extfoyn\\source\\repos\\better-play-ERNI\\frontend\\src\\assets\\sounds\\keyboard_press_2.mp3","statementMap":{},"fnMap":{},"branchMap":{},"s":{},"f":{},"b":{},"meta":{"lastBranch":0,"lastFunction":0,"lastStatement":0,"seen":{}}}
,"C:\\Users\\extfoyn\\source\\repos\\better-play-ERNI\\frontend\\src\\assets\\sounds\\keyboard_press_3.mp3": {"path":"C:\\Users\\extfoyn\\source\\repos\\better-play-ERNI\\frontend\\src\\assets\\sounds\\keyboard_press_3.mp3","statementMap":{},"fnMap":{},"branchMap":{},"s":{},"f":{},"b":{},"meta":{"lastBranch":0,"lastFunction":0,"lastStatement":0,"seen":{}}}
,"C:\\Users\\extfoyn\\source\\repos\\better-play-ERNI\\frontend\\src\\assets\\sounds\\success.mp3": {"path":"C:\\Users\\extfoyn\\source\\repos\\better-play-ERNI\\frontend\\src\\assets\\sounds\\success.mp3","statementMap":{},"fnMap":{},"branchMap":{},"s":{},"f":{},"b":{},"meta":{"lastBranch":0,"lastFunction":0,"lastStatement":0,"seen":{}}}
,"C:\\Users\\extfoyn\\source\\repos\\better-play-ERNI\\frontend\\src\\components\\features\\whosOnline.tsx": {"path":"C:\\Users\\extfoyn\\source\\repos\\better-play-ERNI\\frontend\\src\\components\\features\\whosOnline.tsx","statementMap":{"0":{"start":{"line":4,"column":26},"end":{"line":14,"column":null}},"1":{"start":{"line":5,"column":2},"end":{"line":12,"column":null}}},"fnMap":{"0":{"name":"(anonymous_0)","decl":{"start":{"line":4,"column":26},"end":{"line":4,"column":32}},"loc":{"start":{"line":4,"column":32},"end":{"line":14,"column":null}},"line":4}},"branchMap":{},"s":{"0":1,"1":1},"f":{"0":1},"b":{},"meta":{"lastBranch":0,"lastFunction":1,"lastStatement":2,"seen":{"s:4:26:14:Infinity":0,"f:4:26:4:32":0,"s:5:2:12:Infinity":1}}}
,"C:\\Users\\extfoyn\\source\\repos\\better-play-ERNI\\frontend\\src\\components\\features\\whosOnlineCard.tsx": {"path":"C:\\Users\\extfoyn\\source\\repos\\better-play-ERNI\\frontend\\src\\components\\features\\whosOnlineCard.tsx","statementMap":{"0":{"start":{"line":3,"column":30},"end":{"line":10,"column":null}},"1":{"start":{"line":4,"column":4},"end":{"line":8,"column":null}}},"fnMap":{"0":{"name":"(anonymous_0)","decl":{"start":{"line":3,"column":30},"end":{"line":3,"column":36}},"loc":{"start":{"line":3,"column":36},"end":{"line":10,"column":null}},"line":3}},"branchMap":{},"s":{"0":1,"1":1},"f":{"0":1},"b":{},"meta":{"lastBranch":0,"lastFunction":1,"lastStatement":2,"seen":{"s:3:30:10:Infinity":0,"f:3:30:3:36":0,"s:4:4:8:Infinity":1}}}
,"C:\\Users\\extfoyn\\source\\repos\\better-play-ERNI\\frontend\\src\\components\\features\\whosOnlineList.tsx": {"path":"C:\\Users\\extfoyn\\source\\repos\\better-play-ERNI\\frontend\\src\\components\\features\\whosOnlineList.tsx","statementMap":{"0":{"start":{"line":7,"column":30},"end":{"line":64,"column":null}},"1":{"start":{"line":8,"column":38},"end":{"line":8,"column":null}},"2":{"start":{"line":9,"column":30},"end":{"line":9,"column":null}},"3":{"start":{"line":11,"column":4},"end":{"line":44,"column":null}},"4":{"start":{"line":12,"column":24},"end":{"line":12,"column":null}},"5":{"start":{"line":14,"column":33},"end":{"line":23,"column":null}},"6":{"start":{"line":15,"column":12},"end":{"line":22,"column":null}},"7":{"start":{"line":16,"column":33},"end":{"line":16,"column":null}},"8":{"start":{"line":17,"column":16},"end":{"line":17,"column":null}},"9":{"start":{"line":17,"column":31},"end":{"line":17,"column":null}},"10":{"start":{"line":18,"column":16},"end":{"line":18,"column":null}},"11":{"start":{"line":20,"column":16},"end":{"line":20,"column":null}},"12":{"start":{"line":21,"column":16},"end":{"line":21,"column":null}},"13":{"start":{"line":21,"column":31},"end":{"line":21,"column":null}},"14":{"start":{"line":25,"column":26},"end":{"line":31,"column":null}},"15":{"start":{"line":26,"column":12},"end":{"line":30,"column":null}},"16":{"start":{"line":27,"column":16},"end":{"line":27,"column":null}},"17":{"start":{"line":29,"column":16},"end":{"line":29,"column":null}},"18":{"start":{"line":33,"column":8},"end":{"line":33,"column":null}},"19":{"start":{"line":34,"column":8},"end":{"line":34,"column":null}},"20":{"start":{"line":36,"column":34},"end":{"line":36,"column":null}},"21":{"start":{"line":37,"column":30},"end":{"line":37,"column":null}},"22":{"start":{"line":39,"column":8},"end":{"line":43,"column":null}},"23":{"start":{"line":40,"column":12},"end":{"line":40,"column":null}},"24":{"start":{"line":41,"column":12},"end":{"line":41,"column":null}},"25":{"start":{"line":42,"column":12},"end":{"line":42,"column":null}},"26":{"start":{"line":46,"column":4},"end":{"line":46,"column":null}},"27":{"start":{"line":46,"column":17},"end":{"line":46,"column":null}},"28":{"start":{"line":48,"column":4},"end":{"line":62,"column":null}},"29":{"start":{"line":53,"column":24},"end":{"line":56,"column":null}}},"fnMap":{"0":{"name":"(anonymous_0)","decl":{"start":{"line":7,"column":30},"end":{"line":7,"column":36}},"loc":{"start":{"line":7,"column":36},"end":{"line":64,"column":null}},"line":7},"1":{"name":"(anonymous_1)","decl":{"start":{"line":11,"column":14},"end":{"line":11,"column":20}},"loc":{"start":{"line":11,"column":20},"end":{"line":44,"column":7}},"line":11},"2":{"name":"(anonymous_2)","decl":{"start":{"line":14,"column":33},"end":{"line":14,"column":45}},"loc":{"start":{"line":14,"column":45},"end":{"line":23,"column":null}},"line":14},"3":{"name":"(anonymous_3)","decl":{"start":{"line":25,"column":26},"end":{"line":25,"column":38}},"loc":{"start":{"line":25,"column":38},"end":{"line":31,"column":null}},"line":25},"4":{"name":"(anonymous_4)","decl":{"start":{"line":39,"column":15},"end":{"line":39,"column":21}},"loc":{"start":{"line":39,"column":21},"end":{"line":43,"column":null}},"line":39},"5":{"name":"(anonymous_5)","decl":{"start":{"line":52,"column":37},"end":{"line":52,"column":null}},"loc":{"start":{"line":53,"column":24},"end":{"line":56,"column":null}},"line":53}},"branchMap":{"0":{"loc":{"start":{"line":17,"column":16},"end":{"line":17,"column":null}},"type":"if","locations":[{"start":{"line":17,"column":16},"end":{"line":17,"column":null}},{"start":{},"end":{}}],"line":17},"1":{"loc":{"start":{"line":17,"column":46},"end":{"line":17,"column":73}},"type":"binary-expr","locations":[{"start":{"line":17,"column":46},"end":{"line":17,"column":71}},{"start":{"line":17,"column":71},"end":{"line":17,"column":73}}],"line":17},"2":{"loc":{"start":{"line":21,"column":16},"end":{"line":21,"column":null}},"type":"if","locations":[{"start":{"line":21,"column":16},"end":{"line":21,"column":null}},{"start":{},"end":{}}],"line":21},"3":{"loc":{"start":{"line":46,"column":4},"end":{"line":46,"column":null}},"type":"if","locations":[{"start":{"line":46,"column":4},"end":{"line":46,"column":null}},{"start":{},"end":{}}],"line":46},"4":{"loc":{"start":{"line":50,"column":13},"end":{"line":60,"column":null}},"type":"cond-expr","locations":[{"start":{"line":51,"column":16},"end":{"line":58,"column":null}},{"start":{"line":60,"column":16},"end":{"line":60,"column":null}}],"line":50}},"s":{"0":1,"1":7,"2":7,"3":7,"4":4,"5":4,"6":4,"7":4,"8":2,"9":2,"10":2,"11":1,"12":1,"13":1,"14":4,"15":4,"16":4,"17":0,"18":4,"19":4,"20":4,"21":4,"22":4,"23":4,"24":4,"25":4,"26":7,"27":4,"28":3,"29":2},"f":{"0":7,"1":4,"2":4,"3":4,"4":4,"5":2},"b":{"0":[2,0],"1":[2,0],"2":[1,0],"3":[4,3],"4":[1,2]},"meta":{"lastBranch":5,"lastFunction":6,"lastStatement":30,"seen":{"s:7:30:64:Infinity":0,"f:7:30:7:36":0,"s:8:38:8:Infinity":1,"s:9:30:9:Infinity":2,"s:11:4:44:Infinity":3,"f:11:14:11:20":1,"s:12:24:12:Infinity":4,"s:14:33:23:Infinity":5,"f:14:33:14:45":2,"s:15:12:22:Infinity":6,"s:16:33:16:Infinity":7,"b:17:16:17:Infinity:undefined:undefined:undefined:undefined":0,"s:17:16:17:Infinity":8,"s:17:31:17:Infinity":9,"b:17:46:17:71:17:71:17:73":1,"s:18:16:18:Infinity":10,"s:20:16:20:Infinity":11,"b:21:16:21:Infinity:undefined:undefined:undefined:undefined":2,"s:21:16:21:Infinity":12,"s:21:31:21:Infinity":13,"s:25:26:31:Infinity":14,"f:25:26:25:38":3,"s:26:12:30:Infinity":15,"s:27:16:27:Infinity":16,"s:29:16:29:Infinity":17,"s:33:8:33:Infinity":18,"s:34:8:34:Infinity":19,"s:36:34:36:Infinity":20,"s:37:30:37:Infinity":21,"s:39:8:43:Infinity":22,"f:39:15:39:21":4,"s:40:12:40:Infinity":23,"s:41:12:41:Infinity":24,"s:42:12:42:Infinity":25,"b:46:4:46:Infinity:undefined:undefined:undefined:undefined":3,"s:46:4:46:Infinity":26,"s:46:17:46:Infinity":27,"s:48:4:62:Infinity":28,"b:51:16:58:Infinity:60:16:60:Infinity":4,"f:52:37:52:Infinity":5,"s:53:24:56:Infinity":29}}}
,"C:\\Users\\extfoyn\\source\\repos\\better-play-ERNI\\frontend\\src\\components\\features\\activityFeed\\activityFeed.tsx": {"path":"C:\\Users\\extfoyn\\source\\repos\\better-play-ERNI\\frontend\\src\\components\\features\\activityFeed\\activityFeed.tsx","statementMap":{"0":{"start":{"line":6,"column":28},"end":{"line":56,"column":null}},"1":{"start":{"line":7,"column":36},"end":{"line":7,"column":null}},"2":{"start":{"line":8,"column":30},"end":{"line":8,"column":null}},"3":{"start":{"line":10,"column":4},"end":{"line":32,"column":null}},"4":{"start":{"line":11,"column":24},"end":{"line":11,"column":null}},"5":{"start":{"line":12,"column":38},"end":{"line":23,"column":null}},"6":{"start":{"line":13,"column":13},"end":{"line":22,"column":null}},"7":{"start":{"line":14,"column":33},"end":{"line":14,"column":null}},"8":{"start":{"line":15,"column":16},"end":{"line":17,"column":null}},"9":{"start":{"line":16,"column":20},"end":{"line":16,"column":null}},"10":{"start":{"line":19,"column":17},"end":{"line":19,"column":null}},"11":{"start":{"line":21,"column":17},"end":{"line":21,"column":null}},"12":{"start":{"line":21,"column":31},"end":{"line":21,"column":null}},"13":{"start":{"line":25,"column":8},"end":{"line":25,"column":null}},"14":{"start":{"line":26,"column":27},"end":{"line":26,"column":null}},"15":{"start":{"line":28,"column":8},"end":{"line":31,"column":null}},"16":{"start":{"line":29,"column":12},"end":{"line":29,"column":null}},"17":{"start":{"line":30,"column":12},"end":{"line":30,"column":null}},"18":{"start":{"line":35,"column":4},"end":{"line":54,"column":null}},"19":{"start":{"line":45,"column":28},"end":{"line":45,"column":null}}},"fnMap":{"0":{"name":"(anonymous_0)","decl":{"start":{"line":6,"column":28},"end":{"line":6,"column":34}},"loc":{"start":{"line":6,"column":34},"end":{"line":56,"column":null}},"line":6},"1":{"name":"(anonymous_1)","decl":{"start":{"line":10,"column":14},"end":{"line":10,"column":20}},"loc":{"start":{"line":10,"column":20},"end":{"line":32,"column":7}},"line":10},"2":{"name":"(anonymous_2)","decl":{"start":{"line":12,"column":38},"end":{"line":12,"column":50}},"loc":{"start":{"line":12,"column":50},"end":{"line":23,"column":null}},"line":12},"3":{"name":"(anonymous_3)","decl":{"start":{"line":28,"column":15},"end":{"line":28,"column":21}},"loc":{"start":{"line":28,"column":21},"end":{"line":31,"column":null}},"line":28},"4":{"name":"(anonymous_4)","decl":{"start":{"line":44,"column":39},"end":{"line":44,"column":null}},"loc":{"start":{"line":45,"column":28},"end":{"line":45,"column":null}},"line":45}},"branchMap":{"0":{"loc":{"start":{"line":15,"column":16},"end":{"line":17,"column":null}},"type":"if","locations":[{"start":{"line":15,"column":16},"end":{"line":17,"column":null}},{"start":{},"end":{}}],"line":15},"1":{"loc":{"start":{"line":21,"column":17},"end":{"line":21,"column":null}},"type":"if","locations":[{"start":{"line":21,"column":17},"end":{"line":21,"column":null}},{"start":{},"end":{}}],"line":21},"2":{"loc":{"start":{"line":37,"column":13},"end":{"line":52,"column":null}},"type":"cond-expr","locations":[{"start":{"line":38,"column":16},"end":{"line":40,"column":null}},{"start":{"line":42,"column":16},"end":{"line":52,"column":null}}],"line":37},"3":{"loc":{"start":{"line":43,"column":21},"end":{"line":50,"column":null}},"type":"cond-expr","locations":[{"start":{"line":44,"column":24},"end":{"line":46,"column":null}},{"start":{"line":48,"column":24},"end":{"line":50,"column":null}}],"line":43}},"s":{"0":1,"1":5,"2":5,"3":5,"4":3,"5":3,"6":3,"7":3,"8":2,"9":2,"10":0,"11":2,"12":2,"13":3,"14":3,"15":3,"16":3,"17":3,"18":5,"19":2},"f":{"0":5,"1":3,"2":3,"3":3,"4":2},"b":{"0":[2,0],"1":[2,0],"2":[3,2],"3":[1,1]},"meta":{"lastBranch":4,"lastFunction":5,"lastStatement":20,"seen":{"s:6:28:56:Infinity":0,"f:6:28:6:34":0,"s:7:36:7:Infinity":1,"s:8:30:8:Infinity":2,"s:10:4:32:Infinity":3,"f:10:14:10:20":1,"s:11:24:11:Infinity":4,"s:12:38:23:Infinity":5,"f:12:38:12:50":2,"s:13:13:22:Infinity":6,"s:14:33:14:Infinity":7,"b:15:16:17:Infinity:undefined:undefined:undefined:undefined":0,"s:15:16:17:Infinity":8,"s:16:20:16:Infinity":9,"s:19:17:19:Infinity":10,"b:21:17:21:Infinity:undefined:undefined:undefined:undefined":1,"s:21:17:21:Infinity":11,"s:21:31:21:Infinity":12,"s:25:8:25:Infinity":13,"s:26:27:26:Infinity":14,"s:28:8:31:Infinity":15,"f:28:15:28:21":3,"s:29:12:29:Infinity":16,"s:30:12:30:Infinity":17,"s:35:4:54:Infinity":18,"b:38:16:40:Infinity:42:16:52:Infinity":2,"b:44:24:46:Infinity:48:24:50:Infinity":3,"f:44:39:44:Infinity":4,"s:45:28:45:Infinity":19}}}
,"C:\\Users\\extfoyn\\source\\repos\\better-play-ERNI\\frontend\\src\\components\\features\\activityFeed\\activityFeedItem.tsx": {"path":"C:\\Users\\extfoyn\\source\\repos\\better-play-ERNI\\frontend\\src\\components\\features\\activityFeed\\activityFeedItem.tsx","statementMap":{"0":{"start":{"line":14,"column":23},"end":{"line":46,"column":null}},"1":{"start":{"line":53,"column":5},"end":{"line":74,"column":null}},"2":{"start":{"line":54,"column":24},"end":{"line":54,"column":null}},"3":{"start":{"line":56,"column":4},"end":{"line":72,"column":null}},"4":{"start":{"line":81,"column":5},"end":{"line":99,"column":null}},"5":{"start":{"line":83,"column":4},"end":{"line":97,"column":null}},"6":{"start":{"line":102,"column":65},"end":{"line":220,"column":null}},"7":{"start":{"line":103,"column":10},"end":{"line":103,"column":null}},"8":{"start":{"line":106,"column":22},"end":{"line":108,"column":null}},"9":{"start":{"line":111,"column":25},"end":{"line":111,"column":null}},"10":{"start":{"line":113,"column":4},"end":{"line":113,"column":null}},"11":{"start":{"line":114,"column":4},"end":{"line":114,"column":null}},"12":{"start":{"line":115,"column":4},"end":{"line":115,"column":null}},"13":{"start":{"line":119,"column":4},"end":{"line":144,"column":null}},"14":{"start":{"line":120,"column":8},"end":{"line":142,"column":null}},"15":{"start":{"line":147,"column":4},"end":{"line":173,"column":null}},"16":{"start":{"line":148,"column":8},"end":{"line":171,"column":null}},"17":{"start":{"line":176,"column":4},"end":{"line":211,"column":null}},"18":{"start":{"line":178,"column":8},"end":{"line":185,"column":null}},"19":{"start":{"line":180,"column":12},"end":{"line":180,"column":null}},"20":{"start":{"line":181,"column":8},"end":{"line":185,"column":null}},"21":{"start":{"line":182,"column":12},"end":{"line":182,"column":null}},"22":{"start":{"line":184,"column":12},"end":{"line":184,"column":null}},"23":{"start":{"line":186,"column":8},"end":{"line":209,"column":null}},"24":{"start":{"line":213,"column":4},"end":{"line":218,"column":null}}},"fnMap":{"0":{"name":"(anonymous_0)","decl":{"start":{"line":53,"column":5},"end":{"line":53,"column":6}},"loc":{"start":{"line":53,"column":33},"end":{"line":74,"column":null}},"line":53},"1":{"name":"(anonymous_1)","decl":{"start":{"line":81,"column":5},"end":{"line":81,"column":6}},"loc":{"start":{"line":81,"column":56},"end":{"line":99,"column":null}},"line":81},"2":{"name":"(anonymous_2)","decl":{"start":{"line":102,"column":65},"end":{"line":102,"column":66}},"loc":{"start":{"line":102,"column":80},"end":{"line":220,"column":null}},"line":102}},"branchMap":{"0":{"loc":{"start":{"line":58,"column":13},"end":{"line":70,"column":null}},"type":"cond-expr","locations":[{"start":{"line":59,"column":16},"end":{"line":63,"column":null}},{"start":{"line":65,"column":16},"end":{"line":70,"column":null}}],"line":58},"1":{"loc":{"start":{"line":106,"column":22},"end":{"line":108,"column":null}},"type":"cond-expr","locations":[{"start":{"line":107,"column":10},"end":{"line":107,"column":null}},{"start":{"line":108,"column":10},"end":{"line":108,"column":null}}],"line":106},"2":{"loc":{"start":{"line":119,"column":4},"end":{"line":144,"column":null}},"type":"if","locations":[{"start":{"line":119,"column":4},"end":{"line":144,"column":null}},{"start":{},"end":{}}],"line":119},"3":{"loc":{"start":{"line":119,"column":8},"end":{"line":119,"column":70}},"type":"binary-expr","locations":[{"start":{"line":119,"column":8},"end":{"line":119,"column":45}},{"start":{"line":119,"column":45},"end":{"line":119,"column":59}},{"start":{"line":119,"column":59},"end":{"line":119,"column":70}}],"line":119},"4":{"loc":{"start":{"line":147,"column":4},"end":{"line":173,"column":null}},"type":"if","locations":[{"start":{"line":147,"column":4},"end":{"line":173,"column":null}},{"start":{},"end":{}}],"line":147},"5":{"loc":{"start":{"line":176,"column":4},"end":{"line":211,"column":null}},"type":"if","locations":[{"start":{"line":176,"column":4},"end":{"line":211,"column":null}},{"start":{},"end":{}}],"line":176},"6":{"loc":{"start":{"line":178,"column":8},"end":{"line":185,"column":null}},"type":"if","locations":[{"start":{"line":178,"column":8},"end":{"line":185,"column":null}},{"start":{"line":181,"column":8},"end":{"line":185,"column":null}}],"line":178},"7":{"loc":{"start":{"line":181,"column":8},"end":{"line":185,"column":null}},"type":"if","locations":[{"start":{"line":181,"column":8},"end":{"line":185,"column":null}},{"start":{"line":183,"column":15},"end":{"line":185,"column":null}}],"line":181}},"s":{"0":1,"1":1,"2":4,"3":4,"4":1,"5":4,"6":1,"7":4,"8":4,"9":4,"10":4,"11":4,"12":4,"13":4,"14":1,"15":3,"16":1,"17":2,"18":2,"19":0,"20":2,"21":1,"22":1,"23":2,"24":0},"f":{"0":4,"1":4,"2":4},"b":{"0":[0,4],"1":[4,0],"2":[1,3],"3":[4,1,1],"4":[1,2],"5":[2,0],"6":[0,2],"7":[1,1]},"meta":{"lastBranch":8,"lastFunction":3,"lastStatement":25,"seen":{"s:14:23:46:Infinity":0,"s:53:5:74:Infinity":1,"f:53:5:53:6":0,"s:54:24:54:Infinity":2,"s:56:4:72:Infinity":3,"b:59:16:63:Infinity:65:16:70:Infinity":0,"s:81:5:99:Infinity":4,"f:81:5:81:6":1,"s:83:4:97:Infinity":5,"s:102:65:220:Infinity":6,"f:102:65:102:66":2,"s:103:10:103:Infinity":7,"s:106:22:108:Infinity":8,"b:107:10:107:Infinity:108:10:108:Infinity":1,"s:111:25:111:Infinity":9,"s:113:4:113:Infinity":10,"s:114:4:114:Infinity":11,"s:115:4:115:Infinity":12,"b:119:4:144:Infinity:undefined:undefined:undefined:undefined":2,"s:119:4:144:Infinity":13,"b:119:8:119:45:119:45:119:59:119:59:119:70":3,"s:120:8:142:Infinity":14,"b:147:4:173:Infinity:undefined:undefined:undefined:undefined":4,"s:147:4:173:Infinity":15,"s:148:8:171:Infinity":16,"b:176:4:211:Infinity:undefined:undefined:undefined:undefined":5,"s:176:4:211:Infinity":17,"b:178:8:185:Infinity:181:8:185:Infinity":6,"s:178:8:185:Infinity":18,"s:180:12:180:Infinity":19,"b:181:8:185:Infinity:183:15:185:Infinity":7,"s:181:8:185:Infinity":20,"s:182:12:182:Infinity":21,"s:184:12:184:Infinity":22,"s:186:8:209:Infinity":23,"s:213:4:218:Infinity":24}}}
,"C:\\Users\\extfoyn\\source\\repos\\better-play-ERNI\\frontend\\src\\components\\features\\challenge\\challengeHeader.tsx": {"path":"C:\\Users\\extfoyn\\source\\repos\\better-play-ERNI\\frontend\\src\\components\\features\\challenge\\challengeHeader.tsx","statementMap":{"0":{"start":{"line":3,"column":31},"end":{"line":13,"column":null}},"1":{"start":{"line":4,"column":4},"end":{"line":13,"column":null}}},"fnMap":{"0":{"name":"(anonymous_0)","decl":{"start":{"line":3,"column":31},"end":{"line":3,"column":null}},"loc":{"start":{"line":4,"column":4},"end":{"line":13,"column":null}},"line":4}},"branchMap":{},"s":{"0":1,"1":1},"f":{"0":1},"b":{},"meta":{"lastBranch":0,"lastFunction":1,"lastStatement":2,"seen":{"s:3:31:13:Infinity":0,"f:3:31:3:Infinity":0,"s:4:4:13:Infinity":1}}}
,"C:\\Users\\extfoyn\\source\\repos\\better-play-ERNI\\frontend\\src\\components\\features\\challenge\\challengeHistory.tsx": {"path":"C:\\Users\\extfoyn\\source\\repos\\better-play-ERNI\\frontend\\src\\components\\features\\challenge\\challengeHistory.tsx","statementMap":{"0":{"start":{"line":9,"column":33},"end":{"line":24,"column":null}},"1":{"start":{"line":10,"column":4},"end":{"line":24,"column":null}},"2":{"start":{"line":13,"column":16},"end":{"line":13,"column":null}}},"fnMap":{"0":{"name":"(anonymous_0)","decl":{"start":{"line":9,"column":33},"end":{"line":9,"column":34}},"loc":{"start":{"line":10,"column":4},"end":{"line":24,"column":null}},"line":10},"1":{"name":"(anonymous_1)","decl":{"start":{"line":12,"column":26},"end":{"line":12,"column":27}},"loc":{"start":{"line":13,"column":16},"end":{"line":13,"column":null}},"line":13}},"branchMap":{"0":{"loc":{"start":{"line":11,"column":9},"end":{"line":22,"column":null}},"type":"cond-expr","locations":[{"start":{"line":12,"column":12},"end":{"line":14,"column":null}},{"start":{"line":16,"column":12},"end":{"line":22,"column":null}}],"line":11}},"s":{"0":1,"1":2,"2":2},"f":{"0":2,"1":2},"b":{"0":[1,1]},"meta":{"lastBranch":1,"lastFunction":2,"lastStatement":3,"seen":{"s:9:33:24:Infinity":0,"f:9:33:9:34":0,"s:10:4:24:Infinity":1,"b:12:12:14:Infinity:16:12:22:Infinity":0,"f:12:26:12:27":1,"s:13:16:13:Infinity":2}}}
,"C:\\Users\\extfoyn\\source\\repos\\better-play-ERNI\\frontend\\src\\components\\features\\challenge\\challengeIcon.tsx": {"path":"C:\\Users\\extfoyn\\source\\repos\\better-play-ERNI\\frontend\\src\\components\\features\\challenge\\challengeIcon.tsx","statementMap":{"0":{"start":{"line":13,"column":59},"end":{"line":82,"column":null}},"1":{"start":{"line":17,"column":44},"end":{"line":17,"column":null}},"2":{"start":{"line":18,"column":34},"end":{"line":18,"column":null}},"3":{"start":{"line":19,"column":10},"end":{"line":19,"column":null}},"4":{"start":{"line":21,"column":21},"end":{"line":21,"column":null}},"5":{"start":{"line":23,"column":4},"end":{"line":51,"column":null}},"6":{"start":{"line":24,"column":24},"end":{"line":24,"column":null}},"7":{"start":{"line":26,"column":34},"end":{"line":40,"column":null}},"8":{"start":{"line":27,"column":12},"end":{"line":39,"column":null}},"9":{"start":{"line":28,"column":35},"end":{"line":28,"column":null}},"10":{"start":{"line":29,"column":16},"end":{"line":32,"column":null}},"11":{"start":{"line":30,"column":20},"end":{"line":30,"column":null}},"12":{"start":{"line":31,"column":20},"end":{"line":31,"column":null}},"13":{"start":{"line":34,"column":16},"end":{"line":34,"column":null}},"14":{"start":{"line":35,"column":16},"end":{"line":38,"column":null}},"15":{"start":{"line":36,"column":20},"end":{"line":36,"column":null}},"16":{"start":{"line":37,"column":20},"end":{"line":37,"column":null}},"17":{"start":{"line":42,"column":8},"end":{"line":42,"column":null}},"18":{"start":{"line":45,"column":27},"end":{"line":45,"column":null}},"19":{"start":{"line":47,"column":8},"end":{"line":50,"column":null}},"20":{"start":{"line":48,"column":12},"end":{"line":48,"column":null}},"21":{"start":{"line":49,"column":12},"end":{"line":49,"column":null}},"22":{"start":{"line":53,"column":4},"end":{"line":80,"column":null}}},"fnMap":{"0":{"name":"(anonymous_0)","decl":{"start":{"line":13,"column":59},"end":{"line":13,"column":60}},"loc":{"start":{"line":16,"column":6},"end":{"line":82,"column":null}},"line":16},"1":{"name":"(anonymous_1)","decl":{"start":{"line":23,"column":14},"end":{"line":23,"column":20}},"loc":{"start":{"line":23,"column":20},"end":{"line":51,"column":7}},"line":23},"2":{"name":"(anonymous_2)","decl":{"start":{"line":26,"column":34},"end":{"line":26,"column":46}},"loc":{"start":{"line":26,"column":46},"end":{"line":40,"column":null}},"line":26},"3":{"name":"(anonymous_3)","decl":{"start":{"line":47,"column":15},"end":{"line":47,"column":21}},"loc":{"start":{"line":47,"column":21},"end":{"line":50,"column":null}},"line":47}},"branchMap":{"0":{"loc":{"start":{"line":14,"column":4},"end":{"line":14,"column":null}},"type":"default-arg","locations":[{"start":{"line":14,"column":20},"end":{"line":14,"column":null}}],"line":14},"1":{"loc":{"start":{"line":15,"column":4},"end":{"line":15,"column":null}},"type":"default-arg","locations":[{"start":{"line":15,"column":19},"end":{"line":15,"column":null}}],"line":15},"2":{"loc":{"start":{"line":29,"column":16},"end":{"line":32,"column":null}},"type":"if","locations":[{"start":{"line":29,"column":16},"end":{"line":32,"column":null}},{"start":{},"end":{}}],"line":29},"3":{"loc":{"start":{"line":35,"column":16},"end":{"line":38,"column":null}},"type":"if","locations":[{"start":{"line":35,"column":16},"end":{"line":38,"column":null}},{"start":{},"end":{}}],"line":35},"4":{"loc":{"start":{"line":58,"column":16},"end":{"line":58,"column":null}},"type":"binary-expr","locations":[{"start":{"line":58,"column":16},"end":{"line":58,"column":28}},{"start":{"line":58,"column":28},"end":{"line":58,"column":null}}],"line":58},"5":{"loc":{"start":{"line":59,"column":16},"end":{"line":59,"column":null}},"type":"binary-expr","locations":[{"start":{"line":59,"column":16},"end":{"line":59,"column":29}},{"start":{"line":59,"column":29},"end":{"line":59,"column":null}}],"line":59},"6":{"loc":{"start":{"line":67,"column":13},"end":{"line":70,"column":null}},"type":"binary-expr","locations":[{"start":{"line":67,"column":13},"end":{"line":67,"column":27}},{"start":{"line":67,"column":27},"end":{"line":67,"column":null}},{"start":{"line":68,"column":16},"end":{"line":70,"column":null}}],"line":67},"7":{"loc":{"start":{"line":69,"column":21},"end":{"line":69,"column":null}},"type":"cond-expr","locations":[{"start":{"line":69,"column":42},"end":{"line":69,"column":49}},{"start":{"line":69,"column":49},"end":{"line":69,"column":null}}],"line":69},"8":{"loc":{"start":{"line":74,"column":13},"end":{"line":78,"column":null}},"type":"binary-expr","locations":[{"start":{"line":74,"column":13},"end":{"line":74,"column":26}},{"start":{"line":74,"column":26},"end":{"line":74,"column":null}},{"start":{"line":75,"column":16},"end":{"line":78,"column":null}}],"line":74}},"s":{"0":1,"1":8,"2":8,"3":8,"4":8,"5":8,"6":5,"7":5,"8":5,"9":5,"10":5,"11":5,"12":5,"13":0,"14":0,"15":0,"16":0,"17":5,"18":5,"19":5,"20":5,"21":5,"22":8},"f":{"0":8,"1":5,"2":5,"3":5},"b":{"0":[8],"1":[8],"2":[5,0],"3":[0,0],"4":[8,1],"5":[8,7],"6":[8,3,2],"7":[1,1],"8":[8,5,5]},"meta":{"lastBranch":9,"lastFunction":4,"lastStatement":23,"seen":{"s:13:59:82:Infinity":0,"f:13:59:13:60":0,"b:14:20:14:Infinity":0,"b:15:19:15:Infinity":1,"s:17:44:17:Infinity":1,"s:18:34:18:Infinity":2,"s:19:10:19:Infinity":3,"s:21:21:21:Infinity":4,"s:23:4:51:Infinity":5,"f:23:14:23:20":1,"s:24:24:24:Infinity":6,"s:26:34:40:Infinity":7,"f:26:34:26:46":2,"s:27:12:39:Infinity":8,"s:28:35:28:Infinity":9,"b:29:16:32:Infinity:undefined:undefined:undefined:undefined":2,"s:29:16:32:Infinity":10,"s:30:20:30:Infinity":11,"s:31:20:31:Infinity":12,"s:34:16:34:Infinity":13,"b:35:16:38:Infinity:undefined:undefined:undefined:undefined":3,"s:35:16:38:Infinity":14,"s:36:20:36:Infinity":15,"s:37:20:37:Infinity":16,"s:42:8:42:Infinity":17,"s:45:27:45:Infinity":18,"s:47:8:50:Infinity":19,"f:47:15:47:21":3,"s:48:12:48:Infinity":20,"s:49:12:49:Infinity":21,"s:53:4:80:Infinity":22,"b:58:16:58:28:58:28:58:Infinity":4,"b:59:16:59:29:59:29:59:Infinity":5,"b:67:13:67:27:67:27:67:Infinity:68:16:70:Infinity":6,"b:69:42:69:49:69:49:69:Infinity":7,"b:74:13:74:26:74:26:74:Infinity:75:16:78:Infinity":8}}}
,"C:\\Users\\extfoyn\\source\\repos\\better-play-ERNI\\frontend\\src\\components\\features\\challenge\\challengeItem.tsx": {"path":"C:\\Users\\extfoyn\\source\\repos\\better-play-ERNI\\frontend\\src\\components\\features\\challenge\\challengeItem.tsx","statementMap":{"0":{"start":{"line":24,"column":19},"end":{"line":48,"column":null}},"1":{"start":{"line":25,"column":15},"end":{"line":25,"column":null}},"2":{"start":{"line":26,"column":14},"end":{"line":26,"column":null}},"3":{"start":{"line":27,"column":17},"end":{"line":27,"column":null}},"4":{"start":{"line":28,"column":20},"end":{"line":28,"column":null}},"5":{"start":{"line":29,"column":19},"end":{"line":29,"column":null}},"6":{"start":{"line":31,"column":2},"end":{"line":37,"column":null}},"7":{"start":{"line":32,"column":4},"end":{"line":35,"column":null}},"8":{"start":{"line":33,"column":26},"end":{"line":33,"column":null}},"9":{"start":{"line":34,"column":6},"end":{"line":34,"column":null}},"10":{"start":{"line":36,"column":4},"end":{"line":36,"column":null}},"11":{"start":{"line":39,"column":2},"end":{"line":41,"column":null}},"12":{"start":{"line":40,"column":4},"end":{"line":40,"column":null}},"13":{"start":{"line":43,"column":2},"end":{"line":47,"column":null}},"14":{"start":{"line":50,"column":59},"end":{"line":311,"column":null}},"15":{"start":{"line":54,"column":8},"end":{"line":54,"column":null}},"16":{"start":{"line":55,"column":15},"end":{"line":55,"column":null}},"17":{"start":{"line":57,"column":20},"end":{"line":57,"column":null}},"18":{"start":{"line":58,"column":20},"end":{"line":58,"column":null}},"19":{"start":{"line":59,"column":22},"end":{"line":59,"column":null}},"20":{"start":{"line":62,"column":23},"end":{"line":62,"column":null}},"21":{"start":{"line":63,"column":22},"end":{"line":63,"column":null}},"22":{"start":{"line":65,"column":14},"end":{"line":65,"column":null}},"23":{"start":{"line":66,"column":15},"end":{"line":66,"column":null}},"24":{"start":{"line":69,"column":19},"end":{"line":69,"column":null}},"25":{"start":{"line":71,"column":21},"end":{"line":71,"column":null}},"26":{"start":{"line":74,"column":38},"end":{"line":76,"column":null}},"27":{"start":{"line":74,"column":51},"end":{"line":75,"column":null}},"28":{"start":{"line":79,"column":2},"end":{"line":90,"column":null}},"29":{"start":{"line":80,"column":4},"end":{"line":80,"column":null}},"30":{"start":{"line":80,"column":45},"end":{"line":80,"column":null}},"31":{"start":{"line":82,"column":25},"end":{"line":84,"column":null}},"32":{"start":{"line":83,"column":6},"end":{"line":83,"column":null}},"33":{"start":{"line":86,"column":4},"end":{"line":86,"column":null}},"34":{"start":{"line":87,"column":21},"end":{"line":87,"column":null}},"35":{"start":{"line":89,"column":4},"end":{"line":89,"column":null}},"36":{"start":{"line":89,"column":17},"end":{"line":89,"column":null}},"37":{"start":{"line":92,"column":26},"end":{"line":106,"column":null}},"38":{"start":{"line":93,"column":4},"end":{"line":93,"column":null}},"39":{"start":{"line":95,"column":20},"end":{"line":95,"column":null}},"40":{"start":{"line":97,"column":4},"end":{"line":103,"column":null}},"41":{"start":{"line":98,"column":6},"end":{"line":102,"column":null}},"42":{"start":{"line":99,"column":8},"end":{"line":99,"column":null}},"43":{"start":{"line":101,"column":8},"end":{"line":101,"column":null}},"44":{"start":{"line":105,"column":4},"end":{"line":105,"column":null}},"45":{"start":{"line":109,"column":8},"end":{"line":109,"column":null}},"46":{"start":{"line":111,"column":2},"end":{"line":309,"column":null}}},"fnMap":{"0":{"name":"(anonymous_0)","decl":{"start":{"line":24,"column":19},"end":{"line":24,"column":20}},"loc":{"start":{"line":24,"column":43},"end":{"line":48,"column":null}},"line":24},"1":{"name":"(anonymous_1)","decl":{"start":{"line":50,"column":59},"end":{"line":50,"column":60}},"loc":{"start":{"line":53,"column":6},"end":{"line":311,"column":null}},"line":53},"2":{"name":"(anonymous_2)","decl":{"start":{"line":74,"column":51},"end":{"line":74,"column":null}},"loc":{"start":{"line":74,"column":51},"end":{"line":75,"column":null}},"line":74},"3":{"name":"(anonymous_3)","decl":{"start":{"line":79,"column":12},"end":{"line":79,"column":18}},"loc":{"start":{"line":79,"column":18},"end":{"line":90,"column":5}},"line":79},"4":{"name":"(anonymous_4)","decl":{"start":{"line":82,"column":25},"end":{"line":82,"column":31}},"loc":{"start":{"line":82,"column":31},"end":{"line":84,"column":null}},"line":82},"5":{"name":"(anonymous_5)","decl":{"start":{"line":89,"column":11},"end":{"line":89,"column":17}},"loc":{"start":{"line":89,"column":17},"end":{"line":89,"column":null}},"line":89},"6":{"name":"(anonymous_6)","decl":{"start":{"line":92,"column":26},"end":{"line":92,"column":33}},"loc":{"start":{"line":92,"column":57},"end":{"line":106,"column":null}},"line":92}},"branchMap":{"0":{"loc":{"start":{"line":31,"column":2},"end":{"line":37,"column":null}},"type":"if","locations":[{"start":{"line":31,"column":2},"end":{"line":37,"column":null}},{"start":{},"end":{}}],"line":31},"1":{"loc":{"start":{"line":32,"column":4},"end":{"line":35,"column":null}},"type":"if","locations":[{"start":{"line":32,"column":4},"end":{"line":35,"column":null}},{"start":{},"end":{}}],"line":32},"2":{"loc":{"start":{"line":34,"column":13},"end":{"line":34,"column":null}},"type":"cond-expr","locations":[{"start":{"line":34,"column":32},"end":{"line":34,"column":45}},{"start":{"line":34,"column":45},"end":{"line":34,"column":null}}],"line":34},"3":{"loc":{"start":{"line":36,"column":11},"end":{"line":36,"column":null}},"type":"cond-expr","locations":[{"start":{"line":36,"column":29},"end":{"line":36,"column":44}},{"start":{"line":36,"column":44},"end":{"line":36,"column":null}}],"line":36},"4":{"loc":{"start":{"line":39,"column":2},"end":{"line":41,"column":null}},"type":"if","locations":[{"start":{"line":39,"column":2},"end":{"line":41,"column":null}},{"start":{},"end":{}}],"line":39},"5":{"loc":{"start":{"line":40,"column":11},"end":{"line":40,"column":null}},"type":"cond-expr","locations":[{"start":{"line":40,"column":28},"end":{"line":40,"column":42}},{"start":{"line":40,"column":42},"end":{"line":40,"column":null}}],"line":40},"6":{"loc":{"start":{"line":46,"column":10},"end":{"line":46,"column":null}},"type":"cond-expr","locations":[{"start":{"line":46,"column":53},"end":{"line":46,"column":65}},{"start":{"line":46,"column":65},"end":{"line":46,"column":null}}],"line":46},"7":{"loc":{"start":{"line":69,"column":19},"end":{"line":69,"column":null}},"type":"cond-expr","locations":[{"start":{"line":69,"column":34},"end":{"line":69,"column":56}},{"start":{"line":69,"column":56},"end":{"line":69,"column":null}}],"line":69},"8":{"loc":{"start":{"line":71,"column":21},"end":{"line":71,"column":null}},"type":"binary-expr","locations":[{"start":{"line":71,"column":21},"end":{"line":71,"column":68}},{"start":{"line":71,"column":68},"end":{"line":71,"column":null}}],"line":71},"9":{"loc":{"start":{"line":80,"column":4},"end":{"line":80,"column":null}},"type":"if","locations":[{"start":{"line":80,"column":4},"end":{"line":80,"column":null}},{"start":{},"end":{}}],"line":80},"10":{"loc":{"start":{"line":80,"column":8},"end":{"line":80,"column":45}},"type":"binary-expr","locations":[{"start":{"line":80,"column":8},"end":{"line":80,"column":22}},{"start":{"line":80,"column":22},"end":{"line":80,"column":45}}],"line":80},"11":{"loc":{"start":{"line":97,"column":4},"end":{"line":103,"column":null}},"type":"if","locations":[{"start":{"line":97,"column":4},"end":{"line":103,"column":null}},{"start":{},"end":{}}],"line":97},"12":{"loc":{"start":{"line":115,"column":8},"end":{"line":121,"column":null}},"type":"cond-expr","locations":[{"start":{"line":116,"column":12},"end":{"line":118,"column":null}},{"start":{"line":119,"column":12},"end":{"line":121,"column":null}}],"line":115},"13":{"loc":{"start":{"line":115,"column":8},"end":{"line":115,"column":null}},"type":"binary-expr","locations":[{"start":{"line":115,"column":8},"end":{"line":115,"column":21}},{"start":{"line":115,"column":21},"end":{"line":115,"column":null}}],"line":115},"14":{"loc":{"start":{"line":116,"column":12},"end":{"line":118,"column":null}},"type":"cond-expr","locations":[{"start":{"line":117,"column":14},"end":{"line":117,"column":null}},{"start":{"line":118,"column":14},"end":{"line":118,"column":null}}],"line":116},"15":{"loc":{"start":{"line":119,"column":12},"end":{"line":121,"column":null}},"type":"cond-expr","locations":[{"start":{"line":120,"column":12},"end":{"line":120,"column":null}},{"start":{"line":121,"column":12},"end":{"line":121,"column":null}}],"line":119},"16":{"loc":{"start":{"line":126,"column":9},"end":{"line":139,"column":null}},"type":"cond-expr","locations":[{"start":{"line":127,"column":10},"end":{"line":130,"column":null}},{"start":{"line":132,"column":12},"end":{"line":139,"column":null}}],"line":126},"17":{"loc":{"start":{"line":126,"column":9},"end":{"line":126,"column":null}},"type":"binary-expr","locations":[{"start":{"line":126,"column":9},"end":{"line":126,"column":22}},{"start":{"line":126,"column":22},"end":{"line":126,"column":null}}],"line":126},"18":{"loc":{"start":{"line":127,"column":10},"end":{"line":130,"column":null}},"type":"cond-expr","locations":[{"start":{"line":128,"column":12},"end":{"line":128,"column":null}},{"start":{"line":130,"column":12},"end":{"line":130,"column":null}}],"line":127},"19":{"loc":{"start":{"line":132,"column":12},"end":{"line":139,"column":null}},"type":"cond-expr","locations":[{"start":{"line":133,"column":10},"end":{"line":133,"column":null}},{"start":{"line":134,"column":12},"end":{"line":139,"column":null}}],"line":132},"20":{"loc":{"start":{"line":132,"column":12},"end":{"line":132,"column":null}},"type":"binary-expr","locations":[{"start":{"line":132,"column":12},"end":{"line":132,"column":25}},{"start":{"line":132,"column":25},"end":{"line":132,"column":null}}],"line":132},"21":{"loc":{"start":{"line":134,"column":12},"end":{"line":139,"column":null}},"type":"cond-expr","locations":[{"start":{"line":135,"column":10},"end":{"line":135,"column":null}},{"start":{"line":136,"column":12},"end":{"line":139,"column":null}}],"line":134},"22":{"loc":{"start":{"line":136,"column":12},"end":{"line":139,"column":null}},"type":"cond-expr","locations":[{"start":{"line":137,"column":10},"end":{"line":137,"column":null}},{"start":{"line":139,"column":10},"end":{"line":139,"column":null}}],"line":136},"23":{"loc":{"start":{"line":145,"column":13},"end":{"line":152,"column":null}},"type":"cond-expr","locations":[{"start":{"line":146,"column":14},"end":{"line":146,"column":null}},{"start":{"line":147,"column":16},"end":{"line":152,"column":null}}],"line":145},"24":{"loc":{"start":{"line":145,"column":13},"end":{"line":145,"column":null}},"type":"binary-expr","locations":[{"start":{"line":145,"column":13},"end":{"line":145,"column":26}},{"start":{"line":145,"column":26},"end":{"line":145,"column":null}}],"line":145},"25":{"loc":{"start":{"line":147,"column":16},"end":{"line":152,"column":null}},"type":"cond-expr","locations":[{"start":{"line":148,"column":14},"end":{"line":148,"column":null}},{"start":{"line":149,"column":16},"end":{"line":152,"column":null}}],"line":147},"26":{"loc":{"start":{"line":147,"column":16},"end":{"line":147,"column":null}},"type":"binary-expr","locations":[{"start":{"line":147,"column":16},"end":{"line":147,"column":29}},{"start":{"line":147,"column":29},"end":{"line":147,"column":null}}],"line":147},"27":{"loc":{"start":{"line":149,"column":16},"end":{"line":152,"column":null}},"type":"cond-expr","locations":[{"start":{"line":150,"column":14},"end":{"line":150,"column":null}},{"start":{"line":152,"column":14},"end":{"line":152,"column":null}}],"line":149},"28":{"loc":{"start":{"line":160,"column":16},"end":{"line":162,"column":null}},"type":"cond-expr","locations":[{"start":{"line":161,"column":20},"end":{"line":161,"column":null}},{"start":{"line":162,"column":20},"end":{"line":162,"column":null}}],"line":160},"29":{"loc":{"start":{"line":166,"column":12},"end":{"line":172,"column":null}},"type":"binary-expr","locations":[{"start":{"line":169,"column":14},"end":{"line":169,"column":27}},{"start":{"line":169,"column":27},"end":{"line":169,"column":null}},{"start":{"line":170,"column":14},"end":{"line":172,"column":null}}],"line":166},"30":{"loc":{"start":{"line":177,"column":13},"end":{"line":177,"column":62}},"type":"cond-expr","locations":[{"start":{"line":177,"column":28},"end":{"line":177,"column":37}},{"start":{"line":177,"column":37},"end":{"line":177,"column":62}}],"line":177},"31":{"loc":{"start":{"line":182,"column":11},"end":{"line":209,"column":null}},"type":"binary-expr","locations":[{"start":{"line":182,"column":11},"end":{"line":182,"column":45}},{"start":{"line":182,"column":45},"end":{"line":182,"column":null}},{"start":{"line":183,"column":12},"end":{"line":209,"column":null}}],"line":182},"32":{"loc":{"start":{"line":184,"column":15},"end":{"line":184,"column":74}},"type":"cond-expr","locations":[{"start":{"line":184,"column":29},"end":{"line":184,"column":38}},{"start":{"line":184,"column":38},"end":{"line":184,"column":74}}],"line":184},"33":{"loc":{"start":{"line":186,"column":15},"end":{"line":189,"column":null}},"type":"binary-expr","locations":[{"start":{"line":186,"column":15},"end":{"line":186,"column":22}},{"start":{"line":186,"column":22},"end":{"line":186,"column":null}},{"start":{"line":187,"column":16},"end":{"line":189,"column":null}}],"line":186},"34":{"loc":{"start":{"line":191,"column":15},"end":{"line":194,"column":null}},"type":"binary-expr","locations":[{"start":{"line":191,"column":15},"end":{"line":191,"column":23}},{"start":{"line":191,"column":23},"end":{"line":191,"column":null}},{"start":{"line":192,"column":16},"end":{"line":194,"column":null}}],"line":191},"35":{"loc":{"start":{"line":196,"column":15},"end":{"line":199,"column":null}},"type":"binary-expr","locations":[{"start":{"line":196,"column":15},"end":{"line":196,"column":22}},{"start":{"line":196,"column":22},"end":{"line":196,"column":null}},{"start":{"line":197,"column":16},"end":{"line":199,"column":null}}],"line":196},"36":{"loc":{"start":{"line":201,"column":15},"end":{"line":204,"column":null}},"type":"binary-expr","locations":[{"start":{"line":201,"column":15},"end":{"line":201,"column":23}},{"start":{"line":201,"column":23},"end":{"line":201,"column":null}},{"start":{"line":202,"column":16},"end":{"line":204,"column":null}}],"line":201},"37":{"loc":{"start":{"line":206,"column":15},"end":{"line":207,"column":null}},"type":"binary-expr","locations":[{"start":{"line":206,"column":15},"end":{"line":206,"column":23}},{"start":{"line":206,"column":23},"end":{"line":206,"column":null}},{"start":{"line":207,"column":16},"end":{"line":207,"column":null}}],"line":206},"38":{"loc":{"start":{"line":218,"column":17},"end":{"line":218,"column":52}},"type":"cond-expr","locations":[{"start":{"line":218,"column":32},"end":{"line":218,"column":41}},{"start":{"line":218,"column":41},"end":{"line":218,"column":52}}],"line":218},"39":{"loc":{"start":{"line":223,"column":13},"end":{"line":234,"column":null}},"type":"binary-expr","locations":[{"start":{"line":223,"column":13},"end":{"line":223,"column":null}},{"start":{"line":224,"column":14},"end":{"line":224,"column":null}},{"start":{"line":225,"column":14},"end":{"line":225,"column":null}},{"start":{"line":226,"column":16},"end":{"line":234,"column":null}}],"line":223},"40":{"loc":{"start":{"line":238,"column":13},"end":{"line":242,"column":null}},"type":"binary-expr","locations":[{"start":{"line":238,"column":13},"end":{"line":238,"column":28}},{"start":{"line":238,"column":28},"end":{"line":238,"column":null}},{"start":{"line":239,"column":14},"end":{"line":242,"column":null}}],"line":238},"41":{"loc":{"start":{"line":242,"column":14},"end":{"line":250,"column":null}},"type":"binary-expr","locations":[{"start":{"line":246,"column":14},"end":{"line":246,"column":27}},{"start":{"line":246,"column":27},"end":{"line":246,"column":null}},{"start":{"line":247,"column":14},"end":{"line":250,"column":null}}],"line":242},"42":{"loc":{"start":{"line":252,"column":10},"end":{"line":258,"column":null}},"type":"binary-expr","locations":[{"start":{"line":255,"column":12},"end":{"line":255,"column":25}},{"start":{"line":255,"column":25},"end":{"line":255,"column":null}},{"start":{"line":256,"column":12},"end":{"line":258,"column":null}}],"line":252},"43":{"loc":{"start":{"line":262,"column":11},"end":{"line":265,"column":null}},"type":"binary-expr","locations":[{"start":{"line":262,"column":11},"end":{"line":262,"column":24}},{"start":{"line":262,"column":24},"end":{"line":262,"column":40}},{"start":{"line":262,"column":40},"end":{"line":262,"column":null}},{"start":{"line":263,"column":12},"end":{"line":265,"column":null}}],"line":262},"44":{"loc":{"start":{"line":269,"column":11},"end":{"line":286,"column":null}},"type":"binary-expr","locations":[{"start":{"line":269,"column":11},"end":{"line":269,"column":null}},{"start":{"line":270,"column":12},"end":{"line":270,"column":null}},{"start":{"line":271,"column":12},"end":{"line":271,"column":null}},{"start":{"line":272,"column":12},"end":{"line":272,"column":null}},{"start":{"line":273,"column":14},"end":{"line":286,"column":null}}],"line":269},"45":{"loc":{"start":{"line":291,"column":9},"end":{"line":306,"column":null}},"type":"binary-expr","locations":[{"start":{"line":291,"column":9},"end":{"line":291,"column":22}},{"start":{"line":291,"column":22},"end":{"line":291,"column":37}},{"start":{"line":291,"column":37},"end":{"line":291,"column":51}},{"start":{"line":291,"column":51},"end":{"line":291,"column":null}},{"start":{"line":292,"column":10},"end":{"line":306,"column":null}}],"line":291},"46":{"loc":{"start":{"line":297,"column":16},"end":{"line":301,"column":null}},"type":"cond-expr","locations":[{"start":{"line":298,"column":20},"end":{"line":298,"column":null}},{"start":{"line":299,"column":20},"end":{"line":301,"column":null}}],"line":297},"47":{"loc":{"start":{"line":299,"column":20},"end":{"line":301,"column":null}},"type":"cond-expr","locations":[{"start":{"line":300,"column":20},"end":{"line":300,"column":null}},{"start":{"line":301,"column":20},"end":{"line":301,"column":null}}],"line":299}},"s":{"0":1,"1":7,"2":7,"3":7,"4":7,"5":7,"6":7,"7":7,"8":7,"9":7,"10":0,"11":0,"12":0,"13":0,"14":1,"15":6,"16":6,"17":6,"18":6,"19":6,"20":6,"21":6,"22":6,"23":6,"24":6,"25":6,"26":6,"27":4,"28":6,"29":4,"30":2,"31":2,"32":2,"33":2,"34":2,"35":2,"36":2,"37":6,"38":1,"39":1,"40":1,"41":0,"42":0,"43":0,"44":1,"45":6,"46":6},"f":{"0":7,"1":6,"2":4,"3":4,"4":2,"5":2,"6":1},"b":{"0":[7,0],"1":[7,0],"2":[7,0],"3":[0,0],"4":[0,0],"5":[0,0],"6":[0,0],"7":[4,2],"8":[6,0],"9":[2,2],"10":[4,2],"11":[0,1],"12":[4,2],"13":[6,4],"14":[2,2],"15":[1,1],"16":[4,2],"17":[6,4],"18":[2,2],"19":[1,1],"20":[2,1],"21":[0,1],"22":[1,0],"23":[2,4],"24":[6,4],"25":[2,2],"26":[4,2],"27":[1,1],"28":[6,0],"29":[6,5,1],"30":[4,2],"31":[6,1,1],"32":[0,1],"33":[1,0,0],"34":[1,1,0],"35":[1,0,0],"36":[1,1,1],"37":[1,1,0],"38":[4,2],"39":[6,4,4,4],"40":[6,1,1],"41":[6,5,1],"42":[6,5,1],"43":[6,4,2,2],"44":[6,4,2,0,0],"45":[6,4,2,2,2],"46":[0,2],"47":[0,2]},"meta":{"lastBranch":48,"lastFunction":7,"lastStatement":47,"seen":{"s:24:19:48:Infinity":0,"f:24:19:24:20":0,"s:25:15:25:Infinity":1,"s:26:14:26:Infinity":2,"s:27:17:27:Infinity":3,"s:28:20:28:Infinity":4,"s:29:19:29:Infinity":5,"b:31:2:37:Infinity:undefined:undefined:undefined:undefined":0,"s:31:2:37:Infinity":6,"b:32:4:35:Infinity:undefined:undefined:undefined:undefined":1,"s:32:4:35:Infinity":7,"s:33:26:33:Infinity":8,"s:34:6:34:Infinity":9,"b:34:32:34:45:34:45:34:Infinity":2,"s:36:4:36:Infinity":10,"b:36:29:36:44:36:44:36:Infinity":3,"b:39:2:41:Infinity:undefined:undefined:undefined:undefined":4,"s:39:2:41:Infinity":11,"s:40:4:40:Infinity":12,"b:40:28:40:42:40:42:40:Infinity":5,"s:43:2:47:Infinity":13,"b:46:53:46:65:46:65:46:Infinity":6,"s:50:59:311:Infinity":14,"f:50:59:50:60":1,"s:54:8:54:Infinity":15,"s:55:15:55:Infinity":16,"s:57:20:57:Infinity":17,"s:58:20:58:Infinity":18,"s:59:22:59:Infinity":19,"s:62:23:62:Infinity":20,"s:63:22:63:Infinity":21,"s:65:14:65:Infinity":22,"s:66:15:66:Infinity":23,"s:69:19:69:Infinity":24,"b:69:34:69:56:69:56:69:Infinity":7,"s:71:21:71:Infinity":25,"b:71:21:71:68:71:68:71:Infinity":8,"s:74:38:76:Infinity":26,"f:74:51:74:Infinity":2,"s:74:51:75:Infinity":27,"s:79:2:90:Infinity":28,"f:79:12:79:18":3,"b:80:4:80:Infinity:undefined:undefined:undefined:undefined":9,"s:80:4:80:Infinity":29,"b:80:8:80:22:80:22:80:45":10,"s:80:45:80:Infinity":30,"s:82:25:84:Infinity":31,"f:82:25:82:31":4,"s:83:6:83:Infinity":32,"s:86:4:86:Infinity":33,"s:87:21:87:Infinity":34,"s:89:4:89:Infinity":35,"f:89:11:89:17":5,"s:89:17:89:Infinity":36,"s:92:26:106:Infinity":37,"f:92:26:92:33":6,"s:93:4:93:Infinity":38,"s:95:20:95:Infinity":39,"b:97:4:103:Infinity:undefined:undefined:undefined:undefined":11,"s:97:4:103:Infinity":40,"s:98:6:102:Infinity":41,"s:99:8:99:Infinity":42,"s:101:8:101:Infinity":43,"s:105:4:105:Infinity":44,"s:109:8:109:Infinity":45,"s:111:2:309:Infinity":46,"b:116:12:118:Infinity:119:12:121:Infinity":12,"b:115:8:115:21:115:21:115:Infinity":13,"b:117:14:117:Infinity:118:14:118:Infinity":14,"b:120:12:120:Infinity:121:12:121:Infinity":15,"b:127:10:130:Infinity:132:12:139:Infinity":16,"b:126:9:126:22:126:22:126:Infinity":17,"b:128:12:128:Infinity:130:12:130:Infinity":18,"b:133:10:133:Infinity:134:12:139:Infinity":19,"b:132:12:132:25:132:25:132:Infinity":20,"b:135:10:135:Infinity:136:12:139:Infinity":21,"b:137:10:137:Infinity:139:10:139:Infinity":22,"b:146:14:146:Infinity:147:16:152:Infinity":23,"b:145:13:145:26:145:26:145:Infinity":24,"b:148:14:148:Infinity:149:16:152:Infinity":25,"b:147:16:147:29:147:29:147:Infinity":26,"b:150:14:150:Infinity:152:14:152:Infinity":27,"b:161:20:161:Infinity:162:20:162:Infinity":28,"b:169:14:169:27:169:27:169:Infinity:170:14:172:Infinity":29,"b:177:28:177:37:177:37:177:62":30,"b:182:11:182:45:182:45:182:Infinity:183:12:209:Infinity":31,"b:184:29:184:38:184:38:184:74":32,"b:186:15:186:22:186:22:186:Infinity:187:16:189:Infinity":33,"b:191:15:191:23:191:23:191:Infinity:192:16:194:Infinity":34,"b:196:15:196:22:196:22:196:Infinity:197:16:199:Infinity":35,"b:201:15:201:23:201:23:201:Infinity:202:16:204:Infinity":36,"b:206:15:206:23:206:23:206:Infinity:207:16:207:Infinity":37,"b:218:32:218:41:218:41:218:52":38,"b:223:13:223:Infinity:224:14:224:Infinity:225:14:225:Infinity:226:16:234:Infinity":39,"b:238:13:238:28:238:28:238:Infinity:239:14:242:Infinity":40,"b:246:14:246:27:246:27:246:Infinity:247:14:250:Infinity":41,"b:255:12:255:25:255:25:255:Infinity:256:12:258:Infinity":42,"b:262:11:262:24:262:24:262:40:262:40:262:Infinity:263:12:265:Infinity":43,"b:269:11:269:Infinity:270:12:270:Infinity:271:12:271:Infinity:272:12:272:Infinity:273:14:286:Infinity":44,"b:291:9:291:22:291:22:291:37:291:37:291:51:291:51:291:Infinity:292:10:306:Infinity":45,"b:298:20:298:Infinity:299:20:301:Infinity":46,"b:300:20:300:Infinity:301:20:301:Infinity":47}}}
,"C:\\Users\\extfoyn\\source\\repos\\better-play-ERNI\\frontend\\src\\components\\features\\challenge\\challengeModal.tsx": {"path":"C:\\Users\\extfoyn\\source\\repos\\better-play-ERNI\\frontend\\src\\components\\features\\challenge\\challengeModal.tsx","statementMap":{"0":{"start":{"line":40,"column":61},"end":{"line":359,"column":null}},"1":{"start":{"line":48,"column":34},"end":{"line":48,"column":null}},"2":{"start":{"line":49,"column":30},"end":{"line":49,"column":null}},"3":{"start":{"line":50,"column":40},"end":{"line":50,"column":null}},"4":{"start":{"line":51,"column":38},"end":{"line":51,"column":null}},"5":{"start":{"line":52,"column":42},"end":{"line":52,"column":null}},"6":{"start":{"line":53,"column":32},"end":{"line":53,"column":null}},"7":{"start":{"line":54,"column":24},"end":{"line":54,"column":null}},"8":{"start":{"line":55,"column":42},"end":{"line":55,"column":null}},"9":{"start":{"line":58,"column":2},"end":{"line":150,"column":null}},"10":{"start":{"line":59,"column":4},"end":{"line":59,"column":null}},"11":{"start":{"line":59,"column":17},"end":{"line":59,"column":null}},"12":{"start":{"line":61,"column":26},"end":{"line":147,"column":null}},"13":{"start":{"line":62,"column":6},"end":{"line":62,"column":null}},"14":{"start":{"line":63,"column":6},"end":{"line":63,"column":null}},"15":{"start":{"line":64,"column":6},"end":{"line":64,"column":null}},"16":{"start":{"line":66,"column":6},"end":{"line":146,"column":null}},"17":{"start":{"line":69,"column":22},"end":{"line":69,"column":null}},"18":{"start":{"line":71,"column":8},"end":{"line":71,"column":null}},"19":{"start":{"line":74,"column":55},"end":{"line":78,"column":null}},"20":{"start":{"line":74,"column":74},"end":{"line":78,"column":10}},"21":{"start":{"line":80,"column":8},"end":{"line":80,"column":null}},"22":{"start":{"line":81,"column":8},"end":{"line":81,"column":null}},"23":{"start":{"line":84,"column":8},"end":{"line":84,"column":null}},"24":{"start":{"line":86,"column":29},"end":{"line":106,"column":null}},"25":{"start":{"line":87,"column":10},"end":{"line":105,"column":null}},"26":{"start":{"line":88,"column":27},"end":{"line":93,"column":null}},"27":{"start":{"line":95,"column":12},"end":{"line":98,"column":null}},"28":{"start":{"line":100,"column":12},"end":{"line":100,"column":null}},"29":{"start":{"line":101,"column":12},"end":{"line":104,"column":null}},"30":{"start":{"line":108,"column":24},"end":{"line":108,"column":null}},"31":{"start":{"line":111,"column":8},"end":{"line":123,"column":null}},"32":{"start":{"line":112,"column":26},"end":{"line":112,"column":null}},"33":{"start":{"line":113,"column":10},"end":{"line":121,"column":null}},"34":{"start":{"line":114,"column":12},"end":{"line":120,"column":null}},"35":{"start":{"line":115,"column":14},"end":{"line":119,"column":null}},"36":{"start":{"line":122,"column":10},"end":{"line":122,"column":null}},"37":{"start":{"line":125,"column":8},"end":{"line":137,"column":null}},"38":{"start":{"line":126,"column":26},"end":{"line":126,"column":null}},"39":{"start":{"line":127,"column":10},"end":{"line":135,"column":null}},"40":{"start":{"line":128,"column":12},"end":{"line":134,"column":null}},"41":{"start":{"line":129,"column":14},"end":{"line":133,"column":null}},"42":{"start":{"line":136,"column":10},"end":{"line":136,"column":null}},"43":{"start":{"line":140,"column":8},"end":{"line":140,"column":null}},"44":{"start":{"line":141,"column":8},"end":{"line":141,"column":null}},"45":{"start":{"line":142,"column":8},"end":{"line":142,"column":null}},"46":{"start":{"line":143,"column":8},"end":{"line":143,"column":null}},"47":{"start":{"line":145,"column":8},"end":{"line":145,"column":null}},"48":{
[...]
umn":27},"end":{"line":29,"column":34}},"loc":{"start":{"line":29,"column":69},"end":{"line":37,"column":null}},"line":29}},"branchMap":{"0":{"loc":{"start":{"line":9,"column":2},"end":{"line":11,"column":null}},"type":"if","locations":[{"start":{"line":9,"column":2},"end":{"line":11,"column":null}},{"start":{},"end":{}}],"line":9},"1":{"loc":{"start":{"line":15,"column":17},"end":{"line":15,"column":null}},"type":"binary-expr","locations":[{"start":{"line":15,"column":17},"end":{"line":15,"column":39}},{"start":{"line":15,"column":39},"end":{"line":15,"column":null}}],"line":15},"2":{"loc":{"start":{"line":33,"column":2},"end":{"line":33,"column":null}},"type":"if","locations":[{"start":{"line":33,"column":2},"end":{"line":33,"column":null}},{"start":{},"end":{}}],"line":33},"3":{"loc":{"start":{"line":33,"column":6},"end":{"line":33,"column":33}},"type":"binary-expr","locations":[{"start":{"line":33,"column":6},"end":{"line":33,"column":20}},{"start":{"line":33,"column":20},"end":{"line":33,"column":33}}],"line":33}},"s":{"0":1,"1":1,"2":3,"3":2,"4":1,"5":1,"6":0,"7":1,"8":3,"9":3,"10":3,"11":0,"12":0,"13":1,"14":5,"15":5,"16":5,"17":2,"18":3,"19":3},"f":{"0":3,"1":1,"2":3,"3":5},"b":{"0":[2,1],"1":[1,0],"2":[2,3],"3":[5,4]},"meta":{"lastBranch":4,"lastFunction":4,"lastStatement":20,"seen":{"s:5:33:5:Infinity":0,"s:8:21:22:Infinity":1,"f:8:21:8:28":0,"b:9:2:11:Infinity:undefined:undefined:undefined:undefined":0,"s:9:2:11:Infinity":2,"s:10:4:10:Infinity":3,"s:13:2:21:Infinity":4,"s:14:23:14:Infinity":5,"f:14:64:14:Infinity":1,"s:14:64:14:Infinity":6,"s:15:17:15:Infinity":7,"b:15:17:15:39:15:39:15:Infinity":1,"s:16:4:16:Infinity":8,"f:16:33:16:34":2,"s:16:48:16:63":9,"s:17:4:17:Infinity":10,"s:19:4:19:Infinity":11,"s:20:4:20:Infinity":12,"s:29:27:37:Infinity":13,"f:29:27:29:34":3,"s:30:20:30:Infinity":14,"s:31:17:31:Infinity":15,"b:33:2:33:Infinity:undefined:undefined:undefined:undefined":2,"s:33:2:33:Infinity":16,"b:33:6:33:20:33:20:33:33":3,"s:33:33:33:Infinity":17,"s:35:15:35:Infinity":18,"s:36:2:36:Infinity":19}}}
,"C:\\Users\\extfoyn\\source\\repos\\better-play-ERNI\\frontend\\src\\types\\challenge.ts": {"path":"C:\\Users\\extfoyn\\source\\repos\\better-play-ERNI\\frontend\\src\\types\\challenge.ts","statementMap":{"0":{"start":{"line":43,"column":34},"end":{"line":51,"column":null}},"1":{"start":{"line":44,"column":4},"end":{"line":44,"column":null}},"2":{"start":{"line":44,"column":40},"end":{"line":44,"column":null}},"3":{"start":{"line":45,"column":4},"end":{"line":45,"column":null}},"4":{"start":{"line":45,"column":31},"end":{"line":45,"column":null}},"5":{"start":{"line":47,"column":16},"end":{"line":47,"column":null}},"6":{"start":{"line":48,"column":20},"end":{"line":48,"column":null}},"7":{"start":{"line":50,"column":4},"end":{"line":50,"column":null}},"8":{"start":{"line":54,"column":35},"end":{"line":71,"column":null}},"9":{"start":{"line":55,"column":16},"end":{"line":55,"column":null}},"10":{"start":{"line":56,"column":20},"end":{"line":56,"column":null}},"11":{"start":{"line":57,"column":19},"end":{"line":57,"column":null}},"12":{"start":{"line":59,"column":4},"end":{"line":59,"column":null}},"13":{"start":{"line":59,"column":21},"end":{"line":59,"column":null}},"14":{"start":{"line":61,"column":22},"end":{"line":61,"column":null}},"15":{"start":{"line":62,"column":24},"end":{"line":62,"column":null}},"16":{"start":{"line":64,"column":4},"end":{"line":70,"column":null}},"17":{"start":{"line":65,"column":8},"end":{"line":65,"column":null}},"18":{"start":{"line":66,"column":4},"end":{"line":70,"column":null}},"19":{"start":{"line":67,"column":8},"end":{"line":67,"column":null}},"20":{"start":{"line":69,"column":8},"end":{"line":69,"column":null}},"21":{"start":{"line":74,"column":40},"end":{"line":124,"column":null}},"22":{"start":{"line":79,"column":4},"end":{"line":85,"column":null}},"23":{"start":{"line":80,"column":8},"end":{"line":84,"column":null}},"24":{"start":{"line":87,"column":16},"end":{"line":87,"column":null}},"25":{"start":{"line":88,"column":20},"end":{"line":88,"column":null}},"26":{"start":{"line":89,"column":19},"end":{"line":89,"column":null}},"27":{"start":{"line":91,"column":4},"end":{"line":97,"column":null}},"28":{"start":{"line":92,"column":8},"end":{"line":96,"column":null}},"29":{"start":{"line":99,"column":22},"end":{"line":99,"column":null}},"30":{"start":{"line":100,"column":24},"end":{"line":100,"column":null}},"31":{"start":{"line":105,"column":4},"end":{"line":117,"column":null}},"32":{"start":{"line":106,"column":8},"end":{"line":106,"column":null}},"33":{"start":{"line":107,"column":8},"end":{"line":107,"column":null}},"34":{"start":{"line":108,"column":4},"end":{"line":117,"column":null}},"35":{"start":{"line":109,"column":8},"end":{"line":109,"column":null}},"36":{"start":{"line":110,"column":8},"end":{"line":110,"column":null}},"37":{"start":{"line":111,"column":4},"end":{"line":117,"column":null}},"38":{"start":{"line":112,"column":8},"end":{"line":112,"column":null}},"39":{"start":{"line":113,"column":8},"end":{"line":113,"column":null}},"40":{"start":{"line":115,"column":8},"end":{"line":115,"column":null}},"41":{"start":{"line":116,"column":8},"end":{"line":116,"column":null}},"42":{"start":{"line":119,"column":4},"end":{"line":123,"column":null}},"43":{"start":{"line":127,"column":38},"end":{"line":164,"column":null}},"44":{"start":{"line":132,"column":4},"end":{"line":163,"column":null}},"45":{"start":{"line":134,"column":12},"end":{"line":138,"column":null}},"46":{"start":{"line":140,"column":12},"end":{"line":144,"column":null}},"47":{"start":{"line":146,"column":12},"end":{"line":150,"column":null}},"48":{"start":{"line":152,"column":12},"end":{"line":156,"column":null}},"49":{"start":{"line":158,"column":12},"end":{"line":162,"column":null}}},"fnMap":{"0":{"name":"(anonymous_0)","decl":{"start":{"line":43,"column":34},"end":{"line":43,"column":35}},"loc":{"start":{"line":43,"column":69},"end":{"line":51,"column":null}},"line":43},"1":{"name":"(anonymous_1)","decl":{"start":{"line":54,"column":35},"end":{"line":54,"column":36}},"loc":{"start":{"line":54,"column":66},"end":{"line":71,"column":null}},"line":54},"2":{"name":"(anonymous_2)","decl":{"start":{"line":74,"column":40},"end":{"line":74,"column":41}},"loc":{"start":{"line":78,"column":5},"end":{"line":124,"column":null}},"line":78},"3":{"name":"(anonymous_3)","decl":{"start":{"line":127,"column":38},"end":{"line":127,"column":39}},"loc":{"start":{"line":131,"column":5},"end":{"line":164,"column":null}},"line":131}},"branchMap":{"0":{"loc":{"start":{"line":44,"column":4},"end":{"line":44,"column":null}},"type":"if","locations":[{"start":{"line":44,"column":4},"end":{"line":44,"column":null}},{"start":{},"end":{}}],"line":44},"1":{"loc":{"start":{"line":45,"column":4},"end":{"line":45,"column":null}},"type":"if","locations":[{"start":{"line":45,"column":4},"end":{"line":45,"column":null}},{"start":{},"end":{}}],"line":45},"2":{"loc":{"start":{"line":59,"column":4},"end":{"line":59,"column":null}},"type":"if","locations":[{"start":{"line":59,"column":4},"end":{"line":59,"column":null}},{"start":{},"end":{}}],"line":59},"3":{"loc":{"start":{"line":64,"column":4},"end":{"line":70,"column":null}},"type":"if","locations":[{"start":{"line":64,"column":4},"end":{"line":70,"column":null}},{"start":{"line":66,"column":4},"end":{"line":70,"column":null}}],"line":64},"4":{"loc":{"start":{"line":66,"column":4},"end":{"line":70,"column":null}},"type":"if","locations":[{"start":{"line":66,"column":4},"end":{"line":70,"column":null}},{"start":{"line":68,"column":11},"end":{"line":70,"column":null}}],"line":66},"5":{"loc":{"start":{"line":79,"column":4},"end":{"line":85,"column":null}},"type":"if","locations":[{"start":{"line":79,"column":4},"end":{"line":85,"column":null}},{"start":{},"end":{}}],"line":79},"6":{"loc":{"start":{"line":79,"column":8},"end":{"line":79,"column":65}},"type":"binary-expr","locations":[{"start":{"line":79,"column":8},"end":{"line":79,"column":42}},{"start":{"line":79,"column":42},"end":{"line":79,"column":65}}],"line":79},"7":{"loc":{"start":{"line":91,"column":4},"end":{"line":97,"column":null}},"type":"if","locations":[{"start":{"line":91,"column":4},"end":{"line":97,"column":null}},{"start":{},"end":{}}],"line":91},"8":{"loc":{"start":{"line":105,"column":4},"end":{"line":117,"column":null}},"type":"if","locations":[{"start":{"line":105,"column":4},"end":{"line":117,"column":null}},{"start":{"line":108,"column":4},"end":{"line":117,"column":null}}],"line":105},"9":{"loc":{"start":{"line":108,"column":4},"end":{"line":117,"column":null}},"type":"if","locations":[{"start":{"line":108,"column":4},"end":{"line":117,"column":null}},{"start":{"line":111,"column":4},"end":{"line":117,"column":null}}],"line":108},"10":{"loc":{"start":{"line":111,"column":4},"end":{"line":117,"column":null}},"type":"if","locations":[{"start":{"line":111,"column":4},"end":{"line":117,"column":null}},{"start":{"line":114,"column":11},"end":{"line":117,"column":null}}],"line":111},"11":{"loc":{"start":{"line":132,"column":4},"end":{"line":163,"column":null}},"type":"switch","locations":[{"start":{"line":133,"column":8},"end":{"line":138,"column":null}},{"start":{"line":139,"column":8},"end":{"line":144,"column":null}},{"start":{"line":145,"column":8},"end":{"line":150,"column":null}},{"start":{"line":151,"column":8},"end":{"line":156,"column":null}},{"start":{"line":157,"column":8},"end":{"line":162,"column":null}}],"line":132}},"s":{"0":1,"1":0,"2":0,"3":0,"4":0,"5":0,"6":0,"7":0,"8":1,"9":0,"10":0,"11":0,"12":0,"13":0,"14":0,"15":0,"16":0,"17":0,"18":0,"19":0,"20":0,"21":1,"22":0,"23":0,"24":0,"25":0,"26":0,"27":0,"28":0,"29":0,"30":0,"31":0,"32":0,"33":0,"34":0,"35":0,"36":0,"37":0,"38":0,"39":0,"40":0,"41":0,"42":0,"43":1,"44":0,"45":0,"46":0,"47":0,"48":0,"49":0},"f":{"0":0,"1":0,"2":0,"3":0},"b":{"0":[0,0],"1":[0,0],"2":[0,0],"3":[0,0],"4":[0,0],"5":[0,0],"6":[0,0],"7":[0,0],"8":[0,0],"9":[0,0],"10":[0,0],"11":[0,0,0,0,0]},"meta":{"lastBranch":12,"lastFunction":4,"lastStatement":50,"seen":{"s:43:34:51:Infinity":0,"f:43:34:43:35":0,"b:44:4:44:Infinity:undefined:undefined:undefined:undefined":0,"s:44:4:44:Infinity":1,"s:44:40:44:Infinity":2,"b:45:4:45:Infinity:undefined:undefined:undefined:undefined":1,"s:45:4:45:Infinity":3,"s:45:31:45:Infinity":4,"s:47:16:47:Infinity":5,"s:48:20:48:Infinity":6,"s:50:4:50:Infinity":7,"s:54:35:71:Infinity":8,"f:54:35:54:36":1,"s:55:16:55:Infinity":9,"s:56:20:56:Infinity":10,"s:57:19:57:Infinity":11,"b:59:4:59:Infinity:undefined:undefined:undefined:undefined":2,"s:59:4:59:Infinity":12,"s:59:21:59:Infinity":13,"s:61:22:61:Infinity":14,"s:62:24:62:Infinity":15,"b:64:4:70:Infinity:66:4:70:Infinity":3,"s:64:4:70:Infinity":16,"s:65:8:65:Infinity":17,"b:66:4:70:Infinity:68:11:70:Infinity":4,"s:66:4:70:Infinity":18,"s:67:8:67:Infinity":19,"s:69:8:69:Infinity":20,"s:74:40:124:Infinity":21,"f:74:40:74:41":2,"b:79:4:85:Infinity:undefined:undefined:undefined:undefined":5,"s:79:4:85:Infinity":22,"b:79:8:79:42:79:42:79:65":6,"s:80:8:84:Infinity":23,"s:87:16:87:Infinity":24,"s:88:20:88:Infinity":25,"s:89:19:89:Infinity":26,"b:91:4:97:Infinity:undefined:undefined:undefined:undefined":7,"s:91:4:97:Infinity":27,"s:92:8:96:Infinity":28,"s:99:22:99:Infinity":29,"s:100:24:100:Infinity":30,"b:105:4:117:Infinity:108:4:117:Infinity":8,"s:105:4:117:Infinity":31,"s:106:8:106:Infinity":32,"s:107:8:107:Infinity":33,"b:108:4:117:Infinity:111:4:117:Infinity":9,"s:108:4:117:Infinity":34,"s:109:8:109:Infinity":35,"s:110:8:110:Infinity":36,"b:111:4:117:Infinity:114:11:117:Infinity":10,"s:111:4:117:Infinity":37,"s:112:8:112:Infinity":38,"s:113:8:113:Infinity":39,"s:115:8:115:Infinity":40,"s:116:8:116:Infinity":41,"s:119:4:123:Infinity":42,"s:127:38:164:Infinity":43,"f:127:38:127:39":3,"b:133:8:138:Infinity:139:8:144:Infinity:145:8:150:Infinity:151:8:156:Infinity:157:8:162:Infinity":11,"s:132:4:163:Infinity":44,"s:134:12:138:Infinity":45,"s:140:12:144:Infinity":46,"s:146:12:150:Infinity":47,"s:152:12:156:Infinity":48,"s:158:12:162:Infinity":49}}}
,"C:\\Users\\extfoyn\\source\\repos\\better-play-ERNI\\frontend\\src\\utils\\SpeedBonus.ts": {"path":"C:\\Users\\extfoyn\\source\\repos\\better-play-ERNI\\frontend\\src\\utils\\SpeedBonus.ts","statementMap":{"0":{"start":{"line":12,"column":2},"end":{"line":14,"column":null}},"1":{"start":{"line":13,"column":4},"end":{"line":13,"column":null}},"2":{"start":{"line":16,"column":20},"end":{"line":16,"column":null}},"3":{"start":{"line":18,"column":2},"end":{"line":28,"column":null}},"4":{"start":{"line":19,"column":4},"end":{"line":19,"column":null}},"5":{"start":{"line":20,"column":2},"end":{"line":28,"column":null}},"6":{"start":{"line":21,"column":4},"end":{"line":21,"column":null}},"7":{"start":{"line":22,"column":2},"end":{"line":28,"column":null}},"8":{"start":{"line":23,"column":4},"end":{"line":23,"column":null}},"9":{"start":{"line":24,"column":2},"end":{"line":28,"column":null}},"10":{"start":{"line":25,"column":4},"end":{"line":25,"column":null}},"11":{"start":{"line":27,"column":4},"end":{"line":27,"column":null}}},"fnMap":{"0":{"name":"calculateSpeedBonus","decl":{"start":{"line":8,"column":16},"end":{"line":8,"column":null}},"loc":{"start":{"line":11,"column":10},"end":{"line":29,"column":null}},"line":11}},"branchMap":{"0":{"loc":{"start":{"line":12,"column":2},"end":{"line":14,"column":null}},"type":"if","locations":[{"start":{"line":12,"column":2},"end":{"line":14,"column":null}},{"start":{},"end":{}}],"line":12},"1":{"loc":{"start":{"line":12,"column":6},"end":{"line":12,"column":41}},"type":"binary-expr","locations":[{"start":{"line":12,"column":6},"end":{"line":12,"column":24}},{"start":{"line":12,"column":24},"end":{"line":12,"column":41}}],"line":12},"2":{"loc":{"start":{"line":18,"column":2},"end":{"line":28,"column":null}},"type":"if","locations":[{"start":{"line":18,"column":2},"end":{"line":28,"column":null}},{"start":{"line":20,"column":2},"end":{"line":28,"column":null}}],"line":18},"3":{"loc":{"start":{"line":20,"column":2},"end":{"line":28,"column":null}},"type":"if","locations":[{"start":{"line":20,"column":2},"end":{"line":28,"column":null}},{"start":{"line":22,"column":2},"end":{"line":28,"column":null}}],"line":20},"4":{"loc":{"start":{"line":22,"column":2},"end":{"line":28,"column":null}},"type":"if","locations":[{"start":{"line":22,"column":2},"end":{"line":28,"column":null}},{"start":{"line":24,"column":2},"end":{"line":28,"column":null}}],"line":22},"5":{"loc":{"start":{"line":24,"column":2},"end":{"line":28,"column":null}},"type":"if","locations":[{"start":{"line":24,"column":2},"end":{"line":28,"column":null}},{"start":{"line":26,"column":9},"end":{"line":28,"column":null}}],"line":24}},"s":{"0":53,"1":1,"2":52,"3":52,"4":50,"5":2,"6":1,"7":1,"8":0,"9":1,"10":0,"11":1},"f":{"0":53},"b":{"0":[1,52],"1":[53,52],"2":[50,2],"3":[1,1],"4":[0,1],"5":[0,1]},"meta":{"lastBranch":6,"lastFunction":1,"lastStatement":12,"seen":{"f:8:16:8:Infinity":0,"b:12:2:14:Infinity:undefined:undefined:undefined:undefined":0,"s:12:2:14:Infinity":0,"b:12:6:12:24:12:24:12:41":1,"s:13:4:13:Infinity":1,"s:16:20:16:Infinity":2,"b:18:2:28:Infinity:20:2:28:Infinity":2,"s:18:2:28:Infinity":3,"s:19:4:19:Infinity":4,"b:20:2:28:Infinity:22:2:28:Infinity":3,"s:20:2:28:Infinity":5,"s:21:4:21:Infinity":6,"b:22:2:28:Infinity:24:2:28:Infinity":4,"s:22:2:28:Infinity":7,"s:23:4:23:Infinity":8,"b:24:2:28:Infinity:26:9:28:Infinity":5,"s:24:2:28:Infinity":9,"s:25:4:25:Infinity":10,"s:27:4:27:Infinity":11}}}
,"C:\\Users\\extfoyn\\source\\repos\\better-play-ERNI\\frontend\\src\\utils\\timeFormat.ts": {"path":"C:\\Users\\extfoyn\\source\\repos\\better-play-ERNI\\frontend\\src\\utils\\timeFormat.ts","statementMap":{"0":{"start":{"line":3,"column":14},"end":{"line":3,"column":null}},"1":{"start":{"line":4,"column":15},"end":{"line":4,"column":null}},"2":{"start":{"line":5,"column":17},"end":{"line":5,"column":null}},"3":{"start":{"line":6,"column":22},"end":{"line":6,"column":null}},"4":{"start":{"line":7,"column":20},"end":{"line":7,"column":null}},"5":{"start":{"line":8,"column":19},"end":{"line":8,"column":null}},"6":{"start":{"line":11,"column":2},"end":{"line":13,"column":null}},"7":{"start":{"line":12,"column":4},"end":{"line":12,"column":null}},"8":{"start":{"line":16,"column":2},"end":{"line":18,"column":null}},"9":{"start":{"line":17,"column":4},"end":{"line":17,"column":null}},"10":{"start":{"line":21,"column":2},"end":{"line":23,"column":null}},"11":{"start":{"line":22,"column":4},"end":{"line":22,"column":null}},"12":{"start":{"line":26,"column":2},"end":{"line":28,"column":null}},"13":{"start":{"line":27,"column":4},"end":{"line":27,"column":null}},"14":{"start":{"line":31,"column":2},"end":{"line":33,"column":null}},"15":{"start":{"line":32,"column":4},"end":{"line":32,"column":null}},"16":{"start":{"line":36,"column":2},"end":{"line":40,"column":null}}},"fnMap":{"0":{"name":"formatTimeAgo","decl":{"start":{"line":2,"column":16},"end":{"line":2,"column":30}},"loc":{"start":{"line":2,"column":60},"end":{"line":41,"column":null}},"line":2}},"branchMap":{"0":{"loc":{"start":{"line":11,"column":2},"end":{"line":13,"column":null}},"type":"if","locations":[{"start":{"line":11,"column":2},"end":{"line":13,"column":null}},{"start":{},"end":{}}],"line":11},"1":{"loc":{"start":{"line":16,"column":2},"end":{"line":18,"column":null}},"type":"if","locations":[{"start":{"line":16,"column":2},"end":{"line":18,"column":null}},{"start":{},"end":{}}],"line":16},"2":{"loc":{"start":{"line":17,"column":11},"end":{"line":17,"column":null}},"type":"cond-expr","locations":[{"start":{"line":17,"column":31},"end":{"line":17,"column":48}},{"start":{"line":17,"column":48},"end":{"line":17,"column":null}}],"line":17},"3":{"loc":{"start":{"line":21,"column":2},"end":{"line":23,"column":null}},"type":"if","locations":[{"start":{"line":21,"column":2},"end":{"line":23,"column":null}},{"start":{},"end":{}}],"line":21},"4":{"loc":{"start":{"line":22,"column":11},"end":{"line":22,"column":null}},"type":"cond-expr","locations":[{"start":{"line":22,"column":29},"end":{"line":22,"column":44}},{"start":{"line":22,"column":44},"end":{"line":22,"column":null}}],"line":22},"5":{"loc":{"start":{"line":26,"column":2},"end":{"line":28,"column":null}},"type":"if","locations":[{"start":{"line":26,"column":2},"end":{"line":28,"column":null}},{"start":{},"end":{}}],"line":26},"6":{"loc":{"start":{"line":31,"column":2},"end":{"line":33,"column":null}},"type":"if","locations":[{"start":{"line":31,"column":2},"end":{"line":33,"column":null}},{"start":{},"end":{}}],"line":31},"7":{"loc":{"start":{"line":39,"column":10},"end":{"line":39,"column":null}},"type":"cond-expr","locations":[{"start":{"line":39,"column":53},"end":{"line":39,"column":65}},{"start":{"line":39,"column":65},"end":{"line":39,"column":null}}],"line":39}},"s":{"0":4,"1":4,"2":4,"3":4,"4":4,"5":4,"6":4,"7":0,"8":4,"9":0,"10":4,"11":0,"12":4,"13":0,"14":4,"15":0,"16":4},"f":{"0":4},"b":{"0":[0,4],"1":[0,4],"2":[0,0],"3":[0,4],"4":[0,0],"5":[0,4],"6":[0,4],"7":[4,0]},"meta":{"lastBranch":8,"lastFunction":1,"lastStatement":17,"seen":{"f:2:16:2:30":0,"s:3:14:3:Infinity":0,"s:4:15:4:Infinity":1,"s:5:17:5:Infinity":2,"s:6:22:6:Infinity":3,"s:7:20:7:Infinity":4,"s:8:19:8:Infinity":5,"b:11:2:13:Infinity:undefined:undefined:undefined:undefined":0,"s:11:2:13:Infinity":6,"s:12:4:12:Infinity":7,"b:16:2:18:Infinity:undefined:undefined:undefined:undefined":1,"s:16:2:18:Infinity":8,"s:17:4:17:Infinity":9,"b:17:31:17:48:17:48:17:Infinity":2,"b:21:2:23:Infinity:undefined:undefined:undefined:undefined":3,"s:21:2:23:Infinity":10,"s:22:4:22:Infinity":11,"b:22:29:22:44:22:44:22:Infinity":4,"b:26:2:28:Infinity:undefined:undefined:undefined:undefined":5,"s:26:2:28:Infinity":12,"s:27:4:27:Infinity":13,"b:31:2:33:Infinity:undefined:undefined:undefined:undefined":6,"s:31:2:33:Infinity":14,"s:32:4:32:Infinity":15,"s:36:2:40:Infinity":16,"b:39:53:39:65:39:65:39:Infinity":7}}}
}
